2017-09-09 13:19:19 trace :
------------
String:
<xml><ToUserName><![CDATA[gh_60e7194e99e7]]></ToUserName>
<FromUserName><![CDATA[okBFJ1tXrdSb_ev9Mm41SqQJkXCs]]></FromUserName>
<CreateTime>1504934358</CreateTime>
<MsgType><![CDATA[event]]></MsgType>
<Event><![CDATA[subscribe]]></Event>
<EventKey><![CDATA[]]></EventKey>
</xml>

2017-09-09 13:19:19 params :
------------
Array:
message : Array ;
module : basic ;
rule : 23 ;
priority : 0 ;
keyword : Array ;

2017-09-09 13:19:19 response :
------------
Array:
FromUserName : gh_60e7194e99e7 ;
ToUserName : okBFJ1tXrdSb_ev9Mm41SqQJkXCs ;
MsgType : text ;
Content : 感谢您关注珠玉私房烘焙。/呲牙我们秉承着“无添加，健康”的信念，将每一份甜美带给您。 ;

2017-09-09 13:20:21 trace :
------------
String:
<xml><ToUserName><![CDATA[gh_60e7194e99e7]]></ToUserName>
<FromUserName><![CDATA[okBFJ1tXrdSb_ev9Mm41SqQJkXCs]]></FromUserName>
<CreateTime>1504934421</CreateTime>
<MsgType><![CDATA[event]]></MsgType>
<Event><![CDATA[CLICK]]></Event>
<EventKey><![CDATA[关于我们]]></EventKey>
</xml>

2017-09-09 13:20:21 params :
------------
Array:
message : Array ;
module : basic ;
rule : 22 ;
priority : 0 ;
keyword : Array ;

2017-09-09 13:20:21 response :
------------
Array:
FromUserName : gh_60e7194e99e7 ;
ToUserName : okBFJ1tXrdSb_ev9Mm41SqQJkXCs ;
MsgType : text ;
Content : 感谢您关注珠玉私房烘焙。/呲牙我们秉承着“无添加，健康”的信念，将每一份甜美带给您。 ;

2017-09-09 13:20:23 trace :
------------
String:
<xml><ToUserName><![CDATA[gh_60e7194e99e7]]></ToUserName>
<FromUserName><![CDATA[okBFJ1tXrdSb_ev9Mm41SqQJkXCs]]></FromUserName>
<CreateTime>1504934423</CreateTime>
<MsgType><![CDATA[event]]></MsgType>
<Event><![CDATA[VIEW]]></Event>
<EventKey><![CDATA[http://zhuyu.baimuv.com/app/index.php?i=34&c=entry&do=shop&m=ewei_shop&wxref=mp.weixin.qq.com#wechat_redirect]]></EventKey>
<MenuId>441526356</MenuId>
</xml>

2017-09-09 13:20:23 params :
------------
Array:
message : Array ;
module : basic ;
rule : 24 ;
priority : 0 ;
keyword : Array ;

2017-09-09 13:20:23 response :
------------
Array:
FromUserName : gh_60e7194e99e7 ;
ToUserName : okBFJ1tXrdSb_ev9Mm41SqQJkXCs ;
MsgType : text ;
Content : 查看订购商品请点击下方立即订购/可爱 ;

2017-09-09 13:28:31 trace :
------------
String:
<xml><ToUserName><![CDATA[gh_60e7194e99e7]]></ToUserName>
<FromUserName><![CDATA[okBFJ1tXrdSb_ev9Mm41SqQJkXCs]]></FromUserName>
<CreateTime>1504934911</CreateTime>
<MsgType><![CDATA[event]]></MsgType>
<Event><![CDATA[VIEW]]></Event>
<EventKey><![CDATA[http://zhuyu.baimuv.com/app/index.php?i=34&c=entry&do=shop&m=ewei_shop&wxref=mp.weixin.qq.com#wechat_redirect]]></EventKey>
<MenuId>441526356</MenuId>
</xml>

2017-09-09 13:28:31 params :
------------
Array:
message : Array ;
module : basic ;
rule : 24 ;
priority : 0 ;
keyword : Array ;

2017-09-09 13:28:31 response :
------------
Array:
FromUserName : gh_60e7194e99e7 ;
ToUserName : okBFJ1tXrdSb_ev9Mm41SqQJkXCs ;
MsgType : text ;
Content : 查看订购商品请点击下方立即订购/可爱 ;

