2017-07-11 09:30:07 trace :
------------
String:
<xml><ToUserName><![CDATA[gh_60e7194e99e7]]></ToUserName>
<FromUserName><![CDATA[okBFJ1r6giZaeJk4mHwcOi2gMyi0]]></FromUserName>
<CreateTime>1499736607</CreateTime>
<MsgType><![CDATA[text]]></MsgType>
<Content><![CDATA[商城]]></Content>
<MsgId>6441319680120098575</MsgId>
</xml>

2017-07-11 09:30:07 params :
------------
Array:
message : Array ;
module : cover ;
rule : 12 ;
priority : 0 ;
keyword : Array ;

2017-07-11 09:30:07 response :
------------
Array:
FromUserName : gh_60e7194e99e7 ;
ToUserName : okBFJ1r6giZaeJk4mHwcOi2gMyi0 ;
MsgType : news ;
ArticleCount : 1 ;
Articles : Array ;

