2017-10-10 15:40:19 trace :
------------
String:
<xml><ToUserName><![CDATA[gh_60e7194e99e7]]></ToUserName>
<FromUserName><![CDATA[okBFJ1s8PyPJ4l8BmhIOXmPPJU-A]]></FromUserName>
<CreateTime>1507621219</CreateTime>
<MsgType><![CDATA[event]]></MsgType>
<Event><![CDATA[subscribe]]></Event>
<EventKey><![CDATA[]]></EventKey>
</xml>

2017-10-10 15:40:20 params :
------------
Array:
message : Array ;
module : basic ;
rule : 23 ;
priority : 0 ;
keyword : Array ;

2017-10-10 15:40:20 response :
------------
Array:
FromUserName : gh_60e7194e99e7 ;
ToUserName : okBFJ1s8PyPJ4l8BmhIOXmPPJU-A ;
MsgType : text ;
Content : 感谢您关注珠玉私房烘焙。/呲牙我们秉承着“无添加，健康”的信念，将每一份甜美带给您。 ;

2017-10-10 15:40:31 trace :
------------
String:
<xml><ToUserName><![CDATA[gh_60e7194e99e7]]></ToUserName>
<FromUserName><![CDATA[okBFJ1s8PyPJ4l8BmhIOXmPPJU-A]]></FromUserName>
<CreateTime>1507621231</CreateTime>
<MsgType><![CDATA[event]]></MsgType>
<Event><![CDATA[VIEW]]></Event>
<EventKey><![CDATA[http://zhuyu.baimuv.com/app/index.php?i=34&c=entry&do=member&m=ewei_shop]]></EventKey>
<MenuId>441526356</MenuId>
</xml>

2017-10-10 15:40:31 params :
------------
Array:
message : Array ;
module : basic ;
rule : 24 ;
priority : 0 ;
keyword : Array ;

2017-10-10 15:40:31 response :
------------
Array:
FromUserName : gh_60e7194e99e7 ;
ToUserName : okBFJ1s8PyPJ4l8BmhIOXmPPJU-A ;
MsgType : text ;
Content : 查看订购商品请点击下方立即订购/可爱 ;

2017-10-10 15:40:32 trace :
------------
String:
<xml><ToUserName><![CDATA[gh_60e7194e99e7]]></ToUserName>
<FromUserName><![CDATA[okBFJ1s8PyPJ4l8BmhIOXmPPJU-A]]></FromUserName>
<CreateTime>1507621232</CreateTime>
<MsgType><![CDATA[event]]></MsgType>
<Event><![CDATA[CLICK]]></Event>
<EventKey><![CDATA[关于我们]]></EventKey>
</xml>

2017-10-10 15:40:32 params :
------------
Array:
message : Array ;
module : basic ;
rule : 22 ;
priority : 0 ;
keyword : Array ;

2017-10-10 15:40:32 response :
------------
Array:
FromUserName : gh_60e7194e99e7 ;
ToUserName : okBFJ1s8PyPJ4l8BmhIOXmPPJU-A ;
MsgType : text ;
Content : 感谢您关注珠玉私房烘焙。/呲牙我们秉承着“无添加，健康”的信念，将每一份甜美带给您。 ;

2017-10-10 15:41:08 trace :
------------
String:
<xml><ToUserName><![CDATA[gh_60e7194e99e7]]></ToUserName>
<FromUserName><![CDATA[okBFJ1s8PyPJ4l8BmhIOXmPPJU-A]]></FromUserName>
<CreateTime>1507621268</CreateTime>
<MsgType><![CDATA[event]]></MsgType>
<Event><![CDATA[CLICK]]></Event>
<EventKey><![CDATA[关于我们]]></EventKey>
</xml>

2017-10-10 15:41:08 params :
------------
Array:
message : Array ;
module : basic ;
rule : 22 ;
priority : 0 ;
keyword : Array ;

2017-10-10 15:41:08 response :
------------
Array:
FromUserName : gh_60e7194e99e7 ;
ToUserName : okBFJ1s8PyPJ4l8BmhIOXmPPJU-A ;
MsgType : text ;
Content : 感谢您关注珠玉私房烘焙。/呲牙我们秉承着“无添加，健康”的信念，将每一份甜美带给您。 ;

2017-10-10 15:41:10 trace :
------------
String:
<xml><ToUserName><![CDATA[gh_60e7194e99e7]]></ToUserName>
<FromUserName><![CDATA[okBFJ1s8PyPJ4l8BmhIOXmPPJU-A]]></FromUserName>
<CreateTime>1507621270</CreateTime>
<MsgType><![CDATA[event]]></MsgType>
<Event><![CDATA[VIEW]]></Event>
<EventKey><![CDATA[http://zhuyu.baimuv.com/app/index.php?i=34&c=entry&do=shop&m=ewei_shop&wxref=mp.weixin.qq.com#wechat_redirect]]></EventKey>
<MenuId>441526356</MenuId>
</xml>

2017-10-10 15:41:10 params :
------------
Array:
message : Array ;
module : basic ;
rule : 24 ;
priority : 0 ;
keyword : Array ;

2017-10-10 15:41:10 response :
------------
Array:
FromUserName : gh_60e7194e99e7 ;
ToUserName : okBFJ1s8PyPJ4l8BmhIOXmPPJU-A ;
MsgType : text ;
Content : 查看订购商品请点击下方立即订购/可爱 ;

2017-10-10 15:48:29 trace :
------------
String:
<xml><ToUserName><![CDATA[gh_60e7194e99e7]]></ToUserName>
<FromUserName><![CDATA[okBFJ1s8PyPJ4l8BmhIOXmPPJU-A]]></FromUserName>
<CreateTime>1507621708</CreateTime>
<MsgType><![CDATA[event]]></MsgType>
<Event><![CDATA[VIEW]]></Event>
<EventKey><![CDATA[http://zhuyu.baimuv.com/app/index.php?i=34&c=entry&do=shop&m=ewei_shop&wxref=mp.weixin.qq.com#wechat_redirect]]></EventKey>
<MenuId>441526356</MenuId>
</xml>

2017-10-10 15:48:29 params :
------------
Array:
message : Array ;
module : basic ;
rule : 24 ;
priority : 0 ;
keyword : Array ;

2017-10-10 15:48:29 response :
------------
Array:
FromUserName : gh_60e7194e99e7 ;
ToUserName : okBFJ1s8PyPJ4l8BmhIOXmPPJU-A ;
MsgType : text ;
Content : 查看订购商品请点击下方立即订购/可爱 ;

2017-10-10 15:49:44 trace :
------------
String:
<xml><ToUserName><![CDATA[gh_60e7194e99e7]]></ToUserName>
<FromUserName><![CDATA[okBFJ1s8PyPJ4l8BmhIOXmPPJU-A]]></FromUserName>
<CreateTime>1507621784</CreateTime>
<MsgType><![CDATA[event]]></MsgType>
<Event><![CDATA[VIEW]]></Event>
<EventKey><![CDATA[http://zhuyu.baimuv.com/app/index.php?i=34&c=entry&do=shop&m=ewei_shop&wxref=mp.weixin.qq.com#wechat_redirect]]></EventKey>
<MenuId>441526356</MenuId>
</xml>

2017-10-10 15:49:44 params :
------------
Array:
message : Array ;
module : basic ;
rule : 24 ;
priority : 0 ;
keyword : Array ;

2017-10-10 15:49:44 response :
------------
Array:
FromUserName : gh_60e7194e99e7 ;
ToUserName : okBFJ1s8PyPJ4l8BmhIOXmPPJU-A ;
MsgType : text ;
Content : 查看订购商品请点击下方立即订购/可爱 ;

2017-10-10 16:20:53 trace :
------------
String:
<xml><ToUserName><![CDATA[gh_60e7194e99e7]]></ToUserName>
<FromUserName><![CDATA[okBFJ1v0Dbvb42-pe_M08nDTEkqI]]></FromUserName>
<CreateTime>1507623653</CreateTime>
<MsgType><![CDATA[event]]></MsgType>
<Event><![CDATA[subscribe]]></Event>
<EventKey><![CDATA[]]></EventKey>
</xml>

2017-10-10 16:20:53 params :
------------
Array:
message : Array ;
module : basic ;
rule : 23 ;
priority : 0 ;
keyword : Array ;

2017-10-10 16:20:53 response :
------------
Array:
FromUserName : gh_60e7194e99e7 ;
ToUserName : okBFJ1v0Dbvb42-pe_M08nDTEkqI ;
MsgType : text ;
Content : 感谢您关注珠玉私房烘焙。/呲牙我们秉承着“无添加，健康”的信念，将每一份甜美带给您。 ;

2017-10-10 16:20:59 trace :
------------
String:
<xml><ToUserName><![CDATA[gh_60e7194e99e7]]></ToUserName>
<FromUserName><![CDATA[okBFJ1v0Dbvb42-pe_M08nDTEkqI]]></FromUserName>
<CreateTime>1507623659</CreateTime>
<MsgType><![CDATA[event]]></MsgType>
<Event><![CDATA[VIEW]]></Event>
<EventKey><![CDATA[http://zhuyu.baimuv.com/app/index.php?i=34&c=entry&do=shop&m=ewei_shop&wxref=mp.weixin.qq.com#wechat_redirect]]></EventKey>
<MenuId>441526356</MenuId>
</xml>

2017-10-10 16:20:59 params :
------------
Array:
message : Array ;
module : basic ;
rule : 24 ;
priority : 0 ;
keyword : Array ;

2017-10-10 16:20:59 response :
------------
Array:
FromUserName : gh_60e7194e99e7 ;
ToUserName : okBFJ1v0Dbvb42-pe_M08nDTEkqI ;
MsgType : text ;
Content : 查看订购商品请点击下方立即订购/可爱 ;

2017-10-10 16:22:31 trace :
------------
String:
<xml><ToUserName><![CDATA[gh_60e7194e99e7]]></ToUserName>
<FromUserName><![CDATA[okBFJ1v0Dbvb42-pe_M08nDTEkqI]]></FromUserName>
<CreateTime>1507623751</CreateTime>
<MsgType><![CDATA[event]]></MsgType>
<Event><![CDATA[VIEW]]></Event>
<EventKey><![CDATA[http://zhuyu.baimuv.com/app/index.php?i=34&c=entry&do=shop&m=ewei_shop&wxref=mp.weixin.qq.com#wechat_redirect]]></EventKey>
<MenuId>441526356</MenuId>
</xml>

2017-10-10 16:22:31 params :
------------
Array:
message : Array ;
module : basic ;
rule : 24 ;
priority : 0 ;
keyword : Array ;

2017-10-10 16:22:31 response :
------------
Array:
FromUserName : gh_60e7194e99e7 ;
ToUserName : okBFJ1v0Dbvb42-pe_M08nDTEkqI ;
MsgType : text ;
Content : 查看订购商品请点击下方立即订购/可爱 ;

2017-10-10 16:24:18 trace :
------------
String:
<xml><ToUserName><![CDATA[gh_60e7194e99e7]]></ToUserName>
<FromUserName><![CDATA[okBFJ1v0Dbvb42-pe_M08nDTEkqI]]></FromUserName>
<CreateTime>1507623858</CreateTime>
<MsgType><![CDATA[event]]></MsgType>
<Event><![CDATA[VIEW]]></Event>
<EventKey><![CDATA[http://zhuyu.baimuv.com/app/index.php?i=34&c=entry&do=shop&m=ewei_shop&wxref=mp.weixin.qq.com#wechat_redirect]]></EventKey>
<MenuId>441526356</MenuId>
</xml>

2017-10-10 16:24:18 params :
------------
Array:
message : Array ;
module : basic ;
rule : 24 ;
priority : 0 ;
keyword : Array ;

2017-10-10 16:24:18 response :
------------
Array:
FromUserName : gh_60e7194e99e7 ;
ToUserName : okBFJ1v0Dbvb42-pe_M08nDTEkqI ;
MsgType : text ;
Content : 查看订购商品请点击下方立即订购/可爱 ;

2017-10-10 17:18:00 trace :
------------
String:
<xml><ToUserName><![CDATA[gh_60e7194e99e7]]></ToUserName>
<FromUserName><![CDATA[okBFJ1v0Dbvb42-pe_M08nDTEkqI]]></FromUserName>
<CreateTime>1507627079</CreateTime>
<MsgType><![CDATA[event]]></MsgType>
<Event><![CDATA[VIEW]]></Event>
<EventKey><![CDATA[http://zhuyu.baimuv.com/app/index.php?i=34&c=entry&do=shop&m=ewei_shop&wxref=mp.weixin.qq.com#wechat_redirect]]></EventKey>
<MenuId>441526356</MenuId>
</xml>

2017-10-10 17:18:00 params :
------------
Array:
message : Array ;
module : basic ;
rule : 24 ;
priority : 0 ;
keyword : Array ;

2017-10-10 17:18:00 response :
------------
Array:
FromUserName : gh_60e7194e99e7 ;
ToUserName : okBFJ1v0Dbvb42-pe_M08nDTEkqI ;
MsgType : text ;
Content : 查看订购商品请点击下方立即订购/可爱 ;

