2017-09-10 10:39:51 trace :
------------
String:
<xml><ToUserName><![CDATA[gh_60e7194e99e7]]></ToUserName>
<FromUserName><![CDATA[okBFJ1tKZ8r1OVVuhc_vRLj2Vl04]]></FromUserName>
<CreateTime>1505011191</CreateTime>
<MsgType><![CDATA[event]]></MsgType>
<Event><![CDATA[subscribe]]></Event>
<EventKey><![CDATA[]]></EventKey>
</xml>

2017-09-10 10:39:51 params :
------------
Array:
message : Array ;
module : basic ;
rule : 23 ;
priority : 0 ;
keyword : Array ;

2017-09-10 10:39:51 response :
------------
Array:
FromUserName : gh_60e7194e99e7 ;
ToUserName : okBFJ1tKZ8r1OVVuhc_vRLj2Vl04 ;
MsgType : text ;
Content : 感谢您关注珠玉私房烘焙。/呲牙我们秉承着“无添加，健康”的信念，将每一份甜美带给您。 ;

2017-09-10 10:40:02 trace :
------------
String:
<xml><ToUserName><![CDATA[gh_60e7194e99e7]]></ToUserName>
<FromUserName><![CDATA[okBFJ1tKZ8r1OVVuhc_vRLj2Vl04]]></FromUserName>
<CreateTime>1505011202</CreateTime>
<MsgType><![CDATA[event]]></MsgType>
<Event><![CDATA[VIEW]]></Event>
<EventKey><![CDATA[http://zhuyu.baimuv.com/app/index.php?i=34&c=entry&do=shop&m=ewei_shop&wxref=mp.weixin.qq.com#wechat_redirect]]></EventKey>
<MenuId>441526356</MenuId>
</xml>

2017-09-10 10:40:02 params :
------------
Array:
message : Array ;
module : basic ;
rule : 24 ;
priority : 0 ;
keyword : Array ;

2017-09-10 10:40:02 response :
------------
Array:
FromUserName : gh_60e7194e99e7 ;
ToUserName : okBFJ1tKZ8r1OVVuhc_vRLj2Vl04 ;
MsgType : text ;
Content : 查看订购商品请点击下方立即订购/可爱 ;

2017-09-10 13:17:31 trace :
------------
String:
<xml><ToUserName><![CDATA[gh_60e7194e99e7]]></ToUserName>
<FromUserName><![CDATA[okBFJ1qE2febw3lfox3L0uAkWltM]]></FromUserName>
<CreateTime>1505020650</CreateTime>
<MsgType><![CDATA[event]]></MsgType>
<Event><![CDATA[subscribe]]></Event>
<EventKey><![CDATA[]]></EventKey>
</xml>

2017-09-10 13:17:31 params :
------------
Array:
message : Array ;
module : basic ;
rule : 23 ;
priority : 0 ;
keyword : Array ;

2017-09-10 13:17:31 response :
------------
Array:
FromUserName : gh_60e7194e99e7 ;
ToUserName : okBFJ1qE2febw3lfox3L0uAkWltM ;
MsgType : text ;
Content : 感谢您关注珠玉私房烘焙。/呲牙我们秉承着“无添加，健康”的信念，将每一份甜美带给您。 ;

2017-09-10 13:47:05 trace :
------------
String:
<xml><ToUserName><![CDATA[gh_60e7194e99e7]]></ToUserName>
<FromUserName><![CDATA[okBFJ1qE2febw3lfox3L0uAkWltM]]></FromUserName>
<CreateTime>1505022425</CreateTime>
<MsgType><![CDATA[event]]></MsgType>
<Event><![CDATA[VIEW]]></Event>
<EventKey><![CDATA[http://zhuyu.baimuv.com/app/index.php?i=34&c=entry&do=shop&m=ewei_shop&wxref=mp.weixin.qq.com#wechat_redirect]]></EventKey>
<MenuId>441526356</MenuId>
</xml>

2017-09-10 13:47:05 params :
------------
Array:
message : Array ;
module : basic ;
rule : 24 ;
priority : 0 ;
keyword : Array ;

2017-09-10 13:47:05 response :
------------
Array:
FromUserName : gh_60e7194e99e7 ;
ToUserName : okBFJ1qE2febw3lfox3L0uAkWltM ;
MsgType : text ;
Content : 查看订购商品请点击下方立即订购/可爱 ;

2017-09-10 13:59:10 trace :
------------
String:
<xml><ToUserName><![CDATA[gh_60e7194e99e7]]></ToUserName>
<FromUserName><![CDATA[okBFJ1syvN3cgvOe8l2uC88kVDlU]]></FromUserName>
<CreateTime>1505023150</CreateTime>
<MsgType><![CDATA[event]]></MsgType>
<Event><![CDATA[subscribe]]></Event>
<EventKey><![CDATA[]]></EventKey>
</xml>

2017-09-10 13:59:10 params :
------------
Array:
message : Array ;
module : basic ;
rule : 23 ;
priority : 0 ;
keyword : Array ;

2017-09-10 13:59:10 response :
------------
Array:
FromUserName : gh_60e7194e99e7 ;
ToUserName : okBFJ1syvN3cgvOe8l2uC88kVDlU ;
MsgType : text ;
Content : 感谢您关注珠玉私房烘焙。/呲牙我们秉承着“无添加，健康”的信念，将每一份甜美带给您。 ;

2017-09-10 13:59:42 trace :
------------
String:
<xml><ToUserName><![CDATA[gh_60e7194e99e7]]></ToUserName>
<FromUserName><![CDATA[okBFJ1syvN3cgvOe8l2uC88kVDlU]]></FromUserName>
<CreateTime>1505023181</CreateTime>
<MsgType><![CDATA[event]]></MsgType>
<Event><![CDATA[CLICK]]></Event>
<EventKey><![CDATA[关于我们]]></EventKey>
</xml>

2017-09-10 13:59:42 params :
------------
Array:
message : Array ;
module : basic ;
rule : 22 ;
priority : 0 ;
keyword : Array ;

2017-09-10 13:59:42 response :
------------
Array:
FromUserName : gh_60e7194e99e7 ;
ToUserName : okBFJ1syvN3cgvOe8l2uC88kVDlU ;
MsgType : text ;
Content : 感谢您关注珠玉私房烘焙。/呲牙我们秉承着“无添加，健康”的信念，将每一份甜美带给您。 ;

2017-09-10 13:59:43 trace :
------------
String:
<xml><ToUserName><![CDATA[gh_60e7194e99e7]]></ToUserName>
<FromUserName><![CDATA[okBFJ1syvN3cgvOe8l2uC88kVDlU]]></FromUserName>
<CreateTime>1505023183</CreateTime>
<MsgType><![CDATA[event]]></MsgType>
<Event><![CDATA[VIEW]]></Event>
<EventKey><![CDATA[http://zhuyu.baimuv.com/app/index.php?i=34&c=entry&do=shop&m=ewei_shop&wxref=mp.weixin.qq.com#wechat_redirect]]></EventKey>
<MenuId>441526356</MenuId>
</xml>

2017-09-10 13:59:43 params :
------------
Array:
message : Array ;
module : basic ;
rule : 24 ;
priority : 0 ;
keyword : Array ;

2017-09-10 13:59:43 response :
------------
Array:
FromUserName : gh_60e7194e99e7 ;
ToUserName : okBFJ1syvN3cgvOe8l2uC88kVDlU ;
MsgType : text ;
Content : 查看订购商品请点击下方立即订购/可爱 ;

2017-09-10 14:03:18 trace :
------------
String:
<xml><ToUserName><![CDATA[gh_60e7194e99e7]]></ToUserName>
<FromUserName><![CDATA[okBFJ1syvN3cgvOe8l2uC88kVDlU]]></FromUserName>
<CreateTime>1505023398</CreateTime>
<MsgType><![CDATA[event]]></MsgType>
<Event><![CDATA[VIEW]]></Event>
<EventKey><![CDATA[http://zhuyu.baimuv.com/app/index.php?i=34&c=entry&do=shop&m=ewei_shop&wxref=mp.weixin.qq.com#wechat_redirect]]></EventKey>
<MenuId>441526356</MenuId>
</xml>

2017-09-10 14:03:18 params :
------------
Array:
message : Array ;
module : basic ;
rule : 24 ;
priority : 0 ;
keyword : Array ;

2017-09-10 14:03:18 response :
------------
Array:
FromUserName : gh_60e7194e99e7 ;
ToUserName : okBFJ1syvN3cgvOe8l2uC88kVDlU ;
MsgType : text ;
Content : 查看订购商品请点击下方立即订购/可爱 ;

2017-09-10 14:20:49 trace :
------------
String:
<xml><ToUserName><![CDATA[gh_60e7194e99e7]]></ToUserName>
<FromUserName><![CDATA[okBFJ1qE2febw3lfox3L0uAkWltM]]></FromUserName>
<CreateTime>1505024449</CreateTime>
<MsgType><![CDATA[event]]></MsgType>
<Event><![CDATA[VIEW]]></Event>
<EventKey><![CDATA[http://zhuyu.baimuv.com/app/index.php?i=34&c=entry&do=shop&m=ewei_shop&wxref=mp.weixin.qq.com#wechat_redirect]]></EventKey>
<MenuId>441526356</MenuId>
</xml>

2017-09-10 14:20:49 params :
------------
Array:
message : Array ;
module : basic ;
rule : 24 ;
priority : 0 ;
keyword : Array ;

2017-09-10 14:20:49 response :
------------
Array:
FromUserName : gh_60e7194e99e7 ;
ToUserName : okBFJ1qE2febw3lfox3L0uAkWltM ;
MsgType : text ;
Content : 查看订购商品请点击下方立即订购/可爱 ;

2017-09-10 14:49:47 trace :
------------
String:
<xml><ToUserName><![CDATA[gh_60e7194e99e7]]></ToUserName>
<FromUserName><![CDATA[okBFJ1qE2febw3lfox3L0uAkWltM]]></FromUserName>
<CreateTime>1505026187</CreateTime>
<MsgType><![CDATA[event]]></MsgType>
<Event><![CDATA[VIEW]]></Event>
<EventKey><![CDATA[http://zhuyu.baimuv.com/app/index.php?i=34&c=entry&do=member&m=ewei_shop]]></EventKey>
<MenuId>441526356</MenuId>
</xml>

2017-09-10 14:49:47 params :
------------
Array:
message : Array ;
module : basic ;
rule : 24 ;
priority : 0 ;
keyword : Array ;

2017-09-10 14:49:47 response :
------------
Array:
FromUserName : gh_60e7194e99e7 ;
ToUserName : okBFJ1qE2febw3lfox3L0uAkWltM ;
MsgType : text ;
Content : 查看订购商品请点击下方立即订购/可爱 ;

2017-09-10 16:23:29 trace :
------------
String:
<xml><ToUserName><![CDATA[gh_60e7194e99e7]]></ToUserName>
<FromUserName><![CDATA[okBFJ1syvN3cgvOe8l2uC88kVDlU]]></FromUserName>
<CreateTime>1505031809</CreateTime>
<MsgType><![CDATA[event]]></MsgType>
<Event><![CDATA[VIEW]]></Event>
<EventKey><![CDATA[http://zhuyu.baimuv.com/app/index.php?i=34&c=entry&do=shop&m=ewei_shop&wxref=mp.weixin.qq.com#wechat_redirect]]></EventKey>
<MenuId>441526356</MenuId>
</xml>

2017-09-10 16:23:29 params :
------------
Array:
message : Array ;
module : basic ;
rule : 24 ;
priority : 0 ;
keyword : Array ;

2017-09-10 16:23:29 response :
------------
Array:
FromUserName : gh_60e7194e99e7 ;
ToUserName : okBFJ1syvN3cgvOe8l2uC88kVDlU ;
MsgType : text ;
Content : 查看订购商品请点击下方立即订购/可爱 ;

2017-09-10 16:26:33 trace :
------------
String:
<xml><ToUserName><![CDATA[gh_60e7194e99e7]]></ToUserName>
<FromUserName><![CDATA[okBFJ1syvN3cgvOe8l2uC88kVDlU]]></FromUserName>
<CreateTime>1505031993</CreateTime>
<MsgType><![CDATA[event]]></MsgType>
<Event><![CDATA[VIEW]]></Event>
<EventKey><![CDATA[http://zhuyu.baimuv.com/app/index.php?i=34&c=entry&do=shop&m=ewei_shop&wxref=mp.weixin.qq.com#wechat_redirect]]></EventKey>
<MenuId>441526356</MenuId>
</xml>

2017-09-10 16:26:33 params :
------------
Array:
message : Array ;
module : basic ;
rule : 24 ;
priority : 0 ;
keyword : Array ;

2017-09-10 16:26:33 response :
------------
Array:
FromUserName : gh_60e7194e99e7 ;
ToUserName : okBFJ1syvN3cgvOe8l2uC88kVDlU ;
MsgType : text ;
Content : 查看订购商品请点击下方立即订购/可爱 ;

2017-09-10 18:06:17 trace :
------------
String:
<xml><ToUserName><![CDATA[gh_60e7194e99e7]]></ToUserName>
<FromUserName><![CDATA[okBFJ1jQEuTxAyQKEJiju7fIHkEY]]></FromUserName>
<CreateTime>1505037977</CreateTime>
<MsgType><![CDATA[event]]></MsgType>
<Event><![CDATA[subscribe]]></Event>
<EventKey><![CDATA[]]></EventKey>
</xml>

2017-09-10 18:06:17 params :
------------
Array:
message : Array ;
module : basic ;
rule : 23 ;
priority : 0 ;
keyword : Array ;

2017-09-10 18:06:17 response :
------------
Array:
FromUserName : gh_60e7194e99e7 ;
ToUserName : okBFJ1jQEuTxAyQKEJiju7fIHkEY ;
MsgType : text ;
Content : 感谢您关注珠玉私房烘焙。/呲牙我们秉承着“无添加，健康”的信念，将每一份甜美带给您。 ;

2017-09-10 18:06:22 trace :
------------
String:
<xml><ToUserName><![CDATA[gh_60e7194e99e7]]></ToUserName>
<FromUserName><![CDATA[okBFJ1jQEuTxAyQKEJiju7fIHkEY]]></FromUserName>
<CreateTime>1505037981</CreateTime>
<MsgType><![CDATA[event]]></MsgType>
<Event><![CDATA[VIEW]]></Event>
<EventKey><![CDATA[http://zhuyu.baimuv.com/app/index.php?i=34&c=entry&do=shop&m=ewei_shop&wxref=mp.weixin.qq.com#wechat_redirect]]></EventKey>
<MenuId>441526356</MenuId>
</xml>

2017-09-10 18:06:22 params :
------------
Array:
message : Array ;
module : basic ;
rule : 24 ;
priority : 0 ;
keyword : Array ;

2017-09-10 18:06:22 response :
------------
Array:
FromUserName : gh_60e7194e99e7 ;
ToUserName : okBFJ1jQEuTxAyQKEJiju7fIHkEY ;
MsgType : text ;
Content : 查看订购商品请点击下方立即订购/可爱 ;

2017-09-10 20:07:15 trace :
------------
String:
<xml><ToUserName><![CDATA[gh_60e7194e99e7]]></ToUserName>
<FromUserName><![CDATA[okBFJ1qE2febw3lfox3L0uAkWltM]]></FromUserName>
<CreateTime>1505045235</CreateTime>
<MsgType><![CDATA[event]]></MsgType>
<Event><![CDATA[VIEW]]></Event>
<EventKey><![CDATA[http://zhuyu.baimuv.com/app/index.php?i=34&c=entry&do=shop&m=ewei_shop&wxref=mp.weixin.qq.com#wechat_redirect]]></EventKey>
<MenuId>441526356</MenuId>
</xml>

2017-09-10 20:07:15 params :
------------
Array:
message : Array ;
module : basic ;
rule : 24 ;
priority : 0 ;
keyword : Array ;

2017-09-10 20:07:15 response :
------------
Array:
FromUserName : gh_60e7194e99e7 ;
ToUserName : okBFJ1qE2febw3lfox3L0uAkWltM ;
MsgType : text ;
Content : 查看订购商品请点击下方立即订购/可爱 ;

2017-09-10 23:55:16 trace :
------------
String:
<xml><ToUserName><![CDATA[gh_60e7194e99e7]]></ToUserName>
<FromUserName><![CDATA[okBFJ1kr_zfqY4esUDB0kKloKI-I]]></FromUserName>
<CreateTime>1505058916</CreateTime>
<MsgType><![CDATA[event]]></MsgType>
<Event><![CDATA[subscribe]]></Event>
<EventKey><![CDATA[]]></EventKey>
</xml>

2017-09-10 23:55:16 params :
------------
Array:
message : Array ;
module : basic ;
rule : 23 ;
priority : 0 ;
keyword : Array ;

2017-09-10 23:55:16 response :
------------
Array:
FromUserName : gh_60e7194e99e7 ;
ToUserName : okBFJ1kr_zfqY4esUDB0kKloKI-I ;
MsgType : text ;
Content : 感谢您关注珠玉私房烘焙。/呲牙我们秉承着“无添加，健康”的信念，将每一份甜美带给您。 ;

2017-09-10 23:55:21 trace :
------------
String:
<xml><ToUserName><![CDATA[gh_60e7194e99e7]]></ToUserName>
<FromUserName><![CDATA[okBFJ1kr_zfqY4esUDB0kKloKI-I]]></FromUserName>
<CreateTime>1505058921</CreateTime>
<MsgType><![CDATA[event]]></MsgType>
<Event><![CDATA[CLICK]]></Event>
<EventKey><![CDATA[关于我们]]></EventKey>
</xml>

2017-09-10 23:55:21 params :
------------
Array:
message : Array ;
module : basic ;
rule : 22 ;
priority : 0 ;
keyword : Array ;

2017-09-10 23:55:21 response :
------------
Array:
FromUserName : gh_60e7194e99e7 ;
ToUserName : okBFJ1kr_zfqY4esUDB0kKloKI-I ;
MsgType : text ;
Content : 感谢您关注珠玉私房烘焙。/呲牙我们秉承着“无添加，健康”的信念，将每一份甜美带给您。 ;

2017-09-10 23:55:23 trace :
------------
String:
<xml><ToUserName><![CDATA[gh_60e7194e99e7]]></ToUserName>
<FromUserName><![CDATA[okBFJ1kr_zfqY4esUDB0kKloKI-I]]></FromUserName>
<CreateTime>1505058923</CreateTime>
<MsgType><![CDATA[event]]></MsgType>
<Event><![CDATA[VIEW]]></Event>
<EventKey><![CDATA[http://zhuyu.baimuv.com/app/index.php?i=34&c=entry&do=shop&m=ewei_shop&wxref=mp.weixin.qq.com#wechat_redirect]]></EventKey>
<MenuId>441526356</MenuId>
</xml>

2017-09-10 23:55:23 params :
------------
Array:
message : Array ;
module : basic ;
rule : 24 ;
priority : 0 ;
keyword : Array ;

2017-09-10 23:55:23 response :
------------
Array:
FromUserName : gh_60e7194e99e7 ;
ToUserName : okBFJ1kr_zfqY4esUDB0kKloKI-I ;
MsgType : text ;
Content : 查看订购商品请点击下方立即订购/可爱 ;

2017-09-10 23:58:18 trace :
------------
String:
<xml><ToUserName><![CDATA[gh_60e7194e99e7]]></ToUserName>
<FromUserName><![CDATA[okBFJ1kr_zfqY4esUDB0kKloKI-I]]></FromUserName>
<CreateTime>1505059098</CreateTime>
<MsgType><![CDATA[event]]></MsgType>
<Event><![CDATA[VIEW]]></Event>
<EventKey><![CDATA[http://zhuyu.baimuv.com/app/index.php?i=34&c=entry&do=shop&m=ewei_shop&wxref=mp.weixin.qq.com#wechat_redirect]]></EventKey>
<MenuId>441526356</MenuId>
</xml>

2017-09-10 23:58:18 params :
------------
Array:
message : Array ;
module : basic ;
rule : 24 ;
priority : 0 ;
keyword : Array ;

2017-09-10 23:58:18 response :
------------
Array:
FromUserName : gh_60e7194e99e7 ;
ToUserName : okBFJ1kr_zfqY4esUDB0kKloKI-I ;
MsgType : text ;
Content : 查看订购商品请点击下方立即订购/可爱 ;

