2017-09-26 08:16:20 trace :
------------
String:
<xml><ToUserName><![CDATA[gh_60e7194e99e7]]></ToUserName>
<FromUserName><![CDATA[okBFJ1uSW4geBlOe-J6JOdQJYj_Q]]></FromUserName>
<CreateTime>1506384980</CreateTime>
<MsgType><![CDATA[event]]></MsgType>
<Event><![CDATA[subscribe]]></Event>
<EventKey><![CDATA[]]></EventKey>
</xml>

2017-09-26 08:16:20 params :
------------
Array:
message : Array ;
module : basic ;
rule : 23 ;
priority : 0 ;
keyword : Array ;

2017-09-26 08:16:20 response :
------------
Array:
FromUserName : gh_60e7194e99e7 ;
ToUserName : okBFJ1uSW4geBlOe-J6JOdQJYj_Q ;
MsgType : text ;
Content : 感谢您关注珠玉私房烘焙。/呲牙我们秉承着“无添加，健康”的信念，将每一份甜美带给您。 ;

2017-09-26 08:17:22 trace :
------------
String:
<xml><ToUserName><![CDATA[gh_60e7194e99e7]]></ToUserName>
<FromUserName><![CDATA[okBFJ1uSW4geBlOe-J6JOdQJYj_Q]]></FromUserName>
<CreateTime>1506385042</CreateTime>
<MsgType><![CDATA[event]]></MsgType>
<Event><![CDATA[VIEW]]></Event>
<EventKey><![CDATA[http://zhuyu.baimuv.com/app/index.php?i=34&c=entry&do=member&m=ewei_shop]]></EventKey>
<MenuId>441526356</MenuId>
</xml>

2017-09-26 08:17:22 params :
------------
Array:
message : Array ;
module : basic ;
rule : 24 ;
priority : 0 ;
keyword : Array ;

2017-09-26 08:17:22 response :
------------
Array:
FromUserName : gh_60e7194e99e7 ;
ToUserName : okBFJ1uSW4geBlOe-J6JOdQJYj_Q ;
MsgType : text ;
Content : 查看订购商品请点击下方立即订购/可爱 ;

2017-09-26 08:17:37 trace :
------------
String:
<xml><ToUserName><![CDATA[gh_60e7194e99e7]]></ToUserName>
<FromUserName><![CDATA[okBFJ1uSW4geBlOe-J6JOdQJYj_Q]]></FromUserName>
<CreateTime>1506385056</CreateTime>
<MsgType><![CDATA[event]]></MsgType>
<Event><![CDATA[CLICK]]></Event>
<EventKey><![CDATA[关于我们]]></EventKey>
</xml>

2017-09-26 08:17:37 params :
------------
Array:
message : Array ;
module : basic ;
rule : 22 ;
priority : 0 ;
keyword : Array ;

2017-09-26 08:17:37 response :
------------
Array:
FromUserName : gh_60e7194e99e7 ;
ToUserName : okBFJ1uSW4geBlOe-J6JOdQJYj_Q ;
MsgType : text ;
Content : 感谢您关注珠玉私房烘焙。/呲牙我们秉承着“无添加，健康”的信念，将每一份甜美带给您。 ;

2017-09-26 08:17:43 trace :
------------
String:
<xml><ToUserName><![CDATA[gh_60e7194e99e7]]></ToUserName>
<FromUserName><![CDATA[okBFJ1uSW4geBlOe-J6JOdQJYj_Q]]></FromUserName>
<CreateTime>1506385063</CreateTime>
<MsgType><![CDATA[event]]></MsgType>
<Event><![CDATA[VIEW]]></Event>
<EventKey><![CDATA[http://zhuyu.baimuv.com/app/index.php?i=34&c=entry&do=shop&m=ewei_shop&wxref=mp.weixin.qq.com#wechat_redirect]]></EventKey>
<MenuId>441526356</MenuId>
</xml>

2017-09-26 08:17:43 params :
------------
Array:
message : Array ;
module : basic ;
rule : 24 ;
priority : 0 ;
keyword : Array ;

2017-09-26 08:17:43 response :
------------
Array:
FromUserName : gh_60e7194e99e7 ;
ToUserName : okBFJ1uSW4geBlOe-J6JOdQJYj_Q ;
MsgType : text ;
Content : 查看订购商品请点击下方立即订购/可爱 ;

2017-09-26 08:19:46 trace :
------------
String:
<xml><ToUserName><![CDATA[gh_60e7194e99e7]]></ToUserName>
<FromUserName><![CDATA[okBFJ1uSW4geBlOe-J6JOdQJYj_Q]]></FromUserName>
<CreateTime>1506385186</CreateTime>
<MsgType><![CDATA[event]]></MsgType>
<Event><![CDATA[CLICK]]></Event>
<EventKey><![CDATA[关于我们]]></EventKey>
</xml>

2017-09-26 08:19:46 params :
------------
Array:
message : Array ;
module : basic ;
rule : 22 ;
priority : 0 ;
keyword : Array ;

2017-09-26 08:19:46 response :
------------
Array:
FromUserName : gh_60e7194e99e7 ;
ToUserName : okBFJ1uSW4geBlOe-J6JOdQJYj_Q ;
MsgType : text ;
Content : 感谢您关注珠玉私房烘焙。/呲牙我们秉承着“无添加，健康”的信念，将每一份甜美带给您。 ;

2017-09-26 08:19:49 trace :
------------
String:
<xml><ToUserName><![CDATA[gh_60e7194e99e7]]></ToUserName>
<FromUserName><![CDATA[okBFJ1uSW4geBlOe-J6JOdQJYj_Q]]></FromUserName>
<CreateTime>1506385189</CreateTime>
<MsgType><![CDATA[event]]></MsgType>
<Event><![CDATA[VIEW]]></Event>
<EventKey><![CDATA[http://zhuyu.baimuv.com/app/index.php?i=34&c=entry&do=shop&m=ewei_shop&wxref=mp.weixin.qq.com#wechat_redirect]]></EventKey>
<MenuId>441526356</MenuId>
</xml>

2017-09-26 08:19:49 params :
------------
Array:
message : Array ;
module : basic ;
rule : 24 ;
priority : 0 ;
keyword : Array ;

2017-09-26 08:19:49 response :
------------
Array:
FromUserName : gh_60e7194e99e7 ;
ToUserName : okBFJ1uSW4geBlOe-J6JOdQJYj_Q ;
MsgType : text ;
Content : 查看订购商品请点击下方立即订购/可爱 ;

2017-09-26 12:07:24 trace :
------------
String:
<xml><ToUserName><![CDATA[gh_60e7194e99e7]]></ToUserName>
<FromUserName><![CDATA[okBFJ1m5Uk01ld6nlReGJBXpcMKI]]></FromUserName>
<CreateTime>1506398844</CreateTime>
<MsgType><![CDATA[event]]></MsgType>
<Event><![CDATA[subscribe]]></Event>
<EventKey><![CDATA[]]></EventKey>
</xml>

2017-09-26 12:07:24 params :
------------
Array:
message : Array ;
module : basic ;
rule : 23 ;
priority : 0 ;
keyword : Array ;

2017-09-26 12:07:24 response :
------------
Array:
FromUserName : gh_60e7194e99e7 ;
ToUserName : okBFJ1m5Uk01ld6nlReGJBXpcMKI ;
MsgType : text ;
Content : 感谢您关注珠玉私房烘焙。/呲牙我们秉承着“无添加，健康”的信念，将每一份甜美带给您。 ;

2017-09-26 12:08:50 trace :
------------
String:
<xml><ToUserName><![CDATA[gh_60e7194e99e7]]></ToUserName>
<FromUserName><![CDATA[okBFJ1m5Uk01ld6nlReGJBXpcMKI]]></FromUserName>
<CreateTime>1506398930</CreateTime>
<MsgType><![CDATA[event]]></MsgType>
<Event><![CDATA[VIEW]]></Event>
<EventKey><![CDATA[http://zhuyu.baimuv.com/app/index.php?i=34&c=entry&do=shop&m=ewei_shop&wxref=mp.weixin.qq.com#wechat_redirect]]></EventKey>
<MenuId>441526356</MenuId>
</xml>

2017-09-26 12:08:50 params :
------------
Array:
message : Array ;
module : basic ;
rule : 24 ;
priority : 0 ;
keyword : Array ;

2017-09-26 12:08:50 response :
------------
Array:
FromUserName : gh_60e7194e99e7 ;
ToUserName : okBFJ1m5Uk01ld6nlReGJBXpcMKI ;
MsgType : text ;
Content : 查看订购商品请点击下方立即订购/可爱 ;

2017-09-26 12:09:53 trace :
------------
String:
<xml><ToUserName><![CDATA[gh_60e7194e99e7]]></ToUserName>
<FromUserName><![CDATA[okBFJ1m5Uk01ld6nlReGJBXpcMKI]]></FromUserName>
<CreateTime>1506398993</CreateTime>
<MsgType><![CDATA[event]]></MsgType>
<Event><![CDATA[VIEW]]></Event>
<EventKey><![CDATA[http://zhuyu.baimuv.com/app/index.php?i=34&c=entry&do=member&m=ewei_shop]]></EventKey>
<MenuId>441526356</MenuId>
</xml>

2017-09-26 12:09:53 params :
------------
Array:
message : Array ;
module : basic ;
rule : 24 ;
priority : 0 ;
keyword : Array ;

2017-09-26 12:09:53 response :
------------
Array:
FromUserName : gh_60e7194e99e7 ;
ToUserName : okBFJ1m5Uk01ld6nlReGJBXpcMKI ;
MsgType : text ;
Content : 查看订购商品请点击下方立即订购/可爱 ;

2017-09-26 12:09:57 trace :
------------
String:
<xml><ToUserName><![CDATA[gh_60e7194e99e7]]></ToUserName>
<FromUserName><![CDATA[okBFJ1m5Uk01ld6nlReGJBXpcMKI]]></FromUserName>
<CreateTime>1506398997</CreateTime>
<MsgType><![CDATA[event]]></MsgType>
<Event><![CDATA[CLICK]]></Event>
<EventKey><![CDATA[关于我们]]></EventKey>
</xml>

2017-09-26 12:09:57 params :
------------
Array:
message : Array ;
module : basic ;
rule : 22 ;
priority : 0 ;
keyword : Array ;

2017-09-26 12:09:57 response :
------------
Array:
FromUserName : gh_60e7194e99e7 ;
ToUserName : okBFJ1m5Uk01ld6nlReGJBXpcMKI ;
MsgType : text ;
Content : 感谢您关注珠玉私房烘焙。/呲牙我们秉承着“无添加，健康”的信念，将每一份甜美带给您。 ;

2017-09-26 12:10:00 trace :
------------
String:
<xml><ToUserName><![CDATA[gh_60e7194e99e7]]></ToUserName>
<FromUserName><![CDATA[okBFJ1m5Uk01ld6nlReGJBXpcMKI]]></FromUserName>
<CreateTime>1506399000</CreateTime>
<MsgType><![CDATA[event]]></MsgType>
<Event><![CDATA[VIEW]]></Event>
<EventKey><![CDATA[http://zhuyu.baimuv.com/app/index.php?i=34&c=entry&do=shop&m=ewei_shop&wxref=mp.weixin.qq.com#wechat_redirect]]></EventKey>
<MenuId>441526356</MenuId>
</xml>

2017-09-26 12:10:00 params :
------------
Array:
message : Array ;
module : basic ;
rule : 24 ;
priority : 0 ;
keyword : Array ;

2017-09-26 12:10:00 response :
------------
Array:
FromUserName : gh_60e7194e99e7 ;
ToUserName : okBFJ1m5Uk01ld6nlReGJBXpcMKI ;
MsgType : text ;
Content : 查看订购商品请点击下方立即订购/可爱 ;

2017-09-26 12:15:09 trace :
------------
String:
<xml><ToUserName><![CDATA[gh_60e7194e99e7]]></ToUserName>
<FromUserName><![CDATA[okBFJ1m5Uk01ld6nlReGJBXpcMKI]]></FromUserName>
<CreateTime>1506399309</CreateTime>
<MsgType><![CDATA[event]]></MsgType>
<Event><![CDATA[VIEW]]></Event>
<EventKey><![CDATA[http://zhuyu.baimuv.com/app/index.php?i=34&c=entry&do=shop&m=ewei_shop&wxref=mp.weixin.qq.com#wechat_redirect]]></EventKey>
<MenuId>441526356</MenuId>
</xml>

2017-09-26 12:15:09 params :
------------
Array:
message : Array ;
module : basic ;
rule : 24 ;
priority : 0 ;
keyword : Array ;

2017-09-26 12:15:09 response :
------------
Array:
FromUserName : gh_60e7194e99e7 ;
ToUserName : okBFJ1m5Uk01ld6nlReGJBXpcMKI ;
MsgType : text ;
Content : 查看订购商品请点击下方立即订购/可爱 ;

