2017-10-07 12:07:23 trace :
------------
String:
<xml><ToUserName><![CDATA[gh_60e7194e99e7]]></ToUserName>
<FromUserName><![CDATA[okBFJ1o3GZ3i8beInDDI_oiQUM_U]]></FromUserName>
<CreateTime>1507349242</CreateTime>
<MsgType><![CDATA[event]]></MsgType>
<Event><![CDATA[subscribe]]></Event>
<EventKey><![CDATA[]]></EventKey>
</xml>

2017-10-07 12:07:23 params :
------------
Array:
message : Array ;
module : basic ;
rule : 23 ;
priority : 0 ;
keyword : Array ;

2017-10-07 12:07:23 response :
------------
Array:
FromUserName : gh_60e7194e99e7 ;
ToUserName : okBFJ1o3GZ3i8beInDDI_oiQUM_U ;
MsgType : text ;
Content : 感谢您关注珠玉私房烘焙。/呲牙我们秉承着“无添加，健康”的信念，将每一份甜美带给您。 ;

2017-10-07 12:07:26 trace :
------------
String:
<xml><ToUserName><![CDATA[gh_60e7194e99e7]]></ToUserName>
<FromUserName><![CDATA[okBFJ1o3GZ3i8beInDDI_oiQUM_U]]></FromUserName>
<CreateTime>1507349246</CreateTime>
<MsgType><![CDATA[event]]></MsgType>
<Event><![CDATA[VIEW]]></Event>
<EventKey><![CDATA[http://zhuyu.baimuv.com/app/index.php?i=34&c=entry&do=shop&m=ewei_shop&wxref=mp.weixin.qq.com#wechat_redirect]]></EventKey>
<MenuId>441526356</MenuId>
</xml>

2017-10-07 12:07:26 params :
------------
Array:
message : Array ;
module : basic ;
rule : 24 ;
priority : 0 ;
keyword : Array ;

2017-10-07 12:07:26 response :
------------
Array:
FromUserName : gh_60e7194e99e7 ;
ToUserName : okBFJ1o3GZ3i8beInDDI_oiQUM_U ;
MsgType : text ;
Content : 查看订购商品请点击下方立即订购/可爱 ;

2017-10-07 12:10:25 trace :
------------
String:
<xml><ToUserName><![CDATA[gh_60e7194e99e7]]></ToUserName>
<FromUserName><![CDATA[okBFJ1o3GZ3i8beInDDI_oiQUM_U]]></FromUserName>
<CreateTime>1507349425</CreateTime>
<MsgType><![CDATA[event]]></MsgType>
<Event><![CDATA[CLICK]]></Event>
<EventKey><![CDATA[关于我们]]></EventKey>
</xml>

2017-10-07 12:10:25 params :
------------
Array:
message : Array ;
module : basic ;
rule : 22 ;
priority : 0 ;
keyword : Array ;

2017-10-07 12:10:25 response :
------------
Array:
FromUserName : gh_60e7194e99e7 ;
ToUserName : okBFJ1o3GZ3i8beInDDI_oiQUM_U ;
MsgType : text ;
Content : 感谢您关注珠玉私房烘焙。/呲牙我们秉承着“无添加，健康”的信念，将每一份甜美带给您。 ;

2017-10-07 12:10:27 trace :
------------
String:
<xml><ToUserName><![CDATA[gh_60e7194e99e7]]></ToUserName>
<FromUserName><![CDATA[okBFJ1o3GZ3i8beInDDI_oiQUM_U]]></FromUserName>
<CreateTime>1507349426</CreateTime>
<MsgType><![CDATA[event]]></MsgType>
<Event><![CDATA[VIEW]]></Event>
<EventKey><![CDATA[http://zhuyu.baimuv.com/app/index.php?i=34&c=entry&do=shop&m=ewei_shop&wxref=mp.weixin.qq.com#wechat_redirect]]></EventKey>
<MenuId>441526356</MenuId>
</xml>

2017-10-07 12:10:27 params :
------------
Array:
message : Array ;
module : basic ;
rule : 24 ;
priority : 0 ;
keyword : Array ;

2017-10-07 12:10:27 response :
------------
Array:
FromUserName : gh_60e7194e99e7 ;
ToUserName : okBFJ1o3GZ3i8beInDDI_oiQUM_U ;
MsgType : text ;
Content : 查看订购商品请点击下方立即订购/可爱 ;

2017-10-07 15:20:51 trace :
------------
String:
<xml><ToUserName><![CDATA[gh_60e7194e99e7]]></ToUserName>
<FromUserName><![CDATA[okBFJ1i2FWNnUOFOVFjCEEg2mBwk]]></FromUserName>
<CreateTime>1507360851</CreateTime>
<MsgType><![CDATA[event]]></MsgType>
<Event><![CDATA[subscribe]]></Event>
<EventKey><![CDATA[]]></EventKey>
</xml>

2017-10-07 15:20:51 params :
------------
Array:
message : Array ;
module : basic ;
rule : 23 ;
priority : 0 ;
keyword : Array ;

2017-10-07 15:20:51 response :
------------
Array:
FromUserName : gh_60e7194e99e7 ;
ToUserName : okBFJ1i2FWNnUOFOVFjCEEg2mBwk ;
MsgType : text ;
Content : 感谢您关注珠玉私房烘焙。/呲牙我们秉承着“无添加，健康”的信念，将每一份甜美带给您。 ;

2017-10-07 15:20:55 trace :
------------
String:
<xml><ToUserName><![CDATA[gh_60e7194e99e7]]></ToUserName>
<FromUserName><![CDATA[okBFJ1i2FWNnUOFOVFjCEEg2mBwk]]></FromUserName>
<CreateTime>1507360855</CreateTime>
<MsgType><![CDATA[event]]></MsgType>
<Event><![CDATA[VIEW]]></Event>
<EventKey><![CDATA[http://zhuyu.baimuv.com/app/index.php?i=34&c=entry&do=shop&m=ewei_shop&wxref=mp.weixin.qq.com#wechat_redirect]]></EventKey>
<MenuId>441526356</MenuId>
</xml>

2017-10-07 15:20:55 params :
------------
Array:
message : Array ;
module : basic ;
rule : 24 ;
priority : 0 ;
keyword : Array ;

2017-10-07 15:20:55 response :
------------
Array:
FromUserName : gh_60e7194e99e7 ;
ToUserName : okBFJ1i2FWNnUOFOVFjCEEg2mBwk ;
MsgType : text ;
Content : 查看订购商品请点击下方立即订购/可爱 ;

2017-10-07 15:22:00 trace :
------------
String:
<xml><ToUserName><![CDATA[gh_60e7194e99e7]]></ToUserName>
<FromUserName><![CDATA[okBFJ1i2FWNnUOFOVFjCEEg2mBwk]]></FromUserName>
<CreateTime>1507360920</CreateTime>
<MsgType><![CDATA[event]]></MsgType>
<Event><![CDATA[VIEW]]></Event>
<EventKey><![CDATA[http://zhuyu.baimuv.com/app/index.php?i=34&c=entry&do=shop&m=ewei_shop&wxref=mp.weixin.qq.com#wechat_redirect]]></EventKey>
<MenuId>441526356</MenuId>
</xml>

2017-10-07 15:22:00 params :
------------
Array:
message : Array ;
module : basic ;
rule : 24 ;
priority : 0 ;
keyword : Array ;

2017-10-07 15:22:00 response :
------------
Array:
FromUserName : gh_60e7194e99e7 ;
ToUserName : okBFJ1i2FWNnUOFOVFjCEEg2mBwk ;
MsgType : text ;
Content : 查看订购商品请点击下方立即订购/可爱 ;

2017-10-07 19:31:55 trace :
------------
String:
<xml><ToUserName><![CDATA[gh_60e7194e99e7]]></ToUserName>
<FromUserName><![CDATA[okBFJ1oZD3OMvqm1BzCFWA4XN5j8]]></FromUserName>
<CreateTime>1507375915</CreateTime>
<MsgType><![CDATA[event]]></MsgType>
<Event><![CDATA[subscribe]]></Event>
<EventKey><![CDATA[]]></EventKey>
</xml>

2017-10-07 19:31:55 params :
------------
Array:
message : Array ;
module : basic ;
rule : 23 ;
priority : 0 ;
keyword : Array ;

2017-10-07 19:31:55 response :
------------
Array:
FromUserName : gh_60e7194e99e7 ;
ToUserName : okBFJ1oZD3OMvqm1BzCFWA4XN5j8 ;
MsgType : text ;
Content : 感谢您关注珠玉私房烘焙。/呲牙我们秉承着“无添加，健康”的信念，将每一份甜美带给您。 ;

