2017-08-18 20:16:15 trace :
------------
String:
<xml><ToUserName><![CDATA[gh_60e7194e99e7]]></ToUserName>
<FromUserName><![CDATA[okBFJ1kOsV53GAdVDi9Ad6DBse-c]]></FromUserName>
<CreateTime>1503058575</CreateTime>
<MsgType><![CDATA[event]]></MsgType>
<Event><![CDATA[subscribe]]></Event>
<EventKey><![CDATA[]]></EventKey>
</xml>

2017-08-18 20:16:15 params :
------------
Array:
message : Array ;
module : basic ;
rule : 23 ;
priority : 0 ;
keyword : Array ;

2017-08-18 20:16:15 response :
------------
Array:
FromUserName : gh_60e7194e99e7 ;
ToUserName : okBFJ1kOsV53GAdVDi9Ad6DBse-c ;
MsgType : text ;
Content : 感谢您关注珠玉私房烘焙。/呲牙我们秉承着“无添加，健康”的信念，将每一份甜美带给您。 ;

2017-08-18 20:16:18 trace :
------------
String:
<xml><ToUserName><![CDATA[gh_60e7194e99e7]]></ToUserName>
<FromUserName><![CDATA[okBFJ1kOsV53GAdVDi9Ad6DBse-c]]></FromUserName>
<CreateTime>1503058578</CreateTime>
<MsgType><![CDATA[event]]></MsgType>
<Event><![CDATA[VIEW]]></Event>
<EventKey><![CDATA[http://zhuyu.baimuv.com/app/index.php?i=34&c=entry&do=member&m=ewei_shop]]></EventKey>
<MenuId>441526356</MenuId>
</xml>

2017-08-18 20:16:18 params :
------------
Array:
message : Array ;
module : basic ;
rule : 24 ;
priority : 0 ;
keyword : Array ;

2017-08-18 20:16:18 response :
------------
Array:
FromUserName : gh_60e7194e99e7 ;
ToUserName : okBFJ1kOsV53GAdVDi9Ad6DBse-c ;
MsgType : text ;
Content : 查看订购商品请点击下方立即订购/可爱 ;

2017-08-18 20:16:20 trace :
------------
String:
<xml><ToUserName><![CDATA[gh_60e7194e99e7]]></ToUserName>
<FromUserName><![CDATA[okBFJ1kOsV53GAdVDi9Ad6DBse-c]]></FromUserName>
<CreateTime>1503058580</CreateTime>
<MsgType><![CDATA[event]]></MsgType>
<Event><![CDATA[VIEW]]></Event>
<EventKey><![CDATA[http://zhuyu.baimuv.com/app/index.php?i=34&c=entry&do=shop&m=ewei_shop&wxref=mp.weixin.qq.com#wechat_redirect]]></EventKey>
<MenuId>441526356</MenuId>
</xml>

2017-08-18 20:16:20 params :
------------
Array:
message : Array ;
module : basic ;
rule : 24 ;
priority : 0 ;
keyword : Array ;

2017-08-18 20:16:20 response :
------------
Array:
FromUserName : gh_60e7194e99e7 ;
ToUserName : okBFJ1kOsV53GAdVDi9Ad6DBse-c ;
MsgType : text ;
Content : 查看订购商品请点击下方立即订购/可爱 ;

