2017-08-24 09:06:27 trace :
------------
String:
<xml><ToUserName><![CDATA[gh_60e7194e99e7]]></ToUserName>
<FromUserName><![CDATA[okBFJ1jVugn-vANTttXnRIGKuBww]]></FromUserName>
<CreateTime>1503536787</CreateTime>
<MsgType><![CDATA[event]]></MsgType>
<Event><![CDATA[VIEW]]></Event>
<EventKey><![CDATA[http://zhuyu.baimuv.com/app/index.php?i=34&c=entry&do=shop&m=ewei_shop&wxref=mp.weixin.qq.com#wechat_redirect]]></EventKey>
<MenuId>441526356</MenuId>
</xml>

2017-08-24 09:06:27 params :
------------
Array:
message : Array ;
module : basic ;
rule : 24 ;
priority : 0 ;
keyword : Array ;

2017-08-24 09:06:27 response :
------------
Array:
FromUserName : gh_60e7194e99e7 ;
ToUserName : okBFJ1jVugn-vANTttXnRIGKuBww ;
MsgType : text ;
Content : 查看订购商品请点击下方立即订购/可爱 ;

2017-08-24 11:33:15 trace :
------------
String:
<xml><ToUserName><![CDATA[gh_60e7194e99e7]]></ToUserName>
<FromUserName><![CDATA[okBFJ1vZbdrE_lxLHM0GyqcFXHGs]]></FromUserName>
<CreateTime>1503545595</CreateTime>
<MsgType><![CDATA[event]]></MsgType>
<Event><![CDATA[subscribe]]></Event>
<EventKey><![CDATA[]]></EventKey>
</xml>

2017-08-24 11:33:15 params :
------------
Array:
message : Array ;
module : basic ;
rule : 23 ;
priority : 0 ;
keyword : Array ;

2017-08-24 11:33:15 response :
------------
Array:
FromUserName : gh_60e7194e99e7 ;
ToUserName : okBFJ1vZbdrE_lxLHM0GyqcFXHGs ;
MsgType : text ;
Content : 感谢您关注珠玉私房烘焙。/呲牙我们秉承着“无添加，健康”的信念，将每一份甜美带给您。 ;

2017-08-24 11:34:02 trace :
------------
String:
<xml><ToUserName><![CDATA[gh_60e7194e99e7]]></ToUserName>
<FromUserName><![CDATA[okBFJ1vZbdrE_lxLHM0GyqcFXHGs]]></FromUserName>
<CreateTime>1503545641</CreateTime>
<MsgType><![CDATA[event]]></MsgType>
<Event><![CDATA[CLICK]]></Event>
<EventKey><![CDATA[关于我们]]></EventKey>
</xml>

2017-08-24 11:34:02 params :
------------
Array:
message : Array ;
module : basic ;
rule : 22 ;
priority : 0 ;
keyword : Array ;

2017-08-24 11:34:02 response :
------------
Array:
FromUserName : gh_60e7194e99e7 ;
ToUserName : okBFJ1vZbdrE_lxLHM0GyqcFXHGs ;
MsgType : text ;
Content : 感谢您关注珠玉私房烘焙。/呲牙我们秉承着“无添加，健康”的信念，将每一份甜美带给您。 ;

2017-08-24 11:34:07 trace :
------------
String:
<xml><ToUserName><![CDATA[gh_60e7194e99e7]]></ToUserName>
<FromUserName><![CDATA[okBFJ1vZbdrE_lxLHM0GyqcFXHGs]]></FromUserName>
<CreateTime>1503545647</CreateTime>
<MsgType><![CDATA[event]]></MsgType>
<Event><![CDATA[VIEW]]></Event>
<EventKey><![CDATA[http://zhuyu.baimuv.com/app/index.php?i=34&c=entry&do=member&m=ewei_shop]]></EventKey>
<MenuId>441526356</MenuId>
</xml>

2017-08-24 11:34:07 params :
------------
Array:
message : Array ;
module : basic ;
rule : 24 ;
priority : 0 ;
keyword : Array ;

2017-08-24 11:34:07 response :
------------
Array:
FromUserName : gh_60e7194e99e7 ;
ToUserName : okBFJ1vZbdrE_lxLHM0GyqcFXHGs ;
MsgType : text ;
Content : 查看订购商品请点击下方立即订购/可爱 ;

2017-08-24 11:35:30 trace :
------------
String:
<xml><ToUserName><![CDATA[gh_60e7194e99e7]]></ToUserName>
<FromUserName><![CDATA[okBFJ1vZbdrE_lxLHM0GyqcFXHGs]]></FromUserName>
<CreateTime>1503545730</CreateTime>
<MsgType><![CDATA[event]]></MsgType>
<Event><![CDATA[VIEW]]></Event>
<EventKey><![CDATA[http://zhuyu.baimuv.com/app/index.php?i=34&c=entry&do=member&m=ewei_shop]]></EventKey>
<MenuId>441526356</MenuId>
</xml>

2017-08-24 11:35:30 params :
------------
Array:
message : Array ;
module : basic ;
rule : 24 ;
priority : 0 ;
keyword : Array ;

2017-08-24 11:35:30 response :
------------
Array:
FromUserName : gh_60e7194e99e7 ;
ToUserName : okBFJ1vZbdrE_lxLHM0GyqcFXHGs ;
MsgType : text ;
Content : 查看订购商品请点击下方立即订购/可爱 ;

2017-08-24 11:36:19 trace :
------------
String:
<xml><ToUserName><![CDATA[gh_60e7194e99e7]]></ToUserName>
<FromUserName><![CDATA[okBFJ1vZbdrE_lxLHM0GyqcFXHGs]]></FromUserName>
<CreateTime>1503545778</CreateTime>
<MsgType><![CDATA[event]]></MsgType>
<Event><![CDATA[CLICK]]></Event>
<EventKey><![CDATA[关于我们]]></EventKey>
</xml>

2017-08-24 11:36:19 params :
------------
Array:
message : Array ;
module : basic ;
rule : 22 ;
priority : 0 ;
keyword : Array ;

2017-08-24 11:36:19 response :
------------
Array:
FromUserName : gh_60e7194e99e7 ;
ToUserName : okBFJ1vZbdrE_lxLHM0GyqcFXHGs ;
MsgType : text ;
Content : 感谢您关注珠玉私房烘焙。/呲牙我们秉承着“无添加，健康”的信念，将每一份甜美带给您。 ;

2017-08-24 11:36:32 trace :
------------
String:
<xml><ToUserName><![CDATA[gh_60e7194e99e7]]></ToUserName>
<FromUserName><![CDATA[okBFJ1vZbdrE_lxLHM0GyqcFXHGs]]></FromUserName>
<CreateTime>1503545792</CreateTime>
<MsgType><![CDATA[event]]></MsgType>
<Event><![CDATA[VIEW]]></Event>
<EventKey><![CDATA[http://zhuyu.baimuv.com/app/index.php?i=34&c=entry&do=shop&m=ewei_shop&wxref=mp.weixin.qq.com#wechat_redirect]]></EventKey>
<MenuId>441526356</MenuId>
</xml>

2017-08-24 11:36:32 params :
------------
Array:
message : Array ;
module : basic ;
rule : 24 ;
priority : 0 ;
keyword : Array ;

2017-08-24 11:36:32 response :
------------
Array:
FromUserName : gh_60e7194e99e7 ;
ToUserName : okBFJ1vZbdrE_lxLHM0GyqcFXHGs ;
MsgType : text ;
Content : 查看订购商品请点击下方立即订购/可爱 ;

2017-08-24 13:11:57 trace :
------------
String:
<xml><ToUserName><![CDATA[gh_60e7194e99e7]]></ToUserName>
<FromUserName><![CDATA[okBFJ1mLO0vYfhurpHvnJa6c9k7M]]></FromUserName>
<CreateTime>1503551517</CreateTime>
<MsgType><![CDATA[event]]></MsgType>
<Event><![CDATA[VIEW]]></Event>
<EventKey><![CDATA[http://zhuyu.baimuv.com/app/index.php?i=34&c=entry&do=member&m=ewei_shop]]></EventKey>
<MenuId>441526356</MenuId>
</xml>

2017-08-24 13:11:57 params :
------------
Array:
message : Array ;
module : basic ;
rule : 24 ;
priority : 0 ;
keyword : Array ;

2017-08-24 13:11:57 response :
------------
Array:
FromUserName : gh_60e7194e99e7 ;
ToUserName : okBFJ1mLO0vYfhurpHvnJa6c9k7M ;
MsgType : text ;
Content : 查看订购商品请点击下方立即订购/可爱 ;

2017-08-24 13:12:04 trace :
------------
String:
<xml><ToUserName><![CDATA[gh_60e7194e99e7]]></ToUserName>
<FromUserName><![CDATA[okBFJ1mLO0vYfhurpHvnJa6c9k7M]]></FromUserName>
<CreateTime>1503551524</CreateTime>
<MsgType><![CDATA[event]]></MsgType>
<Event><![CDATA[VIEW]]></Event>
<EventKey><![CDATA[http://zhuyu.baimuv.com/app/index.php?i=34&c=entry&do=shop&m=ewei_shop&wxref=mp.weixin.qq.com#wechat_redirect]]></EventKey>
<MenuId>441526356</MenuId>
</xml>

2017-08-24 13:12:04 params :
------------
Array:
message : Array ;
module : basic ;
rule : 24 ;
priority : 0 ;
keyword : Array ;

2017-08-24 13:12:04 response :
------------
Array:
FromUserName : gh_60e7194e99e7 ;
ToUserName : okBFJ1mLO0vYfhurpHvnJa6c9k7M ;
MsgType : text ;
Content : 查看订购商品请点击下方立即订购/可爱 ;

