2017-08-02 19:08:32 trace :
------------
String:
<xml><ToUserName><![CDATA[gh_60e7194e99e7]]></ToUserName>
<FromUserName><![CDATA[okBFJ1lELdRzQhtUUjUQxoD-MIGU]]></FromUserName>
<CreateTime>1501672112</CreateTime>
<MsgType><![CDATA[event]]></MsgType>
<Event><![CDATA[VIEW]]></Event>
<EventKey><![CDATA[http://zhuyu.baimuv.com/app/index.php?i=34&c=entry&do=member&m=ewei_shop]]></EventKey>
<MenuId>441526356</MenuId>
</xml>

2017-08-02 19:08:32 params :
------------
Array:
message : Array ;
module : basic ;
rule : 24 ;
priority : 0 ;
keyword : Array ;

2017-08-02 19:08:32 response :
------------
Array:
FromUserName : gh_60e7194e99e7 ;
ToUserName : okBFJ1lELdRzQhtUUjUQxoD-MIGU ;
MsgType : text ;
Content : 查看订购商品请点击下方立即订购/可爱 ;

2017-08-02 19:10:18 trace :
------------
String:
<xml><ToUserName><![CDATA[gh_60e7194e99e7]]></ToUserName>
<FromUserName><![CDATA[okBFJ1lELdRzQhtUUjUQxoD-MIGU]]></FromUserName>
<CreateTime>1501672218</CreateTime>
<MsgType><![CDATA[event]]></MsgType>
<Event><![CDATA[VIEW]]></Event>
<EventKey><![CDATA[http://zhuyu.baimuv.com/app/index.php?i=34&c=entry&do=shop&m=ewei_shop&wxref=mp.weixin.qq.com#wechat_redirect]]></EventKey>
<MenuId>441526356</MenuId>
</xml>

2017-08-02 19:10:18 params :
------------
Array:
message : Array ;
module : basic ;
rule : 24 ;
priority : 0 ;
keyword : Array ;

2017-08-02 19:10:18 response :
------------
Array:
FromUserName : gh_60e7194e99e7 ;
ToUserName : okBFJ1lELdRzQhtUUjUQxoD-MIGU ;
MsgType : text ;
Content : 查看订购商品请点击下方立即订购/可爱 ;

2017-08-02 19:10:51 trace :
------------
String:
<xml><ToUserName><![CDATA[gh_60e7194e99e7]]></ToUserName>
<FromUserName><![CDATA[okBFJ1lELdRzQhtUUjUQxoD-MIGU]]></FromUserName>
<CreateTime>1501672251</CreateTime>
<MsgType><![CDATA[event]]></MsgType>
<Event><![CDATA[VIEW]]></Event>
<EventKey><![CDATA[http://zhuyu.baimuv.com/app/index.php?i=34&c=entry&do=shop&m=ewei_shop&wxref=mp.weixin.qq.com#wechat_redirect]]></EventKey>
<MenuId>441526356</MenuId>
</xml>

2017-08-02 19:10:51 params :
------------
Array:
message : Array ;
module : basic ;
rule : 24 ;
priority : 0 ;
keyword : Array ;

2017-08-02 19:10:51 response :
------------
Array:
FromUserName : gh_60e7194e99e7 ;
ToUserName : okBFJ1lELdRzQhtUUjUQxoD-MIGU ;
MsgType : text ;
Content : 查看订购商品请点击下方立即订购/可爱 ;

