2017-09-19 07:30:17 trace :
------------
String:
<xml><ToUserName><![CDATA[gh_60e7194e99e7]]></ToUserName>
<FromUserName><![CDATA[okBFJ1rhhZyckObicIEZJ2cSbuuk]]></FromUserName>
<CreateTime>1505777417</CreateTime>
<MsgType><![CDATA[event]]></MsgType>
<Event><![CDATA[subscribe]]></Event>
<EventKey><![CDATA[]]></EventKey>
</xml>

2017-09-19 07:30:17 params :
------------
Array:
message : Array ;
module : basic ;
rule : 23 ;
priority : 0 ;
keyword : Array ;

2017-09-19 07:30:17 response :
------------
Array:
FromUserName : gh_60e7194e99e7 ;
ToUserName : okBFJ1rhhZyckObicIEZJ2cSbuuk ;
MsgType : text ;
Content : 感谢您关注珠玉私房烘焙。/呲牙我们秉承着“无添加，健康”的信念，将每一份甜美带给您。 ;

2017-09-19 07:30:20 trace :
------------
String:
<xml><ToUserName><![CDATA[gh_60e7194e99e7]]></ToUserName>
<FromUserName><![CDATA[okBFJ1rhhZyckObicIEZJ2cSbuuk]]></FromUserName>
<CreateTime>1505777420</CreateTime>
<MsgType><![CDATA[event]]></MsgType>
<Event><![CDATA[VIEW]]></Event>
<EventKey><![CDATA[http://zhuyu.baimuv.com/app/index.php?i=34&c=entry&do=shop&m=ewei_shop&wxref=mp.weixin.qq.com#wechat_redirect]]></EventKey>
<MenuId>441526356</MenuId>
</xml>

2017-09-19 07:30:20 params :
------------
Array:
message : Array ;
module : basic ;
rule : 24 ;
priority : 0 ;
keyword : Array ;

2017-09-19 07:30:20 response :
------------
Array:
FromUserName : gh_60e7194e99e7 ;
ToUserName : okBFJ1rhhZyckObicIEZJ2cSbuuk ;
MsgType : text ;
Content : 查看订购商品请点击下方立即订购/可爱 ;

2017-09-19 17:22:01 trace :
------------
String:
<xml><ToUserName><![CDATA[gh_60e7194e99e7]]></ToUserName>
<FromUserName><![CDATA[okBFJ1kUhhOC0bH5I-tkbO1nJuFA]]></FromUserName>
<CreateTime>1505812921</CreateTime>
<MsgType><![CDATA[event]]></MsgType>
<Event><![CDATA[unsubscribe]]></Event>
<EventKey><![CDATA[]]></EventKey>
</xml>

