2017-10-01 17:05:40 trace :
------------
String:
<xml><ToUserName><![CDATA[gh_60e7194e99e7]]></ToUserName>
<FromUserName><![CDATA[okBFJ1vNsR_C0gAJDPLWeEudCo2Q]]></FromUserName>
<CreateTime>1506848740</CreateTime>
<MsgType><![CDATA[event]]></MsgType>
<Event><![CDATA[subscribe]]></Event>
<EventKey><![CDATA[]]></EventKey>
</xml>

2017-10-01 17:05:41 params :
------------
Array:
message : Array ;
module : basic ;
rule : 23 ;
priority : 0 ;
keyword : Array ;

2017-10-01 17:05:41 response :
------------
Array:
FromUserName : gh_60e7194e99e7 ;
ToUserName : okBFJ1vNsR_C0gAJDPLWeEudCo2Q ;
MsgType : text ;
Content : 感谢您关注珠玉私房烘焙。/呲牙我们秉承着“无添加，健康”的信念，将每一份甜美带给您。 ;

2017-10-01 17:05:44 trace :
------------
String:
<xml><ToUserName><![CDATA[gh_60e7194e99e7]]></ToUserName>
<FromUserName><![CDATA[okBFJ1vNsR_C0gAJDPLWeEudCo2Q]]></FromUserName>
<CreateTime>1506848744</CreateTime>
<MsgType><![CDATA[event]]></MsgType>
<Event><![CDATA[CLICK]]></Event>
<EventKey><![CDATA[关于我们]]></EventKey>
</xml>

2017-10-01 17:05:44 params :
------------
Array:
message : Array ;
module : basic ;
rule : 22 ;
priority : 0 ;
keyword : Array ;

2017-10-01 17:05:44 response :
------------
Array:
FromUserName : gh_60e7194e99e7 ;
ToUserName : okBFJ1vNsR_C0gAJDPLWeEudCo2Q ;
MsgType : text ;
Content : 感谢您关注珠玉私房烘焙。/呲牙我们秉承着“无添加，健康”的信念，将每一份甜美带给您。 ;

2017-10-01 17:05:47 trace :
------------
String:
<xml><ToUserName><![CDATA[gh_60e7194e99e7]]></ToUserName>
<FromUserName><![CDATA[okBFJ1vNsR_C0gAJDPLWeEudCo2Q]]></FromUserName>
<CreateTime>1506848747</CreateTime>
<MsgType><![CDATA[event]]></MsgType>
<Event><![CDATA[VIEW]]></Event>
<EventKey><![CDATA[http://zhuyu.baimuv.com/app/index.php?i=34&c=entry&do=member&m=ewei_shop]]></EventKey>
<MenuId>441526356</MenuId>
</xml>

2017-10-01 17:05:47 params :
------------
Array:
message : Array ;
module : basic ;
rule : 24 ;
priority : 0 ;
keyword : Array ;

2017-10-01 17:05:47 response :
------------
Array:
FromUserName : gh_60e7194e99e7 ;
ToUserName : okBFJ1vNsR_C0gAJDPLWeEudCo2Q ;
MsgType : text ;
Content : 查看订购商品请点击下方立即订购/可爱 ;

2017-10-01 17:05:56 trace :
------------
String:
<xml><ToUserName><![CDATA[gh_60e7194e99e7]]></ToUserName>
<FromUserName><![CDATA[okBFJ1vNsR_C0gAJDPLWeEudCo2Q]]></FromUserName>
<CreateTime>1506848756</CreateTime>
<MsgType><![CDATA[event]]></MsgType>
<Event><![CDATA[VIEW]]></Event>
<EventKey><![CDATA[http://zhuyu.baimuv.com/app/index.php?i=34&c=entry&do=shop&m=ewei_shop&wxref=mp.weixin.qq.com#wechat_redirect]]></EventKey>
<MenuId>441526356</MenuId>
</xml>

2017-10-01 17:05:56 params :
------------
Array:
message : Array ;
module : basic ;
rule : 24 ;
priority : 0 ;
keyword : Array ;

2017-10-01 17:05:56 response :
------------
Array:
FromUserName : gh_60e7194e99e7 ;
ToUserName : okBFJ1vNsR_C0gAJDPLWeEudCo2Q ;
MsgType : text ;
Content : 查看订购商品请点击下方立即订购/可爱 ;

2017-10-01 21:56:52 trace :
------------
String:
<xml><ToUserName><![CDATA[gh_60e7194e99e7]]></ToUserName>
<FromUserName><![CDATA[okBFJ1lvtzbbOQ3ttrzgzh8Rkv7U]]></FromUserName>
<CreateTime>1506866212</CreateTime>
<MsgType><![CDATA[event]]></MsgType>
<Event><![CDATA[subscribe]]></Event>
<EventKey><![CDATA[]]></EventKey>
</xml>

2017-10-01 21:56:52 params :
------------
Array:
message : Array ;
module : basic ;
rule : 23 ;
priority : 0 ;
keyword : Array ;

2017-10-01 21:56:52 response :
------------
Array:
FromUserName : gh_60e7194e99e7 ;
ToUserName : okBFJ1lvtzbbOQ3ttrzgzh8Rkv7U ;
MsgType : text ;
Content : 感谢您关注珠玉私房烘焙。/呲牙我们秉承着“无添加，健康”的信念，将每一份甜美带给您。 ;

2017-10-01 22:01:00 trace :
------------
String:
<xml><ToUserName><![CDATA[gh_60e7194e99e7]]></ToUserName>
<FromUserName><![CDATA[okBFJ1lvtzbbOQ3ttrzgzh8Rkv7U]]></FromUserName>
<CreateTime>1506866459</CreateTime>
<MsgType><![CDATA[event]]></MsgType>
<Event><![CDATA[CLICK]]></Event>
<EventKey><![CDATA[关于我们]]></EventKey>
</xml>

2017-10-01 22:01:00 params :
------------
Array:
message : Array ;
module : basic ;
rule : 22 ;
priority : 0 ;
keyword : Array ;

2017-10-01 22:01:00 response :
------------
Array:
FromUserName : gh_60e7194e99e7 ;
ToUserName : okBFJ1lvtzbbOQ3ttrzgzh8Rkv7U ;
MsgType : text ;
Content : 感谢您关注珠玉私房烘焙。/呲牙我们秉承着“无添加，健康”的信念，将每一份甜美带给您。 ;

2017-10-01 22:01:02 trace :
------------
String:
<xml><ToUserName><![CDATA[gh_60e7194e99e7]]></ToUserName>
<FromUserName><![CDATA[okBFJ1lvtzbbOQ3ttrzgzh8Rkv7U]]></FromUserName>
<CreateTime>1506866462</CreateTime>
<MsgType><![CDATA[event]]></MsgType>
<Event><![CDATA[VIEW]]></Event>
<EventKey><![CDATA[http://zhuyu.baimuv.com/app/index.php?i=34&c=entry&do=member&m=ewei_shop]]></EventKey>
<MenuId>441526356</MenuId>
</xml>

2017-10-01 22:01:02 params :
------------
Array:
message : Array ;
module : basic ;
rule : 24 ;
priority : 0 ;
keyword : Array ;

2017-10-01 22:01:02 response :
------------
Array:
FromUserName : gh_60e7194e99e7 ;
ToUserName : okBFJ1lvtzbbOQ3ttrzgzh8Rkv7U ;
MsgType : text ;
Content : 查看订购商品请点击下方立即订购/可爱 ;

2017-10-01 22:01:12 trace :
------------
String:
<xml><ToUserName><![CDATA[gh_60e7194e99e7]]></ToUserName>
<FromUserName><![CDATA[okBFJ1lvtzbbOQ3ttrzgzh8Rkv7U]]></FromUserName>
<CreateTime>1506866472</CreateTime>
<MsgType><![CDATA[event]]></MsgType>
<Event><![CDATA[unsubscribe]]></Event>
<EventKey><![CDATA[]]></EventKey>
</xml>

