2017-09-03 18:25:49 trace :
------------
String:
<xml><ToUserName><![CDATA[gh_60e7194e99e7]]></ToUserName>
<FromUserName><![CDATA[okBFJ1rQiwwrBBGuRb6UNeOq8voQ]]></FromUserName>
<CreateTime>1504434349</CreateTime>
<MsgType><![CDATA[event]]></MsgType>
<Event><![CDATA[subscribe]]></Event>
<EventKey><![CDATA[]]></EventKey>
</xml>

2017-09-03 18:25:49 params :
------------
Array:
message : Array ;
module : basic ;
rule : 23 ;
priority : 0 ;
keyword : Array ;

2017-09-03 18:25:49 response :
------------
Array:
FromUserName : gh_60e7194e99e7 ;
ToUserName : okBFJ1rQiwwrBBGuRb6UNeOq8voQ ;
MsgType : text ;
Content : 感谢您关注珠玉私房烘焙。/呲牙我们秉承着“无添加，健康”的信念，将每一份甜美带给您。 ;

2017-09-03 18:25:55 trace :
------------
String:
<xml><ToUserName><![CDATA[gh_60e7194e99e7]]></ToUserName>
<FromUserName><![CDATA[okBFJ1rQiwwrBBGuRb6UNeOq8voQ]]></FromUserName>
<CreateTime>1504434355</CreateTime>
<MsgType><![CDATA[event]]></MsgType>
<Event><![CDATA[VIEW]]></Event>
<EventKey><![CDATA[http://zhuyu.baimuv.com/app/index.php?i=34&c=entry&do=member&m=ewei_shop]]></EventKey>
<MenuId>441526356</MenuId>
</xml>

2017-09-03 18:25:55 params :
------------
Array:
message : Array ;
module : basic ;
rule : 24 ;
priority : 0 ;
keyword : Array ;

2017-09-03 18:25:55 response :
------------
Array:
FromUserName : gh_60e7194e99e7 ;
ToUserName : okBFJ1rQiwwrBBGuRb6UNeOq8voQ ;
MsgType : text ;
Content : 查看订购商品请点击下方立即订购/可爱 ;

2017-09-03 18:26:10 trace :
------------
String:
<xml><ToUserName><![CDATA[gh_60e7194e99e7]]></ToUserName>
<FromUserName><![CDATA[okBFJ1rQiwwrBBGuRb6UNeOq8voQ]]></FromUserName>
<CreateTime>1504434370</CreateTime>
<MsgType><![CDATA[event]]></MsgType>
<Event><![CDATA[CLICK]]></Event>
<EventKey><![CDATA[关于我们]]></EventKey>
</xml>

2017-09-03 18:26:10 params :
------------
Array:
message : Array ;
module : basic ;
rule : 22 ;
priority : 0 ;
keyword : Array ;

2017-09-03 18:26:10 response :
------------
Array:
FromUserName : gh_60e7194e99e7 ;
ToUserName : okBFJ1rQiwwrBBGuRb6UNeOq8voQ ;
MsgType : text ;
Content : 感谢您关注珠玉私房烘焙。/呲牙我们秉承着“无添加，健康”的信念，将每一份甜美带给您。 ;

2017-09-03 18:26:15 trace :
------------
String:
<xml><ToUserName><![CDATA[gh_60e7194e99e7]]></ToUserName>
<FromUserName><![CDATA[okBFJ1rQiwwrBBGuRb6UNeOq8voQ]]></FromUserName>
<CreateTime>1504434375</CreateTime>
<MsgType><![CDATA[event]]></MsgType>
<Event><![CDATA[CLICK]]></Event>
<EventKey><![CDATA[关于我们]]></EventKey>
</xml>

2017-09-03 18:26:15 params :
------------
Array:
message : Array ;
module : basic ;
rule : 22 ;
priority : 0 ;
keyword : Array ;

2017-09-03 18:26:15 response :
------------
Array:
FromUserName : gh_60e7194e99e7 ;
ToUserName : okBFJ1rQiwwrBBGuRb6UNeOq8voQ ;
MsgType : text ;
Content : 感谢您关注珠玉私房烘焙。/呲牙我们秉承着“无添加，健康”的信念，将每一份甜美带给您。 ;

2017-09-03 18:27:07 trace :
------------
String:
<xml><ToUserName><![CDATA[gh_60e7194e99e7]]></ToUserName>
<FromUserName><![CDATA[okBFJ1rQiwwrBBGuRb6UNeOq8voQ]]></FromUserName>
<CreateTime>1504434427</CreateTime>
<MsgType><![CDATA[event]]></MsgType>
<Event><![CDATA[VIEW]]></Event>
<EventKey><![CDATA[http://zhuyu.baimuv.com/app/index.php?i=34&c=entry&do=shop&m=ewei_shop&wxref=mp.weixin.qq.com#wechat_redirect]]></EventKey>
<MenuId>441526356</MenuId>
</xml>

2017-09-03 18:27:07 params :
------------
Array:
message : Array ;
module : basic ;
rule : 24 ;
priority : 0 ;
keyword : Array ;

2017-09-03 18:27:07 response :
------------
Array:
FromUserName : gh_60e7194e99e7 ;
ToUserName : okBFJ1rQiwwrBBGuRb6UNeOq8voQ ;
MsgType : text ;
Content : 查看订购商品请点击下方立即订购/可爱 ;

2017-09-03 21:42:49 trace :
------------
String:
<xml><ToUserName><![CDATA[gh_60e7194e99e7]]></ToUserName>
<FromUserName><![CDATA[okBFJ1i0L_KWeKplPzf1eE3kxep0]]></FromUserName>
<CreateTime>1504446169</CreateTime>
<MsgType><![CDATA[event]]></MsgType>
<Event><![CDATA[subscribe]]></Event>
<EventKey><![CDATA[]]></EventKey>
</xml>

2017-09-03 21:42:49 params :
------------
Array:
message : Array ;
module : basic ;
rule : 23 ;
priority : 0 ;
keyword : Array ;

2017-09-03 21:42:49 response :
------------
Array:
FromUserName : gh_60e7194e99e7 ;
ToUserName : okBFJ1i0L_KWeKplPzf1eE3kxep0 ;
MsgType : text ;
Content : 感谢您关注珠玉私房烘焙。/呲牙我们秉承着“无添加，健康”的信念，将每一份甜美带给您。 ;

2017-09-03 21:42:55 trace :
------------
String:
<xml><ToUserName><![CDATA[gh_60e7194e99e7]]></ToUserName>
<FromUserName><![CDATA[okBFJ1i0L_KWeKplPzf1eE3kxep0]]></FromUserName>
<CreateTime>1504446174</CreateTime>
<MsgType><![CDATA[event]]></MsgType>
<Event><![CDATA[CLICK]]></Event>
<EventKey><![CDATA[关于我们]]></EventKey>
</xml>

2017-09-03 21:42:55 params :
------------
Array:
message : Array ;
module : basic ;
rule : 22 ;
priority : 0 ;
keyword : Array ;

2017-09-03 21:42:55 response :
------------
Array:
FromUserName : gh_60e7194e99e7 ;
ToUserName : okBFJ1i0L_KWeKplPzf1eE3kxep0 ;
MsgType : text ;
Content : 感谢您关注珠玉私房烘焙。/呲牙我们秉承着“无添加，健康”的信念，将每一份甜美带给您。 ;

2017-09-03 21:43:41 trace :
------------
String:
<xml><ToUserName><![CDATA[gh_60e7194e99e7]]></ToUserName>
<FromUserName><![CDATA[okBFJ1i0L_KWeKplPzf1eE3kxep0]]></FromUserName>
<CreateTime>1504446221</CreateTime>
<MsgType><![CDATA[event]]></MsgType>
<Event><![CDATA[VIEW]]></Event>
<EventKey><![CDATA[http://zhuyu.baimuv.com/app/index.php?i=34&c=entry&do=member&m=ewei_shop]]></EventKey>
<MenuId>441526356</MenuId>
</xml>

2017-09-03 21:43:41 params :
------------
Array:
message : Array ;
module : basic ;
rule : 24 ;
priority : 0 ;
keyword : Array ;

2017-09-03 21:43:41 response :
------------
Array:
FromUserName : gh_60e7194e99e7 ;
ToUserName : okBFJ1i0L_KWeKplPzf1eE3kxep0 ;
MsgType : text ;
Content : 查看订购商品请点击下方立即订购/可爱 ;

2017-09-03 21:43:51 trace :
------------
String:
<xml><ToUserName><![CDATA[gh_60e7194e99e7]]></ToUserName>
<FromUserName><![CDATA[okBFJ1i0L_KWeKplPzf1eE3kxep0]]></FromUserName>
<CreateTime>1504446231</CreateTime>
<MsgType><![CDATA[event]]></MsgType>
<Event><![CDATA[CLICK]]></Event>
<EventKey><![CDATA[关于我们]]></EventKey>
</xml>

2017-09-03 21:43:51 params :
------------
Array:
message : Array ;
module : basic ;
rule : 22 ;
priority : 0 ;
keyword : Array ;

2017-09-03 21:43:51 response :
------------
Array:
FromUserName : gh_60e7194e99e7 ;
ToUserName : okBFJ1i0L_KWeKplPzf1eE3kxep0 ;
MsgType : text ;
Content : 感谢您关注珠玉私房烘焙。/呲牙我们秉承着“无添加，健康”的信念，将每一份甜美带给您。 ;

2017-09-03 21:43:54 trace :
------------
String:
<xml><ToUserName><![CDATA[gh_60e7194e99e7]]></ToUserName>
<FromUserName><![CDATA[okBFJ1i0L_KWeKplPzf1eE3kxep0]]></FromUserName>
<CreateTime>1504446233</CreateTime>
<MsgType><![CDATA[event]]></MsgType>
<Event><![CDATA[VIEW]]></Event>
<EventKey><![CDATA[http://zhuyu.baimuv.com/app/index.php?i=34&c=entry&do=shop&m=ewei_shop&wxref=mp.weixin.qq.com#wechat_redirect]]></EventKey>
<MenuId>441526356</MenuId>
</xml>

2017-09-03 21:43:54 params :
------------
Array:
message : Array ;
module : basic ;
rule : 24 ;
priority : 0 ;
keyword : Array ;

2017-09-03 21:43:54 response :
------------
Array:
FromUserName : gh_60e7194e99e7 ;
ToUserName : okBFJ1i0L_KWeKplPzf1eE3kxep0 ;
MsgType : text ;
Content : 查看订购商品请点击下方立即订购/可爱 ;

2017-09-03 22:00:41 trace :
------------
String:
<xml><ToUserName><![CDATA[gh_60e7194e99e7]]></ToUserName>
<FromUserName><![CDATA[okBFJ1i0L_KWeKplPzf1eE3kxep0]]></FromUserName>
<CreateTime>1504447241</CreateTime>
<MsgType><![CDATA[event]]></MsgType>
<Event><![CDATA[VIEW]]></Event>
<EventKey><![CDATA[http://zhuyu.baimuv.com/app/index.php?i=34&c=entry&do=shop&m=ewei_shop&wxref=mp.weixin.qq.com#wechat_redirect]]></EventKey>
<MenuId>441526356</MenuId>
</xml>

2017-09-03 22:00:41 params :
------------
Array:
message : Array ;
module : basic ;
rule : 24 ;
priority : 0 ;
keyword : Array ;

2017-09-03 22:00:41 response :
------------
Array:
FromUserName : gh_60e7194e99e7 ;
ToUserName : okBFJ1i0L_KWeKplPzf1eE3kxep0 ;
MsgType : text ;
Content : 查看订购商品请点击下方立即订购/可爱 ;

