2017-08-27 00:05:06 trace :
------------
String:
<xml><ToUserName><![CDATA[gh_60e7194e99e7]]></ToUserName>
<FromUserName><![CDATA[okBFJ1vjfiSyr3ECuDwYYfVjsqGk]]></FromUserName>
<CreateTime>1503763505</CreateTime>
<MsgType><![CDATA[event]]></MsgType>
<Event><![CDATA[subscribe]]></Event>
<EventKey><![CDATA[]]></EventKey>
</xml>

2017-08-27 00:05:06 params :
------------
Array:
message : Array ;
module : basic ;
rule : 23 ;
priority : 0 ;
keyword : Array ;

2017-08-27 00:05:06 response :
------------
Array:
FromUserName : gh_60e7194e99e7 ;
ToUserName : okBFJ1vjfiSyr3ECuDwYYfVjsqGk ;
MsgType : text ;
Content : 感谢您关注珠玉私房烘焙。/呲牙我们秉承着“无添加，健康”的信念，将每一份甜美带给您。 ;

