2017-08-15 14:49:29 trace :
------------
String:
<xml><ToUserName><![CDATA[gh_60e7194e99e7]]></ToUserName>
<FromUserName><![CDATA[okBFJ1pASJAWfhf1AHiup6xX0gA8]]></FromUserName>
<CreateTime>1502779769</CreateTime>
<MsgType><![CDATA[event]]></MsgType>
<Event><![CDATA[subscribe]]></Event>
<EventKey><![CDATA[]]></EventKey>
</xml>

2017-08-15 14:49:30 params :
------------
Array:
message : Array ;
module : basic ;
rule : 23 ;
priority : 0 ;
keyword : Array ;

2017-08-15 14:49:30 response :
------------
Array:
FromUserName : gh_60e7194e99e7 ;
ToUserName : okBFJ1pASJAWfhf1AHiup6xX0gA8 ;
MsgType : text ;
Content : 感谢您关注珠玉私房烘焙。/呲牙我们秉承着“无添加，健康”的信念，将每一份甜美带给您。 ;

2017-08-15 14:49:33 trace :
------------
String:
<xml><ToUserName><![CDATA[gh_60e7194e99e7]]></ToUserName>
<FromUserName><![CDATA[okBFJ1pASJAWfhf1AHiup6xX0gA8]]></FromUserName>
<CreateTime>1502779772</CreateTime>
<MsgType><![CDATA[event]]></MsgType>
<Event><![CDATA[CLICK]]></Event>
<EventKey><![CDATA[关于我们]]></EventKey>
</xml>

2017-08-15 14:49:33 params :
------------
Array:
message : Array ;
module : basic ;
rule : 22 ;
priority : 0 ;
keyword : Array ;

2017-08-15 14:49:33 response :
------------
Array:
FromUserName : gh_60e7194e99e7 ;
ToUserName : okBFJ1pASJAWfhf1AHiup6xX0gA8 ;
MsgType : text ;
Content : 感谢您关注珠玉私房烘焙。/呲牙我们秉承着“无添加，健康”的信念，将每一份甜美带给您。 ;

2017-08-15 14:49:35 trace :
------------
String:
<xml><ToUserName><![CDATA[gh_60e7194e99e7]]></ToUserName>
<FromUserName><![CDATA[okBFJ1pASJAWfhf1AHiup6xX0gA8]]></FromUserName>
<CreateTime>1502779774</CreateTime>
<MsgType><![CDATA[event]]></MsgType>
<Event><![CDATA[VIEW]]></Event>
<EventKey><![CDATA[http://zhuyu.baimuv.com/app/index.php?i=34&c=entry&do=shop&m=ewei_shop&wxref=mp.weixin.qq.com#wechat_redirect]]></EventKey>
<MenuId>441526356</MenuId>
</xml>

2017-08-15 14:49:35 params :
------------
Array:
message : Array ;
module : basic ;
rule : 24 ;
priority : 0 ;
keyword : Array ;

2017-08-15 14:49:35 response :
------------
Array:
FromUserName : gh_60e7194e99e7 ;
ToUserName : okBFJ1pASJAWfhf1AHiup6xX0gA8 ;
MsgType : text ;
Content : 查看订购商品请点击下方立即订购/可爱 ;

2017-08-15 14:50:16 trace :
------------
String:
<xml><ToUserName><![CDATA[gh_60e7194e99e7]]></ToUserName>
<FromUserName><![CDATA[okBFJ1pASJAWfhf1AHiup6xX0gA8]]></FromUserName>
<CreateTime>1502779816</CreateTime>
<MsgType><![CDATA[event]]></MsgType>
<Event><![CDATA[VIEW]]></Event>
<EventKey><![CDATA[http://zhuyu.baimuv.com/app/index.php?i=34&c=entry&do=shop&m=ewei_shop&wxref=mp.weixin.qq.com#wechat_redirect]]></EventKey>
<MenuId>441526356</MenuId>
</xml>

2017-08-15 14:50:16 params :
------------
Array:
message : Array ;
module : basic ;
rule : 24 ;
priority : 0 ;
keyword : Array ;

2017-08-15 14:50:16 response :
------------
Array:
FromUserName : gh_60e7194e99e7 ;
ToUserName : okBFJ1pASJAWfhf1AHiup6xX0gA8 ;
MsgType : text ;
Content : 查看订购商品请点击下方立即订购/可爱 ;

2017-08-15 14:53:26 trace :
------------
String:
<xml><ToUserName><![CDATA[gh_60e7194e99e7]]></ToUserName>
<FromUserName><![CDATA[okBFJ1pASJAWfhf1AHiup6xX0gA8]]></FromUserName>
<CreateTime>1502780006</CreateTime>
<MsgType><![CDATA[event]]></MsgType>
<Event><![CDATA[VIEW]]></Event>
<EventKey><![CDATA[http://zhuyu.baimuv.com/app/index.php?i=34&c=entry&do=shop&m=ewei_shop&wxref=mp.weixin.qq.com#wechat_redirect]]></EventKey>
<MenuId>441526356</MenuId>
</xml>

2017-08-15 14:53:26 params :
------------
Array:
message : Array ;
module : basic ;
rule : 24 ;
priority : 0 ;
keyword : Array ;

2017-08-15 14:53:26 response :
------------
Array:
FromUserName : gh_60e7194e99e7 ;
ToUserName : okBFJ1pASJAWfhf1AHiup6xX0gA8 ;
MsgType : text ;
Content : 查看订购商品请点击下方立即订购/可爱 ;

2017-08-15 15:05:59 trace :
------------
String:
<xml><ToUserName><![CDATA[gh_60e7194e99e7]]></ToUserName>
<FromUserName><![CDATA[okBFJ1pASJAWfhf1AHiup6xX0gA8]]></FromUserName>
<CreateTime>1502780759</CreateTime>
<MsgType><![CDATA[event]]></MsgType>
<Event><![CDATA[VIEW]]></Event>
<EventKey><![CDATA[http://zhuyu.baimuv.com/app/index.php?i=34&c=entry&do=shop&m=ewei_shop&wxref=mp.weixin.qq.com#wechat_redirect]]></EventKey>
<MenuId>441526356</MenuId>
</xml>

2017-08-15 15:05:59 params :
------------
Array:
message : Array ;
module : basic ;
rule : 24 ;
priority : 0 ;
keyword : Array ;

2017-08-15 15:05:59 response :
------------
Array:
FromUserName : gh_60e7194e99e7 ;
ToUserName : okBFJ1pASJAWfhf1AHiup6xX0gA8 ;
MsgType : text ;
Content : 查看订购商品请点击下方立即订购/可爱 ;

2017-08-15 15:06:29 trace :
------------
String:
<xml><ToUserName><![CDATA[gh_60e7194e99e7]]></ToUserName>
<FromUserName><![CDATA[okBFJ1pASJAWfhf1AHiup6xX0gA8]]></FromUserName>
<CreateTime>1502780789</CreateTime>
<MsgType><![CDATA[event]]></MsgType>
<Event><![CDATA[VIEW]]></Event>
<EventKey><![CDATA[http://zhuyu.baimuv.com/app/index.php?i=34&c=entry&do=shop&m=ewei_shop&wxref=mp.weixin.qq.com#wechat_redirect]]></EventKey>
<MenuId>441526356</MenuId>
</xml>

2017-08-15 15:06:29 params :
------------
Array:
message : Array ;
module : basic ;
rule : 24 ;
priority : 0 ;
keyword : Array ;

2017-08-15 15:06:29 response :
------------
Array:
FromUserName : gh_60e7194e99e7 ;
ToUserName : okBFJ1pASJAWfhf1AHiup6xX0gA8 ;
MsgType : text ;
Content : 查看订购商品请点击下方立即订购/可爱 ;

