2017-09-12 08:58:56 trace :
------------
String:
<xml><ToUserName><![CDATA[gh_60e7194e99e7]]></ToUserName>
<FromUserName><![CDATA[okBFJ1hVli-2ykCgrl7bvzYks_no]]></FromUserName>
<CreateTime>1505177936</CreateTime>
<MsgType><![CDATA[event]]></MsgType>
<Event><![CDATA[subscribe]]></Event>
<EventKey><![CDATA[]]></EventKey>
</xml>

2017-09-12 08:58:56 params :
------------
Array:
message : Array ;
module : basic ;
rule : 23 ;
priority : 0 ;
keyword : Array ;

2017-09-12 08:58:56 response :
------------
Array:
FromUserName : gh_60e7194e99e7 ;
ToUserName : okBFJ1hVli-2ykCgrl7bvzYks_no ;
MsgType : text ;
Content : 感谢您关注珠玉私房烘焙。/呲牙我们秉承着“无添加，健康”的信念，将每一份甜美带给您。 ;

2017-09-12 08:59:02 trace :
------------
String:
<xml><ToUserName><![CDATA[gh_60e7194e99e7]]></ToUserName>
<FromUserName><![CDATA[okBFJ1hVli-2ykCgrl7bvzYks_no]]></FromUserName>
<CreateTime>1505177942</CreateTime>
<MsgType><![CDATA[event]]></MsgType>
<Event><![CDATA[VIEW]]></Event>
<EventKey><![CDATA[http://zhuyu.baimuv.com/app/index.php?i=34&c=entry&do=shop&m=ewei_shop&wxref=mp.weixin.qq.com#wechat_redirect]]></EventKey>
<MenuId>441526356</MenuId>
</xml>

2017-09-12 08:59:02 params :
------------
Array:
message : Array ;
module : basic ;
rule : 24 ;
priority : 0 ;
keyword : Array ;

2017-09-12 08:59:02 response :
------------
Array:
FromUserName : gh_60e7194e99e7 ;
ToUserName : okBFJ1hVli-2ykCgrl7bvzYks_no ;
MsgType : text ;
Content : 查看订购商品请点击下方立即订购/可爱 ;

2017-09-12 09:02:06 trace :
------------
String:
<xml><ToUserName><![CDATA[gh_60e7194e99e7]]></ToUserName>
<FromUserName><![CDATA[okBFJ1hVli-2ykCgrl7bvzYks_no]]></FromUserName>
<CreateTime>1505178126</CreateTime>
<MsgType><![CDATA[event]]></MsgType>
<Event><![CDATA[VIEW]]></Event>
<EventKey><![CDATA[http://zhuyu.baimuv.com/app/index.php?i=34&c=entry&do=member&m=ewei_shop]]></EventKey>
<MenuId>441526356</MenuId>
</xml>

2017-09-12 09:02:06 params :
------------
Array:
message : Array ;
module : basic ;
rule : 24 ;
priority : 0 ;
keyword : Array ;

2017-09-12 09:02:06 response :
------------
Array:
FromUserName : gh_60e7194e99e7 ;
ToUserName : okBFJ1hVli-2ykCgrl7bvzYks_no ;
MsgType : text ;
Content : 查看订购商品请点击下方立即订购/可爱 ;

2017-09-12 09:02:38 trace :
------------
String:
<xml><ToUserName><![CDATA[gh_60e7194e99e7]]></ToUserName>
<FromUserName><![CDATA[okBFJ1hVli-2ykCgrl7bvzYks_no]]></FromUserName>
<CreateTime>1505178158</CreateTime>
<MsgType><![CDATA[event]]></MsgType>
<Event><![CDATA[VIEW]]></Event>
<EventKey><![CDATA[http://zhuyu.baimuv.com/app/index.php?i=34&c=entry&do=shop&m=ewei_shop&wxref=mp.weixin.qq.com#wechat_redirect]]></EventKey>
<MenuId>441526356</MenuId>
</xml>

2017-09-12 09:02:38 params :
------------
Array:
message : Array ;
module : basic ;
rule : 24 ;
priority : 0 ;
keyword : Array ;

2017-09-12 09:02:38 response :
------------
Array:
FromUserName : gh_60e7194e99e7 ;
ToUserName : okBFJ1hVli-2ykCgrl7bvzYks_no ;
MsgType : text ;
Content : 查看订购商品请点击下方立即订购/可爱 ;

2017-09-12 09:03:14 trace :
------------
String:
<xml><ToUserName><![CDATA[gh_60e7194e99e7]]></ToUserName>
<FromUserName><![CDATA[okBFJ1hVli-2ykCgrl7bvzYks_no]]></FromUserName>
<CreateTime>1505178194</CreateTime>
<MsgType><![CDATA[event]]></MsgType>
<Event><![CDATA[VIEW]]></Event>
<EventKey><![CDATA[http://zhuyu.baimuv.com/app/index.php?i=34&c=entry&do=shop&m=ewei_shop&wxref=mp.weixin.qq.com#wechat_redirect]]></EventKey>
<MenuId>441526356</MenuId>
</xml>

2017-09-12 09:03:14 params :
------------
Array:
message : Array ;
module : basic ;
rule : 24 ;
priority : 0 ;
keyword : Array ;

2017-09-12 09:03:14 response :
------------
Array:
FromUserName : gh_60e7194e99e7 ;
ToUserName : okBFJ1hVli-2ykCgrl7bvzYks_no ;
MsgType : text ;
Content : 查看订购商品请点击下方立即订购/可爱 ;

