2017-10-06 10:50:11 trace :
------------
String:
<xml><ToUserName><![CDATA[gh_60e7194e99e7]]></ToUserName>
<FromUserName><![CDATA[okBFJ1reiWzmI3-tha2f1TVIRaCI]]></FromUserName>
<CreateTime>1507258210</CreateTime>
<MsgType><![CDATA[event]]></MsgType>
<Event><![CDATA[subscribe]]></Event>
<EventKey><![CDATA[]]></EventKey>
</xml>

2017-10-06 10:50:11 params :
------------
Array:
message : Array ;
module : basic ;
rule : 23 ;
priority : 0 ;
keyword : Array ;

2017-10-06 10:50:11 response :
------------
Array:
FromUserName : gh_60e7194e99e7 ;
ToUserName : okBFJ1reiWzmI3-tha2f1TVIRaCI ;
MsgType : text ;
Content : 感谢您关注珠玉私房烘焙。/呲牙我们秉承着“无添加，健康”的信念，将每一份甜美带给您。 ;

2017-10-06 10:50:48 trace :
------------
String:
<xml><ToUserName><![CDATA[gh_60e7194e99e7]]></ToUserName>
<FromUserName><![CDATA[okBFJ1reiWzmI3-tha2f1TVIRaCI]]></FromUserName>
<CreateTime>1507258248</CreateTime>
<MsgType><![CDATA[event]]></MsgType>
<Event><![CDATA[VIEW]]></Event>
<EventKey><![CDATA[http://zhuyu.baimuv.com/app/index.php?i=34&c=entry&do=shop&m=ewei_shop&wxref=mp.weixin.qq.com#wechat_redirect]]></EventKey>
<MenuId>441526356</MenuId>
</xml>

2017-10-06 10:50:48 params :
------------
Array:
message : Array ;
module : basic ;
rule : 24 ;
priority : 0 ;
keyword : Array ;

2017-10-06 10:50:48 response :
------------
Array:
FromUserName : gh_60e7194e99e7 ;
ToUserName : okBFJ1reiWzmI3-tha2f1TVIRaCI ;
MsgType : text ;
Content : 查看订购商品请点击下方立即订购/可爱 ;

