2017-08-25 16:49:16 trace :
------------
String:
<xml><ToUserName><![CDATA[gh_60e7194e99e7]]></ToUserName>
<FromUserName><![CDATA[okBFJ1ukBcrzitVG-H-69RqTGih8]]></FromUserName>
<CreateTime>1503650956</CreateTime>
<MsgType><![CDATA[event]]></MsgType>
<Event><![CDATA[subscribe]]></Event>
<EventKey><![CDATA[]]></EventKey>
</xml>

2017-08-25 16:49:16 params :
------------
Array:
message : Array ;
module : basic ;
rule : 23 ;
priority : 0 ;
keyword : Array ;

2017-08-25 16:49:16 response :
------------
Array:
FromUserName : gh_60e7194e99e7 ;
ToUserName : okBFJ1ukBcrzitVG-H-69RqTGih8 ;
MsgType : text ;
Content : 感谢您关注珠玉私房烘焙。/呲牙我们秉承着“无添加，健康”的信念，将每一份甜美带给您。 ;

2017-08-25 16:49:34 trace :
------------
String:
<xml><ToUserName><![CDATA[gh_60e7194e99e7]]></ToUserName>
<FromUserName><![CDATA[okBFJ1ukBcrzitVG-H-69RqTGih8]]></FromUserName>
<CreateTime>1503650974</CreateTime>
<MsgType><![CDATA[text]]></MsgType>
<Content><![CDATA[呀你整公众号啦？]]></Content>
<MsgId>6458131758371008493</MsgId>
</xml>

2017-08-25 16:49:34 params :
------------
Array:
message : Array ;
module : basic ;
rule : 24 ;
priority : 0 ;
keyword : Array ;

2017-08-25 16:49:34 response :
------------
Array:
FromUserName : gh_60e7194e99e7 ;
ToUserName : okBFJ1ukBcrzitVG-H-69RqTGih8 ;
MsgType : text ;
Content : 查看订购商品请点击下方立即订购/可爱 ;

2017-08-25 16:50:18 trace :
------------
String:
<xml><ToUserName><![CDATA[gh_60e7194e99e7]]></ToUserName>
<FromUserName><![CDATA[okBFJ1ukBcrzitVG-H-69RqTGih8]]></FromUserName>
<CreateTime>1503651018</CreateTime>
<MsgType><![CDATA[event]]></MsgType>
<Event><![CDATA[VIEW]]></Event>
<EventKey><![CDATA[http://zhuyu.baimuv.com/app/index.php?i=34&c=entry&do=shop&m=ewei_shop&wxref=mp.weixin.qq.com#wechat_redirect]]></EventKey>
<MenuId>441526356</MenuId>
</xml>

2017-08-25 16:50:18 params :
------------
Array:
message : Array ;
module : basic ;
rule : 24 ;
priority : 0 ;
keyword : Array ;

2017-08-25 16:50:18 response :
------------
Array:
FromUserName : gh_60e7194e99e7 ;
ToUserName : okBFJ1ukBcrzitVG-H-69RqTGih8 ;
MsgType : text ;
Content : 查看订购商品请点击下方立即订购/可爱 ;

2017-08-25 16:50:18 trace :
------------
String:
<xml><ToUserName><![CDATA[gh_60e7194e99e7]]></ToUserName>
<FromUserName><![CDATA[okBFJ1ukBcrzitVG-H-69RqTGih8]]></FromUserName>
<CreateTime>1503651018</CreateTime>
<MsgType><![CDATA[event]]></MsgType>
<Event><![CDATA[VIEW]]></Event>
<EventKey><![CDATA[http://zhuyu.baimuv.com/app/index.php?i=34&c=entry&do=shop&m=ewei_shop&wxref=mp.weixin.qq.com#wechat_redirect]]></EventKey>
<MenuId>441526356</MenuId>
</xml>

2017-08-25 16:50:18 params :
------------
Array:
message : Array ;
module : basic ;
rule : 24 ;
priority : 0 ;
keyword : Array ;

2017-08-25 16:50:18 response :
------------
Array:
FromUserName : gh_60e7194e99e7 ;
ToUserName : okBFJ1ukBcrzitVG-H-69RqTGih8 ;
MsgType : text ;
Content : 查看订购商品请点击下方立即订购/可爱 ;

2017-08-25 16:50:25 trace :
------------
String:
<xml><ToUserName><![CDATA[gh_60e7194e99e7]]></ToUserName>
<FromUserName><![CDATA[okBFJ1ukBcrzitVG-H-69RqTGih8]]></FromUserName>
<CreateTime>1503651025</CreateTime>
<MsgType><![CDATA[event]]></MsgType>
<Event><![CDATA[VIEW]]></Event>
<EventKey><![CDATA[http://zhuyu.baimuv.com/app/index.php?i=34&c=entry&do=shop&m=ewei_shop&wxref=mp.weixin.qq.com#wechat_redirect]]></EventKey>
<MenuId>441526356</MenuId>
</xml>

2017-08-25 16:50:25 params :
------------
Array:
message : Array ;
module : basic ;
rule : 24 ;
priority : 0 ;
keyword : Array ;

2017-08-25 16:50:25 response :
------------
Array:
FromUserName : gh_60e7194e99e7 ;
ToUserName : okBFJ1ukBcrzitVG-H-69RqTGih8 ;
MsgType : text ;
Content : 查看订购商品请点击下方立即订购/可爱 ;

2017-08-25 16:53:24 trace :
------------
String:
<xml><ToUserName><![CDATA[gh_60e7194e99e7]]></ToUserName>
<FromUserName><![CDATA[okBFJ1ukBcrzitVG-H-69RqTGih8]]></FromUserName>
<CreateTime>1503651204</CreateTime>
<MsgType><![CDATA[event]]></MsgType>
<Event><![CDATA[VIEW]]></Event>
<EventKey><![CDATA[http://zhuyu.baimuv.com/app/index.php?i=34&c=entry&do=shop&m=ewei_shop&wxref=mp.weixin.qq.com#wechat_redirect]]></EventKey>
<MenuId>441526356</MenuId>
</xml>

2017-08-25 16:53:24 params :
------------
Array:
message : Array ;
module : basic ;
rule : 24 ;
priority : 0 ;
keyword : Array ;

2017-08-25 16:53:24 response :
------------
Array:
FromUserName : gh_60e7194e99e7 ;
ToUserName : okBFJ1ukBcrzitVG-H-69RqTGih8 ;
MsgType : text ;
Content : 查看订购商品请点击下方立即订购/可爱 ;

2017-08-25 16:56:06 trace :
------------
String:
<xml><ToUserName><![CDATA[gh_60e7194e99e7]]></ToUserName>
<FromUserName><![CDATA[okBFJ1ukBcrzitVG-H-69RqTGih8]]></FromUserName>
<CreateTime>1503651366</CreateTime>
<MsgType><![CDATA[event]]></MsgType>
<Event><![CDATA[VIEW]]></Event>
<EventKey><![CDATA[http://zhuyu.baimuv.com/app/index.php?i=34&c=entry&do=shop&m=ewei_shop&wxref=mp.weixin.qq.com#wechat_redirect]]></EventKey>
<MenuId>441526356</MenuId>
</xml>

2017-08-25 16:56:06 params :
------------
Array:
message : Array ;
module : basic ;
rule : 24 ;
priority : 0 ;
keyword : Array ;

2017-08-25 16:56:06 response :
------------
Array:
FromUserName : gh_60e7194e99e7 ;
ToUserName : okBFJ1ukBcrzitVG-H-69RqTGih8 ;
MsgType : text ;
Content : 查看订购商品请点击下方立即订购/可爱 ;

