2017-09-14 09:19:37 trace :
------------
String:
<xml><ToUserName><![CDATA[gh_60e7194e99e7]]></ToUserName>
<FromUserName><![CDATA[okBFJ1skaxUqbCQ4DvuIjhZ6Xd78]]></FromUserName>
<CreateTime>1505351977</CreateTime>
<MsgType><![CDATA[event]]></MsgType>
<Event><![CDATA[VIEW]]></Event>
<EventKey><![CDATA[http://zhuyu.baimuv.com/app/index.php?i=34&c=entry&do=member&m=ewei_shop]]></EventKey>
<MenuId>441526356</MenuId>
</xml>

2017-09-14 09:19:37 params :
------------
Array:
message : Array ;
module : basic ;
rule : 24 ;
priority : 0 ;
keyword : Array ;

2017-09-14 09:19:37 response :
------------
Array:
FromUserName : gh_60e7194e99e7 ;
ToUserName : okBFJ1skaxUqbCQ4DvuIjhZ6Xd78 ;
MsgType : text ;
Content : 查看订购商品请点击下方立即订购/可爱 ;

2017-09-14 09:19:59 trace :
------------
String:
<xml><ToUserName><![CDATA[gh_60e7194e99e7]]></ToUserName>
<FromUserName><![CDATA[okBFJ1skaxUqbCQ4DvuIjhZ6Xd78]]></FromUserName>
<CreateTime>1505351999</CreateTime>
<MsgType><![CDATA[event]]></MsgType>
<Event><![CDATA[CLICK]]></Event>
<EventKey><![CDATA[关于我们]]></EventKey>
</xml>

2017-09-14 09:19:59 params :
------------
Array:
message : Array ;
module : basic ;
rule : 22 ;
priority : 0 ;
keyword : Array ;

2017-09-14 09:19:59 response :
------------
Array:
FromUserName : gh_60e7194e99e7 ;
ToUserName : okBFJ1skaxUqbCQ4DvuIjhZ6Xd78 ;
MsgType : text ;
Content : 感谢您关注珠玉私房烘焙。/呲牙我们秉承着“无添加，健康”的信念，将每一份甜美带给您。 ;

2017-09-14 09:36:01 trace :
------------
String:
<xml><ToUserName><![CDATA[gh_60e7194e99e7]]></ToUserName>
<FromUserName><![CDATA[okBFJ1qhvF8ccsooTsKdFPB_yYYE]]></FromUserName>
<CreateTime>1505352960</CreateTime>
<MsgType><![CDATA[event]]></MsgType>
<Event><![CDATA[subscribe]]></Event>
<EventKey><![CDATA[]]></EventKey>
</xml>

2017-09-14 09:36:01 params :
------------
Array:
message : Array ;
module : basic ;
rule : 23 ;
priority : 0 ;
keyword : Array ;

2017-09-14 09:36:01 response :
------------
Array:
FromUserName : gh_60e7194e99e7 ;
ToUserName : okBFJ1qhvF8ccsooTsKdFPB_yYYE ;
MsgType : text ;
Content : 感谢您关注珠玉私房烘焙。/呲牙我们秉承着“无添加，健康”的信念，将每一份甜美带给您。 ;

2017-09-14 12:34:24 trace :
------------
String:
<xml><ToUserName><![CDATA[gh_60e7194e99e7]]></ToUserName>
<FromUserName><![CDATA[okBFJ1i9RhZR9VrrVMp52Zt6WT50]]></FromUserName>
<CreateTime>1505363664</CreateTime>
<MsgType><![CDATA[event]]></MsgType>
<Event><![CDATA[subscribe]]></Event>
<EventKey><![CDATA[]]></EventKey>
</xml>

2017-09-14 12:34:24 params :
------------
Array:
message : Array ;
module : basic ;
rule : 23 ;
priority : 0 ;
keyword : Array ;

2017-09-14 12:34:24 response :
------------
Array:
FromUserName : gh_60e7194e99e7 ;
ToUserName : okBFJ1i9RhZR9VrrVMp52Zt6WT50 ;
MsgType : text ;
Content : 感谢您关注珠玉私房烘焙。/呲牙我们秉承着“无添加，健康”的信念，将每一份甜美带给您。 ;

2017-09-14 12:34:28 trace :
------------
String:
<xml><ToUserName><![CDATA[gh_60e7194e99e7]]></ToUserName>
<FromUserName><![CDATA[okBFJ1i9RhZR9VrrVMp52Zt6WT50]]></FromUserName>
<CreateTime>1505363668</CreateTime>
<MsgType><![CDATA[event]]></MsgType>
<Event><![CDATA[VIEW]]></Event>
<EventKey><![CDATA[http://zhuyu.baimuv.com/app/index.php?i=34&c=entry&do=shop&m=ewei_shop&wxref=mp.weixin.qq.com#wechat_redirect]]></EventKey>
<MenuId>441526356</MenuId>
</xml>

2017-09-14 12:34:28 params :
------------
Array:
message : Array ;
module : basic ;
rule : 24 ;
priority : 0 ;
keyword : Array ;

2017-09-14 12:34:28 response :
------------
Array:
FromUserName : gh_60e7194e99e7 ;
ToUserName : okBFJ1i9RhZR9VrrVMp52Zt6WT50 ;
MsgType : text ;
Content : 查看订购商品请点击下方立即订购/可爱 ;

2017-09-14 12:36:30 trace :
------------
String:
<xml><ToUserName><![CDATA[gh_60e7194e99e7]]></ToUserName>
<FromUserName><![CDATA[okBFJ1syvN3cgvOe8l2uC88kVDlU]]></FromUserName>
<CreateTime>1505363790</CreateTime>
<MsgType><![CDATA[event]]></MsgType>
<Event><![CDATA[VIEW]]></Event>
<EventKey><![CDATA[http://zhuyu.baimuv.com/app/index.php?i=34&c=entry&do=shop&m=ewei_shop&wxref=mp.weixin.qq.com#wechat_redirect]]></EventKey>
<MenuId>441526356</MenuId>
</xml>

2017-09-14 12:36:30 params :
------------
Array:
message : Array ;
module : basic ;
rule : 24 ;
priority : 0 ;
keyword : Array ;

2017-09-14 12:36:30 response :
------------
Array:
FromUserName : gh_60e7194e99e7 ;
ToUserName : okBFJ1syvN3cgvOe8l2uC88kVDlU ;
MsgType : text ;
Content : 查看订购商品请点击下方立即订购/可爱 ;

2017-09-14 19:26:34 trace :
------------
String:
<xml><ToUserName><![CDATA[gh_60e7194e99e7]]></ToUserName>
<FromUserName><![CDATA[okBFJ1vzA-MNbNe9i8ZjugNxsan8]]></FromUserName>
<CreateTime>1505388394</CreateTime>
<MsgType><![CDATA[event]]></MsgType>
<Event><![CDATA[subscribe]]></Event>
<EventKey><![CDATA[]]></EventKey>
</xml>

2017-09-14 19:26:34 params :
------------
Array:
message : Array ;
module : basic ;
rule : 23 ;
priority : 0 ;
keyword : Array ;

2017-09-14 19:26:34 response :
------------
Array:
FromUserName : gh_60e7194e99e7 ;
ToUserName : okBFJ1vzA-MNbNe9i8ZjugNxsan8 ;
MsgType : text ;
Content : 感谢您关注珠玉私房烘焙。/呲牙我们秉承着“无添加，健康”的信念，将每一份甜美带给您。 ;

2017-09-14 19:26:43 trace :
------------
String:
<xml><ToUserName><![CDATA[gh_60e7194e99e7]]></ToUserName>
<FromUserName><![CDATA[okBFJ1vzA-MNbNe9i8ZjugNxsan8]]></FromUserName>
<CreateTime>1505388402</CreateTime>
<MsgType><![CDATA[event]]></MsgType>
<Event><![CDATA[VIEW]]></Event>
<EventKey><![CDATA[http://zhuyu.baimuv.com/app/index.php?i=34&c=entry&do=shop&m=ewei_shop&wxref=mp.weixin.qq.com#wechat_redirect]]></EventKey>
<MenuId>441526356</MenuId>
</xml>

2017-09-14 19:26:43 params :
------------
Array:
message : Array ;
module : basic ;
rule : 24 ;
priority : 0 ;
keyword : Array ;

2017-09-14 19:26:43 response :
------------
Array:
FromUserName : gh_60e7194e99e7 ;
ToUserName : okBFJ1vzA-MNbNe9i8ZjugNxsan8 ;
MsgType : text ;
Content : 查看订购商品请点击下方立即订购/可爱 ;

2017-09-14 19:37:01 trace :
------------
String:
<xml><ToUserName><![CDATA[gh_60e7194e99e7]]></ToUserName>
<FromUserName><![CDATA[okBFJ1vzA-MNbNe9i8ZjugNxsan8]]></FromUserName>
<CreateTime>1505389021</CreateTime>
<MsgType><![CDATA[event]]></MsgType>
<Event><![CDATA[VIEW]]></Event>
<EventKey><![CDATA[http://zhuyu.baimuv.com/app/index.php?i=34&c=entry&do=member&m=ewei_shop]]></EventKey>
<MenuId>441526356</MenuId>
</xml>

2017-09-14 19:37:01 params :
------------
Array:
message : Array ;
module : basic ;
rule : 24 ;
priority : 0 ;
keyword : Array ;

2017-09-14 19:37:01 response :
------------
Array:
FromUserName : gh_60e7194e99e7 ;
ToUserName : okBFJ1vzA-MNbNe9i8ZjugNxsan8 ;
MsgType : text ;
Content : 查看订购商品请点击下方立即订购/可爱 ;

2017-09-14 19:37:10 trace :
------------
String:
<xml><ToUserName><![CDATA[gh_60e7194e99e7]]></ToUserName>
<FromUserName><![CDATA[okBFJ1vzA-MNbNe9i8ZjugNxsan8]]></FromUserName>
<CreateTime>1505389030</CreateTime>
<MsgType><![CDATA[event]]></MsgType>
<Event><![CDATA[VIEW]]></Event>
<EventKey><![CDATA[http://zhuyu.baimuv.com/app/index.php?i=34&c=entry&do=shop&m=ewei_shop&wxref=mp.weixin.qq.com#wechat_redirect]]></EventKey>
<MenuId>441526356</MenuId>
</xml>

2017-09-14 19:37:10 params :
------------
Array:
message : Array ;
module : basic ;
rule : 24 ;
priority : 0 ;
keyword : Array ;

2017-09-14 19:37:10 response :
------------
Array:
FromUserName : gh_60e7194e99e7 ;
ToUserName : okBFJ1vzA-MNbNe9i8ZjugNxsan8 ;
MsgType : text ;
Content : 查看订购商品请点击下方立即订购/可爱 ;

2017-09-14 19:37:35 trace :
------------
String:
<xml><ToUserName><![CDATA[gh_60e7194e99e7]]></ToUserName>
<FromUserName><![CDATA[okBFJ1vzA-MNbNe9i8ZjugNxsan8]]></FromUserName>
<CreateTime>1505389055</CreateTime>
<MsgType><![CDATA[event]]></MsgType>
<Event><![CDATA[CLICK]]></Event>
<EventKey><![CDATA[关于我们]]></EventKey>
</xml>

2017-09-14 19:37:35 params :
------------
Array:
message : Array ;
module : basic ;
rule : 22 ;
priority : 0 ;
keyword : Array ;

2017-09-14 19:37:35 response :
------------
Array:
FromUserName : gh_60e7194e99e7 ;
ToUserName : okBFJ1vzA-MNbNe9i8ZjugNxsan8 ;
MsgType : text ;
Content : 感谢您关注珠玉私房烘焙。/呲牙我们秉承着“无添加，健康”的信念，将每一份甜美带给您。 ;

2017-09-14 21:25:50 trace :
------------
String:
<xml><ToUserName><![CDATA[gh_60e7194e99e7]]></ToUserName>
<FromUserName><![CDATA[okBFJ1l6nyR8tD1Ed05naRX-AQuM]]></FromUserName>
<CreateTime>1505395550</CreateTime>
<MsgType><![CDATA[event]]></MsgType>
<Event><![CDATA[subscribe]]></Event>
<EventKey><![CDATA[]]></EventKey>
</xml>

2017-09-14 21:25:50 params :
------------
Array:
message : Array ;
module : basic ;
rule : 23 ;
priority : 0 ;
keyword : Array ;

2017-09-14 21:25:50 response :
------------
Array:
FromUserName : gh_60e7194e99e7 ;
ToUserName : okBFJ1l6nyR8tD1Ed05naRX-AQuM ;
MsgType : text ;
Content : 感谢您关注珠玉私房烘焙。/呲牙我们秉承着“无添加，健康”的信念，将每一份甜美带给您。 ;

2017-09-14 21:25:56 trace :
------------
String:
<xml><ToUserName><![CDATA[gh_60e7194e99e7]]></ToUserName>
<FromUserName><![CDATA[okBFJ1l6nyR8tD1Ed05naRX-AQuM]]></FromUserName>
<CreateTime>1505395556</CreateTime>
<MsgType><![CDATA[event]]></MsgType>
<Event><![CDATA[VIEW]]></Event>
<EventKey><![CDATA[http://zhuyu.baimuv.com/app/index.php?i=34&c=entry&do=shop&m=ewei_shop&wxref=mp.weixin.qq.com#wechat_redirect]]></EventKey>
<MenuId>441526356</MenuId>
</xml>

2017-09-14 21:25:56 params :
------------
Array:
message : Array ;
module : basic ;
rule : 24 ;
priority : 0 ;
keyword : Array ;

2017-09-14 21:25:56 response :
------------
Array:
FromUserName : gh_60e7194e99e7 ;
ToUserName : okBFJ1l6nyR8tD1Ed05naRX-AQuM ;
MsgType : text ;
Content : 查看订购商品请点击下方立即订购/可爱 ;

2017-09-14 21:27:14 trace :
------------
String:
<xml><ToUserName><![CDATA[gh_60e7194e99e7]]></ToUserName>
<FromUserName><![CDATA[okBFJ1l6nyR8tD1Ed05naRX-AQuM]]></FromUserName>
<CreateTime>1505395634</CreateTime>
<MsgType><![CDATA[event]]></MsgType>
<Event><![CDATA[VIEW]]></Event>
<EventKey><![CDATA[http://zhuyu.baimuv.com/app/index.php?i=34&c=entry&do=shop&m=ewei_shop&wxref=mp.weixin.qq.com#wechat_redirect]]></EventKey>
<MenuId>441526356</MenuId>
</xml>

2017-09-14 21:27:14 params :
------------
Array:
message : Array ;
module : basic ;
rule : 24 ;
priority : 0 ;
keyword : Array ;

2017-09-14 21:27:14 response :
------------
Array:
FromUserName : gh_60e7194e99e7 ;
ToUserName : okBFJ1l6nyR8tD1Ed05naRX-AQuM ;
MsgType : text ;
Content : 查看订购商品请点击下方立即订购/可爱 ;

