2017-08-30 23:08:36 trace :
------------
String:
<xml><ToUserName><![CDATA[gh_60e7194e99e7]]></ToUserName>
<FromUserName><![CDATA[okBFJ1nSVVUG9qk5DzvYJ4_jt_wI]]></FromUserName>
<CreateTime>1504105716</CreateTime>
<MsgType><![CDATA[event]]></MsgType>
<Event><![CDATA[subscribe]]></Event>
<EventKey><![CDATA[]]></EventKey>
</xml>

2017-08-30 23:08:36 params :
------------
Array:
message : Array ;
module : basic ;
rule : 23 ;
priority : 0 ;
keyword : Array ;

2017-08-30 23:08:36 response :
------------
Array:
FromUserName : gh_60e7194e99e7 ;
ToUserName : okBFJ1nSVVUG9qk5DzvYJ4_jt_wI ;
MsgType : text ;
Content : 感谢您关注珠玉私房烘焙。/呲牙我们秉承着“无添加，健康”的信念，将每一份甜美带给您。 ;

2017-08-30 23:08:40 trace :
------------
String:
<xml><ToUserName><![CDATA[gh_60e7194e99e7]]></ToUserName>
<FromUserName><![CDATA[okBFJ1nSVVUG9qk5DzvYJ4_jt_wI]]></FromUserName>
<CreateTime>1504105720</CreateTime>
<MsgType><![CDATA[event]]></MsgType>
<Event><![CDATA[CLICK]]></Event>
<EventKey><![CDATA[关于我们]]></EventKey>
</xml>

2017-08-30 23:08:40 params :
------------
Array:
message : Array ;
module : basic ;
rule : 22 ;
priority : 0 ;
keyword : Array ;

2017-08-30 23:08:40 response :
------------
Array:
FromUserName : gh_60e7194e99e7 ;
ToUserName : okBFJ1nSVVUG9qk5DzvYJ4_jt_wI ;
MsgType : text ;
Content : 感谢您关注珠玉私房烘焙。/呲牙我们秉承着“无添加，健康”的信念，将每一份甜美带给您。 ;

2017-08-30 23:08:43 trace :
------------
String:
<xml><ToUserName><![CDATA[gh_60e7194e99e7]]></ToUserName>
<FromUserName><![CDATA[okBFJ1nSVVUG9qk5DzvYJ4_jt_wI]]></FromUserName>
<CreateTime>1504105723</CreateTime>
<MsgType><![CDATA[event]]></MsgType>
<Event><![CDATA[VIEW]]></Event>
<EventKey><![CDATA[http://zhuyu.baimuv.com/app/index.php?i=34&c=entry&do=member&m=ewei_shop]]></EventKey>
<MenuId>441526356</MenuId>
</xml>

2017-08-30 23:08:43 params :
------------
Array:
message : Array ;
module : basic ;
rule : 24 ;
priority : 0 ;
keyword : Array ;

2017-08-30 23:08:43 response :
------------
Array:
FromUserName : gh_60e7194e99e7 ;
ToUserName : okBFJ1nSVVUG9qk5DzvYJ4_jt_wI ;
MsgType : text ;
Content : 查看订购商品请点击下方立即订购/可爱 ;

2017-08-30 23:09:02 trace :
------------
String:
<xml><ToUserName><![CDATA[gh_60e7194e99e7]]></ToUserName>
<FromUserName><![CDATA[okBFJ1nSVVUG9qk5DzvYJ4_jt_wI]]></FromUserName>
<CreateTime>1504105742</CreateTime>
<MsgType><![CDATA[event]]></MsgType>
<Event><![CDATA[unsubscribe]]></Event>
<EventKey><![CDATA[]]></EventKey>
</xml>

