2017-10-26 16:02:28 trace :
------------
String:
<xml><ToUserName><![CDATA[gh_60e7194e99e7]]></ToUserName>
<FromUserName><![CDATA[okBFJ1ssjItd2JRIYfnbqXV-Vzuw]]></FromUserName>
<CreateTime>1509004948</CreateTime>
<MsgType><![CDATA[event]]></MsgType>
<Event><![CDATA[VIEW]]></Event>
<EventKey><![CDATA[http://zhuyu.baimuv.com/app/index.php?i=34&c=entry&do=shop&m=ewei_shop&wxref=mp.weixin.qq.com#wechat_redirect]]></EventKey>
<MenuId>441526356</MenuId>
</xml>

2017-10-26 16:02:28 params :
------------
Array:
message : Array ;
module : basic ;
rule : 24 ;
priority : 0 ;
keyword : Array ;

2017-10-26 16:02:28 response :
------------
Array:
FromUserName : gh_60e7194e99e7 ;
ToUserName : okBFJ1ssjItd2JRIYfnbqXV-Vzuw ;
MsgType : text ;
Content : 查看订购商品请点击下方立即订购/可爱 ;

