2017-08-09 20:49:22 trace :
------------
String:
<xml><ToUserName><![CDATA[gh_60e7194e99e7]]></ToUserName>
<FromUserName><![CDATA[okBFJ1s2llUjYcP96rkR_mpiu1qY]]></FromUserName>
<CreateTime>1502282962</CreateTime>
<MsgType><![CDATA[event]]></MsgType>
<Event><![CDATA[subscribe]]></Event>
<EventKey><![CDATA[]]></EventKey>
</xml>

2017-08-09 20:49:23 params :
------------
Array:
message : Array ;
module : basic ;
rule : 23 ;
priority : 0 ;
keyword : Array ;

2017-08-09 20:49:23 response :
------------
Array:
FromUserName : gh_60e7194e99e7 ;
ToUserName : okBFJ1s2llUjYcP96rkR_mpiu1qY ;
MsgType : text ;
Content : 感谢您关注珠玉私房烘焙。/呲牙我们秉承着“无添加，健康”的信念，将每一份甜美带给您。 ;

2017-08-09 20:51:10 trace :
------------
String:
<xml><ToUserName><![CDATA[gh_60e7194e99e7]]></ToUserName>
<FromUserName><![CDATA[okBFJ1nuqPPKLApy-jRHTOKBfsEg]]></FromUserName>
<CreateTime>1502283070</CreateTime>
<MsgType><![CDATA[event]]></MsgType>
<Event><![CDATA[subscribe]]></Event>
<EventKey><![CDATA[]]></EventKey>
</xml>

2017-08-09 20:51:10 params :
------------
Array:
message : Array ;
module : basic ;
rule : 23 ;
priority : 0 ;
keyword : Array ;

2017-08-09 20:51:10 response :
------------
Array:
FromUserName : gh_60e7194e99e7 ;
ToUserName : okBFJ1nuqPPKLApy-jRHTOKBfsEg ;
MsgType : text ;
Content : 感谢您关注珠玉私房烘焙。/呲牙我们秉承着“无添加，健康”的信念，将每一份甜美带给您。 ;

2017-08-09 20:51:45 trace :
------------
String:
<xml><ToUserName><![CDATA[gh_60e7194e99e7]]></ToUserName>
<FromUserName><![CDATA[okBFJ1nuqPPKLApy-jRHTOKBfsEg]]></FromUserName>
<CreateTime>1502283105</CreateTime>
<MsgType><![CDATA[event]]></MsgType>
<Event><![CDATA[VIEW]]></Event>
<EventKey><![CDATA[http://zhuyu.baimuv.com/app/index.php?i=34&c=entry&do=member&m=ewei_shop]]></EventKey>
<MenuId>441526356</MenuId>
</xml>

2017-08-09 20:51:45 params :
------------
Array:
message : Array ;
module : basic ;
rule : 24 ;
priority : 0 ;
keyword : Array ;

2017-08-09 20:51:45 response :
------------
Array:
FromUserName : gh_60e7194e99e7 ;
ToUserName : okBFJ1nuqPPKLApy-jRHTOKBfsEg ;
MsgType : text ;
Content : 查看订购商品请点击下方立即订购/可爱 ;

2017-08-09 20:51:54 trace :
------------
String:
<xml><ToUserName><![CDATA[gh_60e7194e99e7]]></ToUserName>
<FromUserName><![CDATA[okBFJ1nuqPPKLApy-jRHTOKBfsEg]]></FromUserName>
<CreateTime>1502283114</CreateTime>
<MsgType><![CDATA[event]]></MsgType>
<Event><![CDATA[VIEW]]></Event>
<EventKey><![CDATA[http://zhuyu.baimuv.com/app/index.php?i=34&c=entry&do=shop&m=ewei_shop&wxref=mp.weixin.qq.com#wechat_redirect]]></EventKey>
<MenuId>441526356</MenuId>
</xml>

2017-08-09 20:51:54 params :
------------
Array:
message : Array ;
module : basic ;
rule : 24 ;
priority : 0 ;
keyword : Array ;

2017-08-09 20:51:54 response :
------------
Array:
FromUserName : gh_60e7194e99e7 ;
ToUserName : okBFJ1nuqPPKLApy-jRHTOKBfsEg ;
MsgType : text ;
Content : 查看订购商品请点击下方立即订购/可爱 ;

2017-08-09 20:51:59 trace :
------------
String:
<xml><ToUserName><![CDATA[gh_60e7194e99e7]]></ToUserName>
<FromUserName><![CDATA[okBFJ1n-HbXSNChkf_DzMr6z3tsA]]></FromUserName>
<CreateTime>1502283119</CreateTime>
<MsgType><![CDATA[event]]></MsgType>
<Event><![CDATA[subscribe]]></Event>
<EventKey><![CDATA[]]></EventKey>
</xml>

2017-08-09 20:51:59 params :
------------
Array:
message : Array ;
module : basic ;
rule : 23 ;
priority : 0 ;
keyword : Array ;

2017-08-09 20:51:59 response :
------------
Array:
FromUserName : gh_60e7194e99e7 ;
ToUserName : okBFJ1n-HbXSNChkf_DzMr6z3tsA ;
MsgType : text ;
Content : 感谢您关注珠玉私房烘焙。/呲牙我们秉承着“无添加，健康”的信念，将每一份甜美带给您。 ;

2017-08-09 20:52:08 trace :
------------
String:
<xml><ToUserName><![CDATA[gh_60e7194e99e7]]></ToUserName>
<FromUserName><![CDATA[okBFJ1n-HbXSNChkf_DzMr6z3tsA]]></FromUserName>
<CreateTime>1502283128</CreateTime>
<MsgType><![CDATA[event]]></MsgType>
<Event><![CDATA[VIEW]]></Event>
<EventKey><![CDATA[http://zhuyu.baimuv.com/app/index.php?i=34&c=entry&do=shop&m=ewei_shop&wxref=mp.weixin.qq.com#wechat_redirect]]></EventKey>
<MenuId>441526356</MenuId>
</xml>

2017-08-09 20:52:08 params :
------------
Array:
message : Array ;
module : basic ;
rule : 24 ;
priority : 0 ;
keyword : Array ;

2017-08-09 20:52:08 response :
------------
Array:
FromUserName : gh_60e7194e99e7 ;
ToUserName : okBFJ1n-HbXSNChkf_DzMr6z3tsA ;
MsgType : text ;
Content : 查看订购商品请点击下方立即订购/可爱 ;

2017-08-09 20:54:28 trace :
------------
String:
<xml><ToUserName><![CDATA[gh_60e7194e99e7]]></ToUserName>
<FromUserName><![CDATA[okBFJ1n-HbXSNChkf_DzMr6z3tsA]]></FromUserName>
<CreateTime>1502283268</CreateTime>
<MsgType><![CDATA[event]]></MsgType>
<Event><![CDATA[VIEW]]></Event>
<EventKey><![CDATA[http://zhuyu.baimuv.com/app/index.php?i=34&c=entry&do=member&m=ewei_shop]]></EventKey>
<MenuId>441526356</MenuId>
</xml>

2017-08-09 20:54:28 params :
------------
Array:
message : Array ;
module : basic ;
rule : 24 ;
priority : 0 ;
keyword : Array ;

2017-08-09 20:54:28 response :
------------
Array:
FromUserName : gh_60e7194e99e7 ;
ToUserName : okBFJ1n-HbXSNChkf_DzMr6z3tsA ;
MsgType : text ;
Content : 查看订购商品请点击下方立即订购/可爱 ;

2017-08-09 20:54:53 trace :
------------
String:
<xml><ToUserName><![CDATA[gh_60e7194e99e7]]></ToUserName>
<FromUserName><![CDATA[okBFJ1maLO8k8-023e6yIiau1rv4]]></FromUserName>
<CreateTime>1502283293</CreateTime>
<MsgType><![CDATA[event]]></MsgType>
<Event><![CDATA[subscribe]]></Event>
<EventKey><![CDATA[]]></EventKey>
</xml>

2017-08-09 20:54:53 params :
------------
Array:
message : Array ;
module : basic ;
rule : 23 ;
priority : 0 ;
keyword : Array ;

2017-08-09 20:54:53 response :
------------
Array:
FromUserName : gh_60e7194e99e7 ;
ToUserName : okBFJ1maLO8k8-023e6yIiau1rv4 ;
MsgType : text ;
Content : 感谢您关注珠玉私房烘焙。/呲牙我们秉承着“无添加，健康”的信念，将每一份甜美带给您。 ;

2017-08-09 20:56:33 trace :
------------
String:
<xml><ToUserName><![CDATA[gh_60e7194e99e7]]></ToUserName>
<FromUserName><![CDATA[okBFJ1maLO8k8-023e6yIiau1rv4]]></FromUserName>
<CreateTime>1502283393</CreateTime>
<MsgType><![CDATA[event]]></MsgType>
<Event><![CDATA[VIEW]]></Event>
<EventKey><![CDATA[http://zhuyu.baimuv.com/app/index.php?i=34&c=entry&do=member&m=ewei_shop]]></EventKey>
<MenuId>441526356</MenuId>
</xml>

2017-08-09 20:56:33 params :
------------
Array:
message : Array ;
module : basic ;
rule : 24 ;
priority : 0 ;
keyword : Array ;

2017-08-09 20:56:33 response :
------------
Array:
FromUserName : gh_60e7194e99e7 ;
ToUserName : okBFJ1maLO8k8-023e6yIiau1rv4 ;
MsgType : text ;
Content : 查看订购商品请点击下方立即订购/可爱 ;

2017-08-09 20:56:50 trace :
------------
String:
<xml><ToUserName><![CDATA[gh_60e7194e99e7]]></ToUserName>
<FromUserName><![CDATA[okBFJ1maLO8k8-023e6yIiau1rv4]]></FromUserName>
<CreateTime>1502283410</CreateTime>
<MsgType><![CDATA[event]]></MsgType>
<Event><![CDATA[CLICK]]></Event>
<EventKey><![CDATA[关于我们]]></EventKey>
</xml>

2017-08-09 20:56:50 params :
------------
Array:
message : Array ;
module : basic ;
rule : 22 ;
priority : 0 ;
keyword : Array ;

2017-08-09 20:56:50 response :
------------
Array:
FromUserName : gh_60e7194e99e7 ;
ToUserName : okBFJ1maLO8k8-023e6yIiau1rv4 ;
MsgType : text ;
Content : 感谢您关注珠玉私房烘焙。/呲牙我们秉承着“无添加，健康”的信念，将每一份甜美带给您。 ;

2017-08-09 20:56:53 trace :
------------
String:
<xml><ToUserName><![CDATA[gh_60e7194e99e7]]></ToUserName>
<FromUserName><![CDATA[okBFJ1maLO8k8-023e6yIiau1rv4]]></FromUserName>
<CreateTime>1502283413</CreateTime>
<MsgType><![CDATA[event]]></MsgType>
<Event><![CDATA[VIEW]]></Event>
<EventKey><![CDATA[http://zhuyu.baimuv.com/app/index.php?i=34&c=entry&do=shop&m=ewei_shop&wxref=mp.weixin.qq.com#wechat_redirect]]></EventKey>
<MenuId>441526356</MenuId>
</xml>

2017-08-09 20:56:53 params :
------------
Array:
message : Array ;
module : basic ;
rule : 24 ;
priority : 0 ;
keyword : Array ;

2017-08-09 20:56:53 response :
------------
Array:
FromUserName : gh_60e7194e99e7 ;
ToUserName : okBFJ1maLO8k8-023e6yIiau1rv4 ;
MsgType : text ;
Content : 查看订购商品请点击下方立即订购/可爱 ;

2017-08-09 21:06:21 trace :
------------
String:
<xml><ToUserName><![CDATA[gh_60e7194e99e7]]></ToUserName>
<FromUserName><![CDATA[okBFJ1p-r1v18vIfEgx_blr-jD3g]]></FromUserName>
<CreateTime>1502283981</CreateTime>
<MsgType><![CDATA[event]]></MsgType>
<Event><![CDATA[subscribe]]></Event>
<EventKey><![CDATA[]]></EventKey>
</xml>

2017-08-09 21:06:21 params :
------------
Array:
message : Array ;
module : basic ;
rule : 23 ;
priority : 0 ;
keyword : Array ;

2017-08-09 21:06:21 response :
------------
Array:
FromUserName : gh_60e7194e99e7 ;
ToUserName : okBFJ1p-r1v18vIfEgx_blr-jD3g ;
MsgType : text ;
Content : 感谢您关注珠玉私房烘焙。/呲牙我们秉承着“无添加，健康”的信念，将每一份甜美带给您。 ;

2017-08-09 21:20:54 trace :
------------
String:
<xml><ToUserName><![CDATA[gh_60e7194e99e7]]></ToUserName>
<FromUserName><![CDATA[okBFJ1p-r1v18vIfEgx_blr-jD3g]]></FromUserName>
<CreateTime>1502284853</CreateTime>
<MsgType><![CDATA[event]]></MsgType>
<Event><![CDATA[CLICK]]></Event>
<EventKey><![CDATA[关于我们]]></EventKey>
</xml>

2017-08-09 21:20:54 params :
------------
Array:
message : Array ;
module : basic ;
rule : 22 ;
priority : 0 ;
keyword : Array ;

2017-08-09 21:20:54 response :
------------
Array:
FromUserName : gh_60e7194e99e7 ;
ToUserName : okBFJ1p-r1v18vIfEgx_blr-jD3g ;
MsgType : text ;
Content : 感谢您关注珠玉私房烘焙。/呲牙我们秉承着“无添加，健康”的信念，将每一份甜美带给您。 ;

2017-08-09 21:20:58 trace :
------------
String:
<xml><ToUserName><![CDATA[gh_60e7194e99e7]]></ToUserName>
<FromUserName><![CDATA[okBFJ1p-r1v18vIfEgx_blr-jD3g]]></FromUserName>
<CreateTime>1502284857</CreateTime>
<MsgType><![CDATA[event]]></MsgType>
<Event><![CDATA[VIEW]]></Event>
<EventKey><![CDATA[http://zhuyu.baimuv.com/app/index.php?i=34&c=entry&do=member&m=ewei_shop]]></EventKey>
<MenuId>441526356</MenuId>
</xml>

2017-08-09 21:20:58 params :
------------
Array:
message : Array ;
module : basic ;
rule : 24 ;
priority : 0 ;
keyword : Array ;

2017-08-09 21:20:58 response :
------------
Array:
FromUserName : gh_60e7194e99e7 ;
ToUserName : okBFJ1p-r1v18vIfEgx_blr-jD3g ;
MsgType : text ;
Content : 查看订购商品请点击下方立即订购/可爱 ;

2017-08-09 21:21:07 trace :
------------
String:
<xml><ToUserName><![CDATA[gh_60e7194e99e7]]></ToUserName>
<FromUserName><![CDATA[okBFJ1p-r1v18vIfEgx_blr-jD3g]]></FromUserName>
<CreateTime>1502284867</CreateTime>
<MsgType><![CDATA[event]]></MsgType>
<Event><![CDATA[VIEW]]></Event>
<EventKey><![CDATA[http://zhuyu.baimuv.com/app/index.php?i=34&c=entry&do=shop&m=ewei_shop&wxref=mp.weixin.qq.com#wechat_redirect]]></EventKey>
<MenuId>441526356</MenuId>
</xml>

2017-08-09 21:21:07 params :
------------
Array:
message : Array ;
module : basic ;
rule : 24 ;
priority : 0 ;
keyword : Array ;

2017-08-09 21:21:07 response :
------------
Array:
FromUserName : gh_60e7194e99e7 ;
ToUserName : okBFJ1p-r1v18vIfEgx_blr-jD3g ;
MsgType : text ;
Content : 查看订购商品请点击下方立即订购/可爱 ;

2017-08-09 21:34:04 trace :
------------
String:
<xml><ToUserName><![CDATA[gh_60e7194e99e7]]></ToUserName>
<FromUserName><![CDATA[okBFJ1nSPnUNyMijON2n6KZJ08-A]]></FromUserName>
<CreateTime>1502285644</CreateTime>
<MsgType><![CDATA[event]]></MsgType>
<Event><![CDATA[subscribe]]></Event>
<EventKey><![CDATA[]]></EventKey>
</xml>

2017-08-09 21:34:04 params :
------------
Array:
message : Array ;
module : basic ;
rule : 23 ;
priority : 0 ;
keyword : Array ;

2017-08-09 21:34:04 response :
------------
Array:
FromUserName : gh_60e7194e99e7 ;
ToUserName : okBFJ1nSPnUNyMijON2n6KZJ08-A ;
MsgType : text ;
Content : 感谢您关注珠玉私房烘焙。/呲牙我们秉承着“无添加，健康”的信念，将每一份甜美带给您。 ;

