2017-07-28 08:03:38 trace :
------------
String:
<xml><ToUserName><![CDATA[gh_60e7194e99e7]]></ToUserName>
<FromUserName><![CDATA[okBFJ1gpPZ-2CtdVbgy6skDeIU30]]></FromUserName>
<CreateTime>1501200218</CreateTime>
<MsgType><![CDATA[event]]></MsgType>
<Event><![CDATA[unsubscribe]]></Event>
<EventKey><![CDATA[]]></EventKey>
</xml>

2017-07-28 10:06:21 trace :
------------
String:
<xml><ToUserName><![CDATA[gh_60e7194e99e7]]></ToUserName>
<FromUserName><![CDATA[okBFJ1jVugn-vANTttXnRIGKuBww]]></FromUserName>
<CreateTime>1501207581</CreateTime>
<MsgType><![CDATA[event]]></MsgType>
<Event><![CDATA[VIEW]]></Event>
<EventKey><![CDATA[http://zhuyu.baimuv.com/app/index.php?i=34&c=entry&do=shop&m=ewei_shop&wxref=mp.weixin.qq.com#wechat_redirect]]></EventKey>
<MenuId>441526356</MenuId>
</xml>

2017-07-28 10:06:21 params :
------------
Array:
message : Array ;
module : basic ;
rule : 24 ;
priority : 0 ;
keyword : Array ;

2017-07-28 10:06:21 response :
------------
Array:
FromUserName : gh_60e7194e99e7 ;
ToUserName : okBFJ1jVugn-vANTttXnRIGKuBww ;
MsgType : text ;
Content : 查看订购商品请点击下方立即订购/可爱 ;

2017-07-28 13:54:12 trace :
------------
String:
<xml><ToUserName><![CDATA[gh_60e7194e99e7]]></ToUserName>
<FromUserName><![CDATA[okBFJ1uX3v3A8_j1XqDpoftGo2NI]]></FromUserName>
<CreateTime>1501221252</CreateTime>
<MsgType><![CDATA[event]]></MsgType>
<Event><![CDATA[unsubscribe]]></Event>
<EventKey><![CDATA[]]></EventKey>
</xml>

2017-07-28 18:16:36 trace :
------------
String:
<xml><ToUserName><![CDATA[gh_60e7194e99e7]]></ToUserName>
<FromUserName><![CDATA[okBFJ1nVCQoE3qkqZbiYjfP6PaEc]]></FromUserName>
<CreateTime>1501236996</CreateTime>
<MsgType><![CDATA[event]]></MsgType>
<Event><![CDATA[subscribe]]></Event>
<EventKey><![CDATA[]]></EventKey>
</xml>

2017-07-28 18:16:36 params :
------------
Array:
message : Array ;
module : basic ;
rule : 23 ;
priority : 0 ;
keyword : Array ;

2017-07-28 18:16:36 response :
------------
Array:
FromUserName : gh_60e7194e99e7 ;
ToUserName : okBFJ1nVCQoE3qkqZbiYjfP6PaEc ;
MsgType : text ;
Content : 感谢您关注珠玉私房烘焙。/呲牙我们秉承着“无添加，健康”的信念，将每一份甜美带给您。 ;

2017-07-28 18:16:41 trace :
------------
String:
<xml><ToUserName><![CDATA[gh_60e7194e99e7]]></ToUserName>
<FromUserName><![CDATA[okBFJ1nVCQoE3qkqZbiYjfP6PaEc]]></FromUserName>
<CreateTime>1501237000</CreateTime>
<MsgType><![CDATA[event]]></MsgType>
<Event><![CDATA[CLICK]]></Event>
<EventKey><![CDATA[关于我们]]></EventKey>
</xml>

2017-07-28 18:16:41 params :
------------
Array:
message : Array ;
module : basic ;
rule : 22 ;
priority : 0 ;
keyword : Array ;

2017-07-28 18:16:41 response :
------------
Array:
FromUserName : gh_60e7194e99e7 ;
ToUserName : okBFJ1nVCQoE3qkqZbiYjfP6PaEc ;
MsgType : text ;
Content : 感谢您关注珠玉私房烘焙。/呲牙我们秉承着“无添加，健康”的信念，将每一份甜美带给您。 ;

2017-07-28 18:16:43 trace :
------------
String:
<xml><ToUserName><![CDATA[gh_60e7194e99e7]]></ToUserName>
<FromUserName><![CDATA[okBFJ1nVCQoE3qkqZbiYjfP6PaEc]]></FromUserName>
<CreateTime>1501237002</CreateTime>
<MsgType><![CDATA[event]]></MsgType>
<Event><![CDATA[VIEW]]></Event>
<EventKey><![CDATA[http://zhuyu.baimuv.com/app/index.php?i=34&c=entry&do=shop&m=ewei_shop&wxref=mp.weixin.qq.com#wechat_redirect]]></EventKey>
<MenuId>441526356</MenuId>
</xml>

2017-07-28 18:16:43 params :
------------
Array:
message : Array ;
module : basic ;
rule : 24 ;
priority : 0 ;
keyword : Array ;

2017-07-28 18:16:43 response :
------------
Array:
FromUserName : gh_60e7194e99e7 ;
ToUserName : okBFJ1nVCQoE3qkqZbiYjfP6PaEc ;
MsgType : text ;
Content : 查看订购商品请点击下方立即订购/可爱 ;

2017-07-28 18:18:00 trace :
------------
String:
<xml><ToUserName><![CDATA[gh_60e7194e99e7]]></ToUserName>
<FromUserName><![CDATA[okBFJ1nVCQoE3qkqZbiYjfP6PaEc]]></FromUserName>
<CreateTime>1501237080</CreateTime>
<MsgType><![CDATA[event]]></MsgType>
<Event><![CDATA[VIEW]]></Event>
<EventKey><![CDATA[http://zhuyu.baimuv.com/app/index.php?i=34&c=entry&do=shop&m=ewei_shop&wxref=mp.weixin.qq.com#wechat_redirect]]></EventKey>
<MenuId>441526356</MenuId>
</xml>

2017-07-28 18:18:00 params :
------------
Array:
message : Array ;
module : basic ;
rule : 24 ;
priority : 0 ;
keyword : Array ;

2017-07-28 18:18:00 response :
------------
Array:
FromUserName : gh_60e7194e99e7 ;
ToUserName : okBFJ1nVCQoE3qkqZbiYjfP6PaEc ;
MsgType : text ;
Content : 查看订购商品请点击下方立即订购/可爱 ;

2017-07-28 18:18:16 trace :
------------
String:
<xml><ToUserName><![CDATA[gh_60e7194e99e7]]></ToUserName>
<FromUserName><![CDATA[okBFJ1nVCQoE3qkqZbiYjfP6PaEc]]></FromUserName>
<CreateTime>1501237095</CreateTime>
<MsgType><![CDATA[event]]></MsgType>
<Event><![CDATA[CLICK]]></Event>
<EventKey><![CDATA[关于我们]]></EventKey>
</xml>

2017-07-28 18:18:16 params :
------------
Array:
message : Array ;
module : basic ;
rule : 22 ;
priority : 0 ;
keyword : Array ;

2017-07-28 18:18:16 response :
------------
Array:
FromUserName : gh_60e7194e99e7 ;
ToUserName : okBFJ1nVCQoE3qkqZbiYjfP6PaEc ;
MsgType : text ;
Content : 感谢您关注珠玉私房烘焙。/呲牙我们秉承着“无添加，健康”的信念，将每一份甜美带给您。 ;

2017-07-28 18:18:16 trace :
------------
String:
<xml><ToUserName><![CDATA[gh_60e7194e99e7]]></ToUserName>
<FromUserName><![CDATA[okBFJ1nVCQoE3qkqZbiYjfP6PaEc]]></FromUserName>
<CreateTime>1501237096</CreateTime>
<MsgType><![CDATA[event]]></MsgType>
<Event><![CDATA[VIEW]]></Event>
<EventKey><![CDATA[http://zhuyu.baimuv.com/app/index.php?i=34&c=entry&do=shop&m=ewei_shop&wxref=mp.weixin.qq.com#wechat_redirect]]></EventKey>
<MenuId>441526356</MenuId>
</xml>

2017-07-28 18:18:16 params :
------------
Array:
message : Array ;
module : basic ;
rule : 24 ;
priority : 0 ;
keyword : Array ;

2017-07-28 18:18:16 response :
------------
Array:
FromUserName : gh_60e7194e99e7 ;
ToUserName : okBFJ1nVCQoE3qkqZbiYjfP6PaEc ;
MsgType : text ;
Content : 查看订购商品请点击下方立即订购/可爱 ;

2017-07-28 18:18:18 trace :
------------
String:
<xml><ToUserName><![CDATA[gh_60e7194e99e7]]></ToUserName>
<FromUserName><![CDATA[okBFJ1nVCQoE3qkqZbiYjfP6PaEc]]></FromUserName>
<CreateTime>1501237097</CreateTime>
<MsgType><![CDATA[event]]></MsgType>
<Event><![CDATA[VIEW]]></Event>
<EventKey><![CDATA[http://zhuyu.baimuv.com/app/index.php?i=34&c=entry&do=shop&m=ewei_shop&wxref=mp.weixin.qq.com#wechat_redirect]]></EventKey>
<MenuId>441526356</MenuId>
</xml>

2017-07-28 18:18:18 params :
------------
Array:
message : Array ;
module : basic ;
rule : 24 ;
priority : 0 ;
keyword : Array ;

2017-07-28 18:18:18 response :
------------
Array:
FromUserName : gh_60e7194e99e7 ;
ToUserName : okBFJ1nVCQoE3qkqZbiYjfP6PaEc ;
MsgType : text ;
Content : 查看订购商品请点击下方立即订购/可爱 ;

2017-07-28 18:19:36 trace :
------------
String:
<xml><ToUserName><![CDATA[gh_60e7194e99e7]]></ToUserName>
<FromUserName><![CDATA[okBFJ1nVCQoE3qkqZbiYjfP6PaEc]]></FromUserName>
<CreateTime>1501237176</CreateTime>
<MsgType><![CDATA[event]]></MsgType>
<Event><![CDATA[VIEW]]></Event>
<EventKey><![CDATA[http://zhuyu.baimuv.com/app/index.php?i=34&c=entry&do=member&m=ewei_shop]]></EventKey>
<MenuId>441526356</MenuId>
</xml>

2017-07-28 18:19:36 params :
------------
Array:
message : Array ;
module : basic ;
rule : 24 ;
priority : 0 ;
keyword : Array ;

2017-07-28 18:19:36 response :
------------
Array:
FromUserName : gh_60e7194e99e7 ;
ToUserName : okBFJ1nVCQoE3qkqZbiYjfP6PaEc ;
MsgType : text ;
Content : 查看订购商品请点击下方立即订购/可爱 ;

2017-07-28 18:22:36 trace :
------------
String:
<xml><ToUserName><![CDATA[gh_60e7194e99e7]]></ToUserName>
<FromUserName><![CDATA[okBFJ1nVCQoE3qkqZbiYjfP6PaEc]]></FromUserName>
<CreateTime>1501237356</CreateTime>
<MsgType><![CDATA[event]]></MsgType>
<Event><![CDATA[VIEW]]></Event>
<EventKey><![CDATA[http://zhuyu.baimuv.com/app/index.php?i=34&c=entry&do=shop&m=ewei_shop&wxref=mp.weixin.qq.com#wechat_redirect]]></EventKey>
<MenuId>441526356</MenuId>
</xml>

2017-07-28 18:22:36 params :
------------
Array:
message : Array ;
module : basic ;
rule : 24 ;
priority : 0 ;
keyword : Array ;

2017-07-28 18:22:36 response :
------------
Array:
FromUserName : gh_60e7194e99e7 ;
ToUserName : okBFJ1nVCQoE3qkqZbiYjfP6PaEc ;
MsgType : text ;
Content : 查看订购商品请点击下方立即订购/可爱 ;

2017-07-28 18:23:25 trace :
------------
String:
<xml><ToUserName><![CDATA[gh_60e7194e99e7]]></ToUserName>
<FromUserName><![CDATA[okBFJ1nVCQoE3qkqZbiYjfP6PaEc]]></FromUserName>
<CreateTime>1501237405</CreateTime>
<MsgType><![CDATA[event]]></MsgType>
<Event><![CDATA[VIEW]]></Event>
<EventKey><![CDATA[http://zhuyu.baimuv.com/app/index.php?i=34&c=entry&do=shop&m=ewei_shop&wxref=mp.weixin.qq.com#wechat_redirect]]></EventKey>
<MenuId>441526356</MenuId>
</xml>

2017-07-28 18:23:25 params :
------------
Array:
message : Array ;
module : basic ;
rule : 24 ;
priority : 0 ;
keyword : Array ;

2017-07-28 18:23:25 response :
------------
Array:
FromUserName : gh_60e7194e99e7 ;
ToUserName : okBFJ1nVCQoE3qkqZbiYjfP6PaEc ;
MsgType : text ;
Content : 查看订购商品请点击下方立即订购/可爱 ;

2017-07-28 18:24:21 trace :
------------
String:
<xml><ToUserName><![CDATA[gh_60e7194e99e7]]></ToUserName>
<FromUserName><![CDATA[okBFJ1qWV1v0pwPIuleJSNp6WLdU]]></FromUserName>
<CreateTime>1501237461</CreateTime>
<MsgType><![CDATA[event]]></MsgType>
<Event><![CDATA[VIEW]]></Event>
<EventKey><![CDATA[http://zhuyu.baimuv.com/app/index.php?i=34&c=entry&do=shop&m=ewei_shop&wxref=mp.weixin.qq.com#wechat_redirect]]></EventKey>
<MenuId>441526356</MenuId>
</xml>

2017-07-28 18:24:21 params :
------------
Array:
message : Array ;
module : basic ;
rule : 24 ;
priority : 0 ;
keyword : Array ;

2017-07-28 18:24:21 response :
------------
Array:
FromUserName : gh_60e7194e99e7 ;
ToUserName : okBFJ1qWV1v0pwPIuleJSNp6WLdU ;
MsgType : text ;
Content : 查看订购商品请点击下方立即订购/可爱 ;

2017-07-28 18:24:47 trace :
------------
String:
<xml><ToUserName><![CDATA[gh_60e7194e99e7]]></ToUserName>
<FromUserName><![CDATA[okBFJ1nVCQoE3qkqZbiYjfP6PaEc]]></FromUserName>
<CreateTime>1501237487</CreateTime>
<MsgType><![CDATA[event]]></MsgType>
<Event><![CDATA[VIEW]]></Event>
<EventKey><![CDATA[http://zhuyu.baimuv.com/app/index.php?i=34&c=entry&do=shop&m=ewei_shop&wxref=mp.weixin.qq.com#wechat_redirect]]></EventKey>
<MenuId>441526356</MenuId>
</xml>

2017-07-28 18:24:47 params :
------------
Array:
message : Array ;
module : basic ;
rule : 24 ;
priority : 0 ;
keyword : Array ;

2017-07-28 18:24:47 response :
------------
Array:
FromUserName : gh_60e7194e99e7 ;
ToUserName : okBFJ1nVCQoE3qkqZbiYjfP6PaEc ;
MsgType : text ;
Content : 查看订购商品请点击下方立即订购/可爱 ;

2017-07-28 18:25:46 trace :
------------
String:
<xml><ToUserName><![CDATA[gh_60e7194e99e7]]></ToUserName>
<FromUserName><![CDATA[okBFJ1nVCQoE3qkqZbiYjfP6PaEc]]></FromUserName>
<CreateTime>1501237545</CreateTime>
<MsgType><![CDATA[event]]></MsgType>
<Event><![CDATA[VIEW]]></Event>
<EventKey><![CDATA[http://zhuyu.baimuv.com/app/index.php?i=34&c=entry&do=shop&m=ewei_shop&wxref=mp.weixin.qq.com#wechat_redirect]]></EventKey>
<MenuId>441526356</MenuId>
</xml>

2017-07-28 18:25:46 params :
------------
Array:
message : Array ;
module : basic ;
rule : 24 ;
priority : 0 ;
keyword : Array ;

2017-07-28 18:25:46 response :
------------
Array:
FromUserName : gh_60e7194e99e7 ;
ToUserName : okBFJ1nVCQoE3qkqZbiYjfP6PaEc ;
MsgType : text ;
Content : 查看订购商品请点击下方立即订购/可爱 ;

2017-07-28 18:51:50 trace :
------------
String:
<xml><ToUserName><![CDATA[gh_60e7194e99e7]]></ToUserName>
<FromUserName><![CDATA[okBFJ1k0Moj0zjFcqgkUiz-00boY]]></FromUserName>
<CreateTime>1501239109</CreateTime>
<MsgType><![CDATA[event]]></MsgType>
<Event><![CDATA[VIEW]]></Event>
<EventKey><![CDATA[http://zhuyu.baimuv.com/app/index.php?i=34&c=entry&do=member&m=ewei_shop]]></EventKey>
<MenuId>441526356</MenuId>
</xml>

2017-07-28 18:51:50 params :
------------
Array:
message : Array ;
module : basic ;
rule : 24 ;
priority : 0 ;
keyword : Array ;

2017-07-28 18:51:50 response :
------------
Array:
FromUserName : gh_60e7194e99e7 ;
ToUserName : okBFJ1k0Moj0zjFcqgkUiz-00boY ;
MsgType : text ;
Content : 查看订购商品请点击下方立即订购/可爱 ;

2017-07-28 18:56:30 trace :
------------
String:
<xml><ToUserName><![CDATA[gh_60e7194e99e7]]></ToUserName>
<FromUserName><![CDATA[okBFJ1k0Moj0zjFcqgkUiz-00boY]]></FromUserName>
<CreateTime>1501239390</CreateTime>
<MsgType><![CDATA[event]]></MsgType>
<Event><![CDATA[VIEW]]></Event>
<EventKey><![CDATA[http://zhuyu.baimuv.com/app/index.php?i=34&c=entry&do=member&m=ewei_shop]]></EventKey>
<MenuId>441526356</MenuId>
</xml>

2017-07-28 18:56:30 params :
------------
Array:
message : Array ;
module : basic ;
rule : 24 ;
priority : 0 ;
keyword : Array ;

2017-07-28 18:56:30 response :
------------
Array:
FromUserName : gh_60e7194e99e7 ;
ToUserName : okBFJ1k0Moj0zjFcqgkUiz-00boY ;
MsgType : text ;
Content : 查看订购商品请点击下方立即订购/可爱 ;

2017-07-28 19:12:22 trace :
------------
String:
<xml><ToUserName><![CDATA[gh_60e7194e99e7]]></ToUserName>
<FromUserName><![CDATA[okBFJ1iVkwb3YOy6YC_0knicA2o4]]></FromUserName>
<CreateTime>1501240342</CreateTime>
<MsgType><![CDATA[event]]></MsgType>
<Event><![CDATA[subscribe]]></Event>
<EventKey><![CDATA[]]></EventKey>
</xml>

2017-07-28 19:12:22 params :
------------
Array:
message : Array ;
module : basic ;
rule : 23 ;
priority : 0 ;
keyword : Array ;

2017-07-28 19:12:22 response :
------------
Array:
FromUserName : gh_60e7194e99e7 ;
ToUserName : okBFJ1iVkwb3YOy6YC_0knicA2o4 ;
MsgType : text ;
Content : 感谢您关注珠玉私房烘焙。/呲牙我们秉承着“无添加，健康”的信念，将每一份甜美带给您。 ;

2017-07-28 19:12:28 trace :
------------
String:
<xml><ToUserName><![CDATA[gh_60e7194e99e7]]></ToUserName>
<FromUserName><![CDATA[okBFJ1iVkwb3YOy6YC_0knicA2o4]]></FromUserName>
<CreateTime>1501240348</CreateTime>
<MsgType><![CDATA[event]]></MsgType>
<Event><![CDATA[VIEW]]></Event>
<EventKey><![CDATA[http://zhuyu.baimuv.com/app/index.php?i=34&c=entry&do=shop&m=ewei_shop&wxref=mp.weixin.qq.com#wechat_redirect]]></EventKey>
<MenuId>441526356</MenuId>
</xml>

2017-07-28 19:12:28 params :
------------
Array:
message : Array ;
module : basic ;
rule : 24 ;
priority : 0 ;
keyword : Array ;

2017-07-28 19:12:28 response :
------------
Array:
FromUserName : gh_60e7194e99e7 ;
ToUserName : okBFJ1iVkwb3YOy6YC_0knicA2o4 ;
MsgType : text ;
Content : 查看订购商品请点击下方立即订购/可爱 ;

2017-07-28 19:14:01 trace :
------------
String:
<xml><ToUserName><![CDATA[gh_60e7194e99e7]]></ToUserName>
<FromUserName><![CDATA[okBFJ1iVkwb3YOy6YC_0knicA2o4]]></FromUserName>
<CreateTime>1501240440</CreateTime>
<MsgType><![CDATA[event]]></MsgType>
<Event><![CDATA[CLICK]]></Event>
<EventKey><![CDATA[关于我们]]></EventKey>
</xml>

2017-07-28 19:14:01 params :
------------
Array:
message : Array ;
module : basic ;
rule : 22 ;
priority : 0 ;
keyword : Array ;

2017-07-28 19:14:01 response :
------------
Array:
FromUserName : gh_60e7194e99e7 ;
ToUserName : okBFJ1iVkwb3YOy6YC_0knicA2o4 ;
MsgType : text ;
Content : 感谢您关注珠玉私房烘焙。/呲牙我们秉承着“无添加，健康”的信念，将每一份甜美带给您。 ;

2017-07-28 19:14:08 trace :
------------
String:
<xml><ToUserName><![CDATA[gh_60e7194e99e7]]></ToUserName>
<FromUserName><![CDATA[okBFJ1iVkwb3YOy6YC_0knicA2o4]]></FromUserName>
<CreateTime>1501240448</CreateTime>
<MsgType><![CDATA[event]]></MsgType>
<Event><![CDATA[VIEW]]></Event>
<EventKey><![CDATA[http://zhuyu.baimuv.com/app/index.php?i=34&c=entry&do=shop&m=ewei_shop&wxref=mp.weixin.qq.com#wechat_redirect]]></EventKey>
<MenuId>441526356</MenuId>
</xml>

2017-07-28 19:14:08 params :
------------
Array:
message : Array ;
module : basic ;
rule : 24 ;
priority : 0 ;
keyword : Array ;

2017-07-28 19:14:08 response :
------------
Array:
FromUserName : gh_60e7194e99e7 ;
ToUserName : okBFJ1iVkwb3YOy6YC_0knicA2o4 ;
MsgType : text ;
Content : 查看订购商品请点击下方立即订购/可爱 ;

2017-07-28 19:16:00 trace :
------------
String:
<xml><ToUserName><![CDATA[gh_60e7194e99e7]]></ToUserName>
<FromUserName><![CDATA[okBFJ1iVkwb3YOy6YC_0knicA2o4]]></FromUserName>
<CreateTime>1501240560</CreateTime>
<MsgType><![CDATA[event]]></MsgType>
<Event><![CDATA[VIEW]]></Event>
<EventKey><![CDATA[http://zhuyu.baimuv.com/app/index.php?i=34&c=entry&do=shop&m=ewei_shop&wxref=mp.weixin.qq.com#wechat_redirect]]></EventKey>
<MenuId>441526356</MenuId>
</xml>

2017-07-28 19:16:00 params :
------------
Array:
message : Array ;
module : basic ;
rule : 24 ;
priority : 0 ;
keyword : Array ;

2017-07-28 19:16:00 response :
------------
Array:
FromUserName : gh_60e7194e99e7 ;
ToUserName : okBFJ1iVkwb3YOy6YC_0knicA2o4 ;
MsgType : text ;
Content : 查看订购商品请点击下方立即订购/可爱 ;

2017-07-28 19:42:24 trace :
------------
String:
<xml><ToUserName><![CDATA[gh_60e7194e99e7]]></ToUserName>
<FromUserName><![CDATA[okBFJ1qWV1v0pwPIuleJSNp6WLdU]]></FromUserName>
<CreateTime>1501242144</CreateTime>
<MsgType><![CDATA[event]]></MsgType>
<Event><![CDATA[unsubscribe]]></Event>
<EventKey><![CDATA[]]></EventKey>
</xml>

2017-07-28 19:42:50 trace :
------------
String:
<xml><ToUserName><![CDATA[gh_60e7194e99e7]]></ToUserName>
<FromUserName><![CDATA[okBFJ1qWV1v0pwPIuleJSNp6WLdU]]></FromUserName>
<CreateTime>1501242170</CreateTime>
<MsgType><![CDATA[event]]></MsgType>
<Event><![CDATA[subscribe]]></Event>
<EventKey><![CDATA[]]></EventKey>
</xml>

2017-07-28 19:42:50 params :
------------
Array:
message : Array ;
module : basic ;
rule : 23 ;
priority : 0 ;
keyword : Array ;

2017-07-28 19:42:50 response :
------------
Array:
FromUserName : gh_60e7194e99e7 ;
ToUserName : okBFJ1qWV1v0pwPIuleJSNp6WLdU ;
MsgType : text ;
Content : 感谢您关注珠玉私房烘焙。/呲牙我们秉承着“无添加，健康”的信念，将每一份甜美带给您。 ;

2017-07-28 19:43:25 trace :
------------
String:
<xml><ToUserName><![CDATA[gh_60e7194e99e7]]></ToUserName>
<FromUserName><![CDATA[okBFJ1qWV1v0pwPIuleJSNp6WLdU]]></FromUserName>
<CreateTime>1501242205</CreateTime>
<MsgType><![CDATA[event]]></MsgType>
<Event><![CDATA[VIEW]]></Event>
<EventKey><![CDATA[http://zhuyu.baimuv.com/app/index.php?i=34&c=entry&do=shop&m=ewei_shop&wxref=mp.weixin.qq.com#wechat_redirect]]></EventKey>
<MenuId>441526356</MenuId>
</xml>

2017-07-28 19:43:25 params :
------------
Array:
message : Array ;
module : basic ;
rule : 24 ;
priority : 0 ;
keyword : Array ;

2017-07-28 19:43:25 response :
------------
Array:
FromUserName : gh_60e7194e99e7 ;
ToUserName : okBFJ1qWV1v0pwPIuleJSNp6WLdU ;
MsgType : text ;
Content : 查看订购商品请点击下方立即订购/可爱 ;

