2017-10-08 09:48:30 trace :
------------
String:
<xml><ToUserName><![CDATA[gh_60e7194e99e7]]></ToUserName>
<FromUserName><![CDATA[okBFJ1oqYJAVdP0dZbEqf7yIYWMU]]></FromUserName>
<CreateTime>1507427310</CreateTime>
<MsgType><![CDATA[event]]></MsgType>
<Event><![CDATA[subscribe]]></Event>
<EventKey><![CDATA[]]></EventKey>
</xml>

2017-10-08 09:48:30 params :
------------
Array:
message : Array ;
module : basic ;
rule : 23 ;
priority : 0 ;
keyword : Array ;

2017-10-08 09:48:30 response :
------------
Array:
FromUserName : gh_60e7194e99e7 ;
ToUserName : okBFJ1oqYJAVdP0dZbEqf7yIYWMU ;
MsgType : text ;
Content : 感谢您关注珠玉私房烘焙。/呲牙我们秉承着“无添加，健康”的信念，将每一份甜美带给您。 ;

2017-10-08 09:49:05 trace :
------------
String:
<xml><ToUserName><![CDATA[gh_60e7194e99e7]]></ToUserName>
<FromUserName><![CDATA[okBFJ1oqYJAVdP0dZbEqf7yIYWMU]]></FromUserName>
<CreateTime>1507427345</CreateTime>
<MsgType><![CDATA[event]]></MsgType>
<Event><![CDATA[CLICK]]></Event>
<EventKey><![CDATA[关于我们]]></EventKey>
</xml>

2017-10-08 09:49:05 params :
------------
Array:
message : Array ;
module : basic ;
rule : 22 ;
priority : 0 ;
keyword : Array ;

2017-10-08 09:49:05 response :
------------
Array:
FromUserName : gh_60e7194e99e7 ;
ToUserName : okBFJ1oqYJAVdP0dZbEqf7yIYWMU ;
MsgType : text ;
Content : 感谢您关注珠玉私房烘焙。/呲牙我们秉承着“无添加，健康”的信念，将每一份甜美带给您。 ;

2017-10-08 09:49:08 trace :
------------
String:
<xml><ToUserName><![CDATA[gh_60e7194e99e7]]></ToUserName>
<FromUserName><![CDATA[okBFJ1oqYJAVdP0dZbEqf7yIYWMU]]></FromUserName>
<CreateTime>1507427348</CreateTime>
<MsgType><![CDATA[event]]></MsgType>
<Event><![CDATA[CLICK]]></Event>
<EventKey><![CDATA[关于我们]]></EventKey>
</xml>

2017-10-08 09:49:08 params :
------------
Array:
message : Array ;
module : basic ;
rule : 22 ;
priority : 0 ;
keyword : Array ;

2017-10-08 09:49:08 response :
------------
Array:
FromUserName : gh_60e7194e99e7 ;
ToUserName : okBFJ1oqYJAVdP0dZbEqf7yIYWMU ;
MsgType : text ;
Content : 感谢您关注珠玉私房烘焙。/呲牙我们秉承着“无添加，健康”的信念，将每一份甜美带给您。 ;

2017-10-08 09:49:12 trace :
------------
String:
<xml><ToUserName><![CDATA[gh_60e7194e99e7]]></ToUserName>
<FromUserName><![CDATA[okBFJ1oqYJAVdP0dZbEqf7yIYWMU]]></FromUserName>
<CreateTime>1507427352</CreateTime>
<MsgType><![CDATA[event]]></MsgType>
<Event><![CDATA[VIEW]]></Event>
<EventKey><![CDATA[http://zhuyu.baimuv.com/app/index.php?i=34&c=entry&do=shop&m=ewei_shop&wxref=mp.weixin.qq.com#wechat_redirect]]></EventKey>
<MenuId>441526356</MenuId>
</xml>

2017-10-08 09:49:12 params :
------------
Array:
message : Array ;
module : basic ;
rule : 24 ;
priority : 0 ;
keyword : Array ;

2017-10-08 09:49:12 response :
------------
Array:
FromUserName : gh_60e7194e99e7 ;
ToUserName : okBFJ1oqYJAVdP0dZbEqf7yIYWMU ;
MsgType : text ;
Content : 查看订购商品请点击下方立即订购/可爱 ;

2017-10-08 10:05:23 trace :
------------
String:
<xml><ToUserName><![CDATA[gh_60e7194e99e7]]></ToUserName>
<FromUserName><![CDATA[okBFJ1oqYJAVdP0dZbEqf7yIYWMU]]></FromUserName>
<CreateTime>1507428323</CreateTime>
<MsgType><![CDATA[event]]></MsgType>
<Event><![CDATA[VIEW]]></Event>
<EventKey><![CDATA[http://zhuyu.baimuv.com/app/index.php?i=34&c=entry&do=shop&m=ewei_shop&wxref=mp.weixin.qq.com#wechat_redirect]]></EventKey>
<MenuId>441526356</MenuId>
</xml>

2017-10-08 10:05:23 params :
------------
Array:
message : Array ;
module : basic ;
rule : 24 ;
priority : 0 ;
keyword : Array ;

2017-10-08 10:05:23 response :
------------
Array:
FromUserName : gh_60e7194e99e7 ;
ToUserName : okBFJ1oqYJAVdP0dZbEqf7yIYWMU ;
MsgType : text ;
Content : 查看订购商品请点击下方立即订购/可爱 ;

2017-10-08 13:08:09 trace :
------------
String:
<xml><ToUserName><![CDATA[gh_60e7194e99e7]]></ToUserName>
<FromUserName><![CDATA[okBFJ1qii1ErVkoiyu-ySeS2fwD4]]></FromUserName>
<CreateTime>1507439289</CreateTime>
<MsgType><![CDATA[event]]></MsgType>
<Event><![CDATA[subscribe]]></Event>
<EventKey><![CDATA[]]></EventKey>
</xml>

2017-10-08 13:08:09 params :
------------
Array:
message : Array ;
module : basic ;
rule : 23 ;
priority : 0 ;
keyword : Array ;

2017-10-08 13:08:09 response :
------------
Array:
FromUserName : gh_60e7194e99e7 ;
ToUserName : okBFJ1qii1ErVkoiyu-ySeS2fwD4 ;
MsgType : text ;
Content : 感谢您关注珠玉私房烘焙。/呲牙我们秉承着“无添加，健康”的信念，将每一份甜美带给您。 ;

2017-10-08 13:08:30 trace :
------------
String:
<xml><ToUserName><![CDATA[gh_60e7194e99e7]]></ToUserName>
<FromUserName><![CDATA[okBFJ1qii1ErVkoiyu-ySeS2fwD4]]></FromUserName>
<CreateTime>1507439309</CreateTime>
<MsgType><![CDATA[event]]></MsgType>
<Event><![CDATA[CLICK]]></Event>
<EventKey><![CDATA[关于我们]]></EventKey>
</xml>

2017-10-08 13:08:30 params :
------------
Array:
message : Array ;
module : basic ;
rule : 22 ;
priority : 0 ;
keyword : Array ;

2017-10-08 13:08:30 response :
------------
Array:
FromUserName : gh_60e7194e99e7 ;
ToUserName : okBFJ1qii1ErVkoiyu-ySeS2fwD4 ;
MsgType : text ;
Content : 感谢您关注珠玉私房烘焙。/呲牙我们秉承着“无添加，健康”的信念，将每一份甜美带给您。 ;

2017-10-08 13:08:32 trace :
------------
String:
<xml><ToUserName><![CDATA[gh_60e7194e99e7]]></ToUserName>
<FromUserName><![CDATA[okBFJ1qii1ErVkoiyu-ySeS2fwD4]]></FromUserName>
<CreateTime>1507439312</CreateTime>
<MsgType><![CDATA[event]]></MsgType>
<Event><![CDATA[VIEW]]></Event>
<EventKey><![CDATA[http://zhuyu.baimuv.com/app/index.php?i=34&c=entry&do=shop&m=ewei_shop&wxref=mp.weixin.qq.com#wechat_redirect]]></EventKey>
<MenuId>441526356</MenuId>
</xml>

2017-10-08 13:08:32 params :
------------
Array:
message : Array ;
module : basic ;
rule : 24 ;
priority : 0 ;
keyword : Array ;

2017-10-08 13:08:32 response :
------------
Array:
FromUserName : gh_60e7194e99e7 ;
ToUserName : okBFJ1qii1ErVkoiyu-ySeS2fwD4 ;
MsgType : text ;
Content : 查看订购商品请点击下方立即订购/可爱 ;

2017-10-08 21:33:17 trace :
------------
String:
<xml><ToUserName><![CDATA[gh_60e7194e99e7]]></ToUserName>
<FromUserName><![CDATA[okBFJ1oZD3OMvqm1BzCFWA4XN5j8]]></FromUserName>
<CreateTime>1507469597</CreateTime>
<MsgType><![CDATA[event]]></MsgType>
<Event><![CDATA[unsubscribe]]></Event>
<EventKey><![CDATA[]]></EventKey>
</xml>

