2017-09-15 01:33:16 trace :
------------
String:
<xml><ToUserName><![CDATA[gh_60e7194e99e7]]></ToUserName>
<FromUserName><![CDATA[okBFJ1l6nyR8tD1Ed05naRX-AQuM]]></FromUserName>
<CreateTime>1505410396</CreateTime>
<MsgType><![CDATA[event]]></MsgType>
<Event><![CDATA[VIEW]]></Event>
<EventKey><![CDATA[http://zhuyu.baimuv.com/app/index.php?i=34&c=entry&do=shop&m=ewei_shop&wxref=mp.weixin.qq.com#wechat_redirect]]></EventKey>
<MenuId>441526356</MenuId>
</xml>

2017-09-15 01:33:16 params :
------------
Array:
message : Array ;
module : basic ;
rule : 24 ;
priority : 0 ;
keyword : Array ;

2017-09-15 01:33:16 response :
------------
Array:
FromUserName : gh_60e7194e99e7 ;
ToUserName : okBFJ1l6nyR8tD1Ed05naRX-AQuM ;
MsgType : text ;
Content : 查看订购商品请点击下方立即订购/可爱 ;

2017-09-15 14:19:44 trace :
------------
String:
<xml><ToUserName><![CDATA[gh_60e7194e99e7]]></ToUserName>
<FromUserName><![CDATA[okBFJ1skaxUqbCQ4DvuIjhZ6Xd78]]></FromUserName>
<CreateTime>1505456384</CreateTime>
<MsgType><![CDATA[event]]></MsgType>
<Event><![CDATA[CLICK]]></Event>
<EventKey><![CDATA[关于我们]]></EventKey>
</xml>

2017-09-15 14:19:44 params :
------------
Array:
message : Array ;
module : basic ;
rule : 22 ;
priority : 0 ;
keyword : Array ;

2017-09-15 14:19:44 response :
------------
Array:
FromUserName : gh_60e7194e99e7 ;
ToUserName : okBFJ1skaxUqbCQ4DvuIjhZ6Xd78 ;
MsgType : text ;
Content : 感谢您关注珠玉私房烘焙。/呲牙我们秉承着“无添加，健康”的信念，将每一份甜美带给您。 ;

2017-09-15 14:19:47 trace :
------------
String:
<xml><ToUserName><![CDATA[gh_60e7194e99e7]]></ToUserName>
<FromUserName><![CDATA[okBFJ1skaxUqbCQ4DvuIjhZ6Xd78]]></FromUserName>
<CreateTime>1505456387</CreateTime>
<MsgType><![CDATA[event]]></MsgType>
<Event><![CDATA[VIEW]]></Event>
<EventKey><![CDATA[http://zhuyu.baimuv.com/app/index.php?i=34&c=entry&do=shop&m=ewei_shop&wxref=mp.weixin.qq.com#wechat_redirect]]></EventKey>
<MenuId>441526356</MenuId>
</xml>

2017-09-15 14:19:47 params :
------------
Array:
message : Array ;
module : basic ;
rule : 24 ;
priority : 0 ;
keyword : Array ;

2017-09-15 14:19:47 response :
------------
Array:
FromUserName : gh_60e7194e99e7 ;
ToUserName : okBFJ1skaxUqbCQ4DvuIjhZ6Xd78 ;
MsgType : text ;
Content : 查看订购商品请点击下方立即订购/可爱 ;

2017-09-15 17:57:48 trace :
------------
String:
<xml><ToUserName><![CDATA[gh_60e7194e99e7]]></ToUserName>
<FromUserName><![CDATA[okBFJ1nfxedF3W8xSCZKhNP1AcBM]]></FromUserName>
<CreateTime>1505469468</CreateTime>
<MsgType><![CDATA[event]]></MsgType>
<Event><![CDATA[VIEW]]></Event>
<EventKey><![CDATA[http://zhuyu.baimuv.com/app/index.php?i=34&c=entry&do=shop&m=ewei_shop&wxref=mp.weixin.qq.com#wechat_redirect]]></EventKey>
<MenuId>441526356</MenuId>
</xml>

2017-09-15 17:57:48 params :
------------
Array:
message : Array ;
module : basic ;
rule : 24 ;
priority : 0 ;
keyword : Array ;

2017-09-15 17:57:48 response :
------------
Array:
FromUserName : gh_60e7194e99e7 ;
ToUserName : okBFJ1nfxedF3W8xSCZKhNP1AcBM ;
MsgType : text ;
Content : 查看订购商品请点击下方立即订购/可爱 ;

2017-09-15 18:12:54 trace :
------------
String:
<xml><ToUserName><![CDATA[gh_60e7194e99e7]]></ToUserName>
<FromUserName><![CDATA[okBFJ1nfxedF3W8xSCZKhNP1AcBM]]></FromUserName>
<CreateTime>1505470374</CreateTime>
<MsgType><![CDATA[event]]></MsgType>
<Event><![CDATA[CLICK]]></Event>
<EventKey><![CDATA[关于我们]]></EventKey>
</xml>

2017-09-15 18:12:54 params :
------------
Array:
message : Array ;
module : basic ;
rule : 22 ;
priority : 0 ;
keyword : Array ;

2017-09-15 18:12:54 response :
------------
Array:
FromUserName : gh_60e7194e99e7 ;
ToUserName : okBFJ1nfxedF3W8xSCZKhNP1AcBM ;
MsgType : text ;
Content : 感谢您关注珠玉私房烘焙。/呲牙我们秉承着“无添加，健康”的信念，将每一份甜美带给您。 ;

2017-09-15 18:13:09 trace :
------------
String:
<xml><ToUserName><![CDATA[gh_60e7194e99e7]]></ToUserName>
<FromUserName><![CDATA[okBFJ1nfxedF3W8xSCZKhNP1AcBM]]></FromUserName>
<CreateTime>1505470389</CreateTime>
<MsgType><![CDATA[event]]></MsgType>
<Event><![CDATA[VIEW]]></Event>
<EventKey><![CDATA[http://zhuyu.baimuv.com/app/index.php?i=34&c=entry&do=member&m=ewei_shop]]></EventKey>
<MenuId>441526356</MenuId>
</xml>

2017-09-15 18:13:09 params :
------------
Array:
message : Array ;
module : basic ;
rule : 24 ;
priority : 0 ;
keyword : Array ;

2017-09-15 18:13:09 response :
------------
Array:
FromUserName : gh_60e7194e99e7 ;
ToUserName : okBFJ1nfxedF3W8xSCZKhNP1AcBM ;
MsgType : text ;
Content : 查看订购商品请点击下方立即订购/可爱 ;

