2017-10-12 09:26:25 trace :
------------
String:
<xml><ToUserName><![CDATA[gh_60e7194e99e7]]></ToUserName>
<FromUserName><![CDATA[okBFJ1hl5F79m4fXkdlDJlrwAgG4]]></FromUserName>
<CreateTime>1507771585</CreateTime>
<MsgType><![CDATA[event]]></MsgType>
<Event><![CDATA[VIEW]]></Event>
<EventKey><![CDATA[http://zhuyu.baimuv.com/app/index.php?i=34&c=entry&do=shop&m=ewei_shop&wxref=mp.weixin.qq.com#wechat_redirect]]></EventKey>
<MenuId>441526356</MenuId>
</xml>

2017-10-12 09:26:25 params :
------------
Array:
message : Array ;
module : basic ;
rule : 24 ;
priority : 0 ;
keyword : Array ;

2017-10-12 09:26:25 response :
------------
Array:
FromUserName : gh_60e7194e99e7 ;
ToUserName : okBFJ1hl5F79m4fXkdlDJlrwAgG4 ;
MsgType : text ;
Content : 查看订购商品请点击下方立即订购/可爱 ;

2017-10-12 09:42:04 trace :
------------
String:
<xml><ToUserName><![CDATA[gh_60e7194e99e7]]></ToUserName>
<FromUserName><![CDATA[okBFJ1oqYJAVdP0dZbEqf7yIYWMU]]></FromUserName>
<CreateTime>1507772524</CreateTime>
<MsgType><![CDATA[event]]></MsgType>
<Event><![CDATA[VIEW]]></Event>
<EventKey><![CDATA[http://zhuyu.baimuv.com/app/index.php?i=34&c=entry&do=shop&m=ewei_shop&wxref=mp.weixin.qq.com#wechat_redirect]]></EventKey>
<MenuId>441526356</MenuId>
</xml>

2017-10-12 09:42:04 params :
------------
Array:
message : Array ;
module : basic ;
rule : 24 ;
priority : 0 ;
keyword : Array ;

2017-10-12 09:42:04 response :
------------
Array:
FromUserName : gh_60e7194e99e7 ;
ToUserName : okBFJ1oqYJAVdP0dZbEqf7yIYWMU ;
MsgType : text ;
Content : 查看订购商品请点击下方立即订购/可爱 ;

2017-10-12 09:56:11 trace :
------------
String:
<xml><ToUserName><![CDATA[gh_60e7194e99e7]]></ToUserName>
<FromUserName><![CDATA[okBFJ1lEyKdqnSJdLLGmf5eiXleU]]></FromUserName>
<CreateTime>1507773371</CreateTime>
<MsgType><![CDATA[event]]></MsgType>
<Event><![CDATA[subscribe]]></Event>
<EventKey><![CDATA[]]></EventKey>
</xml>

2017-10-12 09:56:11 params :
------------
Array:
message : Array ;
module : basic ;
rule : 23 ;
priority : 0 ;
keyword : Array ;

2017-10-12 09:56:11 response :
------------
Array:
FromUserName : gh_60e7194e99e7 ;
ToUserName : okBFJ1lEyKdqnSJdLLGmf5eiXleU ;
MsgType : text ;
Content : 感谢您关注珠玉私房烘焙。/呲牙我们秉承着“无添加，健康”的信念，将每一份甜美带给您。 ;

2017-10-12 09:56:25 trace :
------------
String:
<xml><ToUserName><![CDATA[gh_60e7194e99e7]]></ToUserName>
<FromUserName><![CDATA[okBFJ1lEyKdqnSJdLLGmf5eiXleU]]></FromUserName>
<CreateTime>1507773385</CreateTime>
<MsgType><![CDATA[event]]></MsgType>
<Event><![CDATA[VIEW]]></Event>
<EventKey><![CDATA[http://zhuyu.baimuv.com/app/index.php?i=34&c=entry&do=shop&m=ewei_shop&wxref=mp.weixin.qq.com#wechat_redirect]]></EventKey>
<MenuId>441526356</MenuId>
</xml>

2017-10-12 09:56:25 params :
------------
Array:
message : Array ;
module : basic ;
rule : 24 ;
priority : 0 ;
keyword : Array ;

2017-10-12 09:56:25 response :
------------
Array:
FromUserName : gh_60e7194e99e7 ;
ToUserName : okBFJ1lEyKdqnSJdLLGmf5eiXleU ;
MsgType : text ;
Content : 查看订购商品请点击下方立即订购/可爱 ;

2017-10-12 09:57:30 trace :
------------
String:
<xml><ToUserName><![CDATA[gh_60e7194e99e7]]></ToUserName>
<FromUserName><![CDATA[okBFJ1lEyKdqnSJdLLGmf5eiXleU]]></FromUserName>
<CreateTime>1507773450</CreateTime>
<MsgType><![CDATA[event]]></MsgType>
<Event><![CDATA[VIEW]]></Event>
<EventKey><![CDATA[http://zhuyu.baimuv.com/app/index.php?i=34&c=entry&do=shop&m=ewei_shop&wxref=mp.weixin.qq.com#wechat_redirect]]></EventKey>
<MenuId>441526356</MenuId>
</xml>

2017-10-12 09:57:30 params :
------------
Array:
message : Array ;
module : basic ;
rule : 24 ;
priority : 0 ;
keyword : Array ;

2017-10-12 09:57:30 response :
------------
Array:
FromUserName : gh_60e7194e99e7 ;
ToUserName : okBFJ1lEyKdqnSJdLLGmf5eiXleU ;
MsgType : text ;
Content : 查看订购商品请点击下方立即订购/可爱 ;

2017-10-12 16:48:36 trace :
------------
String:
<xml><ToUserName><![CDATA[gh_60e7194e99e7]]></ToUserName>
<FromUserName><![CDATA[okBFJ1j5_ojQW5HLcaGGNBl95W3g]]></FromUserName>
<CreateTime>1507798116</CreateTime>
<MsgType><![CDATA[event]]></MsgType>
<Event><![CDATA[subscribe]]></Event>
<EventKey><![CDATA[]]></EventKey>
</xml>

2017-10-12 16:48:36 params :
------------
Array:
message : Array ;
module : basic ;
rule : 23 ;
priority : 0 ;
keyword : Array ;

2017-10-12 16:48:36 response :
------------
Array:
FromUserName : gh_60e7194e99e7 ;
ToUserName : okBFJ1j5_ojQW5HLcaGGNBl95W3g ;
MsgType : text ;
Content : 感谢您关注珠玉私房烘焙。/呲牙我们秉承着“无添加，健康”的信念，将每一份甜美带给您。 ;

2017-10-12 16:48:40 trace :
------------
String:
<xml><ToUserName><![CDATA[gh_60e7194e99e7]]></ToUserName>
<FromUserName><![CDATA[okBFJ1j5_ojQW5HLcaGGNBl95W3g]]></FromUserName>
<CreateTime>1507798120</CreateTime>
<MsgType><![CDATA[event]]></MsgType>
<Event><![CDATA[VIEW]]></Event>
<EventKey><![CDATA[http://zhuyu.baimuv.com/app/index.php?i=34&c=entry&do=shop&m=ewei_shop&wxref=mp.weixin.qq.com#wechat_redirect]]></EventKey>
<MenuId>441526356</MenuId>
</xml>

2017-10-12 16:48:40 params :
------------
Array:
message : Array ;
module : basic ;
rule : 24 ;
priority : 0 ;
keyword : Array ;

2017-10-12 16:48:40 response :
------------
Array:
FromUserName : gh_60e7194e99e7 ;
ToUserName : okBFJ1j5_ojQW5HLcaGGNBl95W3g ;
MsgType : text ;
Content : 查看订购商品请点击下方立即订购/可爱 ;

2017-10-12 18:35:37 trace :
------------
String:
<xml><ToUserName><![CDATA[gh_60e7194e99e7]]></ToUserName>
<FromUserName><![CDATA[okBFJ1lEyKdqnSJdLLGmf5eiXleU]]></FromUserName>
<CreateTime>1507804537</CreateTime>
<MsgType><![CDATA[event]]></MsgType>
<Event><![CDATA[VIEW]]></Event>
<EventKey><![CDATA[http://zhuyu.baimuv.com/app/index.php?i=34&c=entry&do=member&m=ewei_shop]]></EventKey>
<MenuId>441526356</MenuId>
</xml>

2017-10-12 18:35:37 params :
------------
Array:
message : Array ;
module : basic ;
rule : 24 ;
priority : 0 ;
keyword : Array ;

2017-10-12 18:35:37 response :
------------
Array:
FromUserName : gh_60e7194e99e7 ;
ToUserName : okBFJ1lEyKdqnSJdLLGmf5eiXleU ;
MsgType : text ;
Content : 查看订购商品请点击下方立即订购/可爱 ;

2017-10-12 19:03:05 trace :
------------
String:
<xml><ToUserName><![CDATA[gh_60e7194e99e7]]></ToUserName>
<FromUserName><![CDATA[okBFJ1uM5nqZsqLdMrSwcK0iiK5k]]></FromUserName>
<CreateTime>1507806185</CreateTime>
<MsgType><![CDATA[event]]></MsgType>
<Event><![CDATA[VIEW]]></Event>
<EventKey><![CDATA[http://zhuyu.baimuv.com/app/index.php?i=34&c=entry&do=shop&m=ewei_shop&wxref=mp.weixin.qq.com#wechat_redirect]]></EventKey>
<MenuId>441526356</MenuId>
</xml>

2017-10-12 19:03:05 params :
------------
Array:
message : Array ;
module : basic ;
rule : 24 ;
priority : 0 ;
keyword : Array ;

2017-10-12 19:03:05 response :
------------
Array:
FromUserName : gh_60e7194e99e7 ;
ToUserName : okBFJ1uM5nqZsqLdMrSwcK0iiK5k ;
MsgType : text ;
Content : 查看订购商品请点击下方立即订购/可爱 ;

2017-10-12 19:12:07 trace :
------------
String:
<xml><ToUserName><![CDATA[gh_60e7194e99e7]]></ToUserName>
<FromUserName><![CDATA[okBFJ1uM5nqZsqLdMrSwcK0iiK5k]]></FromUserName>
<CreateTime>1507806727</CreateTime>
<MsgType><![CDATA[event]]></MsgType>
<Event><![CDATA[VIEW]]></Event>
<EventKey><![CDATA[http://zhuyu.baimuv.com/app/index.php?i=34&c=entry&do=shop&m=ewei_shop&wxref=mp.weixin.qq.com#wechat_redirect]]></EventKey>
<MenuId>441526356</MenuId>
</xml>

2017-10-12 19:12:07 params :
------------
Array:
message : Array ;
module : basic ;
rule : 24 ;
priority : 0 ;
keyword : Array ;

2017-10-12 19:12:07 response :
------------
Array:
FromUserName : gh_60e7194e99e7 ;
ToUserName : okBFJ1uM5nqZsqLdMrSwcK0iiK5k ;
MsgType : text ;
Content : 查看订购商品请点击下方立即订购/可爱 ;

2017-10-12 19:12:36 trace :
------------
String:
<xml><ToUserName><![CDATA[gh_60e7194e99e7]]></ToUserName>
<FromUserName><![CDATA[okBFJ1uM5nqZsqLdMrSwcK0iiK5k]]></FromUserName>
<CreateTime>1507806756</CreateTime>
<MsgType><![CDATA[event]]></MsgType>
<Event><![CDATA[VIEW]]></Event>
<EventKey><![CDATA[http://zhuyu.baimuv.com/app/index.php?i=34&c=entry&do=shop&m=ewei_shop&wxref=mp.weixin.qq.com#wechat_redirect]]></EventKey>
<MenuId>441526356</MenuId>
</xml>

2017-10-12 19:12:36 params :
------------
Array:
message : Array ;
module : basic ;
rule : 24 ;
priority : 0 ;
keyword : Array ;

2017-10-12 19:12:36 response :
------------
Array:
FromUserName : gh_60e7194e99e7 ;
ToUserName : okBFJ1uM5nqZsqLdMrSwcK0iiK5k ;
MsgType : text ;
Content : 查看订购商品请点击下方立即订购/可爱 ;

