2017-10-02 11:00:58 trace :
------------
String:
<xml><ToUserName><![CDATA[gh_60e7194e99e7]]></ToUserName>
<FromUserName><![CDATA[okBFJ1nOUsIMx7osw34Pp7KIDziU]]></FromUserName>
<CreateTime>1506913258</CreateTime>
<MsgType><![CDATA[event]]></MsgType>
<Event><![CDATA[subscribe]]></Event>
<EventKey><![CDATA[]]></EventKey>
</xml>

2017-10-02 11:00:58 params :
------------
Array:
message : Array ;
module : basic ;
rule : 23 ;
priority : 0 ;
keyword : Array ;

2017-10-02 11:00:58 response :
------------
Array:
FromUserName : gh_60e7194e99e7 ;
ToUserName : okBFJ1nOUsIMx7osw34Pp7KIDziU ;
MsgType : text ;
Content : 感谢您关注珠玉私房烘焙。/呲牙我们秉承着“无添加，健康”的信念，将每一份甜美带给您。 ;

2017-10-02 11:01:01 trace :
------------
String:
<xml><ToUserName><![CDATA[gh_60e7194e99e7]]></ToUserName>
<FromUserName><![CDATA[okBFJ1nOUsIMx7osw34Pp7KIDziU]]></FromUserName>
<CreateTime>1506913261</CreateTime>
<MsgType><![CDATA[event]]></MsgType>
<Event><![CDATA[VIEW]]></Event>
<EventKey><![CDATA[http://zhuyu.baimuv.com/app/index.php?i=34&c=entry&do=shop&m=ewei_shop&wxref=mp.weixin.qq.com#wechat_redirect]]></EventKey>
<MenuId>441526356</MenuId>
</xml>

2017-10-02 11:01:01 params :
------------
Array:
message : Array ;
module : basic ;
rule : 24 ;
priority : 0 ;
keyword : Array ;

2017-10-02 11:01:01 response :
------------
Array:
FromUserName : gh_60e7194e99e7 ;
ToUserName : okBFJ1nOUsIMx7osw34Pp7KIDziU ;
MsgType : text ;
Content : 查看订购商品请点击下方立即订购/可爱 ;

2017-10-02 11:02:11 trace :
------------
String:
<xml><ToUserName><![CDATA[gh_60e7194e99e7]]></ToUserName>
<FromUserName><![CDATA[okBFJ1nOUsIMx7osw34Pp7KIDziU]]></FromUserName>
<CreateTime>1506913331</CreateTime>
<MsgType><![CDATA[event]]></MsgType>
<Event><![CDATA[VIEW]]></Event>
<EventKey><![CDATA[http://zhuyu.baimuv.com/app/index.php?i=34&c=entry&do=shop&m=ewei_shop&wxref=mp.weixin.qq.com#wechat_redirect]]></EventKey>
<MenuId>441526356</MenuId>
</xml>

2017-10-02 11:02:11 params :
------------
Array:
message : Array ;
module : basic ;
rule : 24 ;
priority : 0 ;
keyword : Array ;

2017-10-02 11:02:11 response :
------------
Array:
FromUserName : gh_60e7194e99e7 ;
ToUserName : okBFJ1nOUsIMx7osw34Pp7KIDziU ;
MsgType : text ;
Content : 查看订购商品请点击下方立即订购/可爱 ;

2017-10-02 20:00:36 trace :
------------
String:
<xml><ToUserName><![CDATA[gh_60e7194e99e7]]></ToUserName>
<FromUserName><![CDATA[okBFJ1nuad9bi8EqB19jzG7DmkUI]]></FromUserName>
<CreateTime>1506945636</CreateTime>
<MsgType><![CDATA[event]]></MsgType>
<Event><![CDATA[subscribe]]></Event>
<EventKey><![CDATA[]]></EventKey>
</xml>

2017-10-02 20:00:36 params :
------------
Array:
message : Array ;
module : basic ;
rule : 23 ;
priority : 0 ;
keyword : Array ;

2017-10-02 20:00:36 response :
------------
Array:
FromUserName : gh_60e7194e99e7 ;
ToUserName : okBFJ1nuad9bi8EqB19jzG7DmkUI ;
MsgType : text ;
Content : 感谢您关注珠玉私房烘焙。/呲牙我们秉承着“无添加，健康”的信念，将每一份甜美带给您。 ;

2017-10-02 20:01:23 trace :
------------
String:
<xml><ToUserName><![CDATA[gh_60e7194e99e7]]></ToUserName>
<FromUserName><![CDATA[okBFJ1nuad9bi8EqB19jzG7DmkUI]]></FromUserName>
<CreateTime>1506945683</CreateTime>
<MsgType><![CDATA[event]]></MsgType>
<Event><![CDATA[VIEW]]></Event>
<EventKey><![CDATA[http://zhuyu.baimuv.com/app/index.php?i=34&c=entry&do=shop&m=ewei_shop&wxref=mp.weixin.qq.com#wechat_redirect]]></EventKey>
<MenuId>441526356</MenuId>
</xml>

2017-10-02 20:01:23 params :
------------
Array:
message : Array ;
module : basic ;
rule : 24 ;
priority : 0 ;
keyword : Array ;

2017-10-02 20:01:23 response :
------------
Array:
FromUserName : gh_60e7194e99e7 ;
ToUserName : okBFJ1nuad9bi8EqB19jzG7DmkUI ;
MsgType : text ;
Content : 查看订购商品请点击下方立即订购/可爱 ;

2017-10-02 20:01:47 trace :
------------
String:
<xml><ToUserName><![CDATA[gh_60e7194e99e7]]></ToUserName>
<FromUserName><![CDATA[okBFJ1nuad9bi8EqB19jzG7DmkUI]]></FromUserName>
<CreateTime>1506945707</CreateTime>
<MsgType><![CDATA[event]]></MsgType>
<Event><![CDATA[CLICK]]></Event>
<EventKey><![CDATA[关于我们]]></EventKey>
</xml>

2017-10-02 20:01:47 params :
------------
Array:
message : Array ;
module : basic ;
rule : 22 ;
priority : 0 ;
keyword : Array ;

2017-10-02 20:01:47 response :
------------
Array:
FromUserName : gh_60e7194e99e7 ;
ToUserName : okBFJ1nuad9bi8EqB19jzG7DmkUI ;
MsgType : text ;
Content : 感谢您关注珠玉私房烘焙。/呲牙我们秉承着“无添加，健康”的信念，将每一份甜美带给您。 ;

2017-10-02 20:01:50 trace :
------------
String:
<xml><ToUserName><![CDATA[gh_60e7194e99e7]]></ToUserName>
<FromUserName><![CDATA[okBFJ1nuad9bi8EqB19jzG7DmkUI]]></FromUserName>
<CreateTime>1506945710</CreateTime>
<MsgType><![CDATA[event]]></MsgType>
<Event><![CDATA[VIEW]]></Event>
<EventKey><![CDATA[http://zhuyu.baimuv.com/app/index.php?i=34&c=entry&do=shop&m=ewei_shop&wxref=mp.weixin.qq.com#wechat_redirect]]></EventKey>
<MenuId>441526356</MenuId>
</xml>

2017-10-02 20:01:50 params :
------------
Array:
message : Array ;
module : basic ;
rule : 24 ;
priority : 0 ;
keyword : Array ;

2017-10-02 20:01:50 response :
------------
Array:
FromUserName : gh_60e7194e99e7 ;
ToUserName : okBFJ1nuad9bi8EqB19jzG7DmkUI ;
MsgType : text ;
Content : 查看订购商品请点击下方立即订购/可爱 ;

2017-10-02 20:02:30 trace :
------------
String:
<xml><ToUserName><![CDATA[gh_60e7194e99e7]]></ToUserName>
<FromUserName><![CDATA[okBFJ1nuad9bi8EqB19jzG7DmkUI]]></FromUserName>
<CreateTime>1506945750</CreateTime>
<MsgType><![CDATA[event]]></MsgType>
<Event><![CDATA[VIEW]]></Event>
<EventKey><![CDATA[http://zhuyu.baimuv.com/app/index.php?i=34&c=entry&do=shop&m=ewei_shop&wxref=mp.weixin.qq.com#wechat_redirect]]></EventKey>
<MenuId>441526356</MenuId>
</xml>

2017-10-02 20:02:30 params :
------------
Array:
message : Array ;
module : basic ;
rule : 24 ;
priority : 0 ;
keyword : Array ;

2017-10-02 20:02:30 response :
------------
Array:
FromUserName : gh_60e7194e99e7 ;
ToUserName : okBFJ1nuad9bi8EqB19jzG7DmkUI ;
MsgType : text ;
Content : 查看订购商品请点击下方立即订购/可爱 ;

2017-10-02 21:01:40 trace :
------------
String:
<xml><ToUserName><![CDATA[gh_60e7194e99e7]]></ToUserName>
<FromUserName><![CDATA[okBFJ1lXcnu1azw7W2J7OCAEeT1I]]></FromUserName>
<CreateTime>1506949300</CreateTime>
<MsgType><![CDATA[event]]></MsgType>
<Event><![CDATA[subscribe]]></Event>
<EventKey><![CDATA[]]></EventKey>
</xml>

2017-10-02 21:01:40 params :
------------
Array:
message : Array ;
module : basic ;
rule : 23 ;
priority : 0 ;
keyword : Array ;

2017-10-02 21:01:40 response :
------------
Array:
FromUserName : gh_60e7194e99e7 ;
ToUserName : okBFJ1lXcnu1azw7W2J7OCAEeT1I ;
MsgType : text ;
Content : 感谢您关注珠玉私房烘焙。/呲牙我们秉承着“无添加，健康”的信念，将每一份甜美带给您。 ;

2017-10-02 21:01:42 trace :
------------
String:
<xml><ToUserName><![CDATA[gh_60e7194e99e7]]></ToUserName>
<FromUserName><![CDATA[okBFJ1lXcnu1azw7W2J7OCAEeT1I]]></FromUserName>
<CreateTime>1506949302</CreateTime>
<MsgType><![CDATA[event]]></MsgType>
<Event><![CDATA[CLICK]]></Event>
<EventKey><![CDATA[关于我们]]></EventKey>
</xml>

2017-10-02 21:01:42 params :
------------
Array:
message : Array ;
module : basic ;
rule : 22 ;
priority : 0 ;
keyword : Array ;

2017-10-02 21:01:42 response :
------------
Array:
FromUserName : gh_60e7194e99e7 ;
ToUserName : okBFJ1lXcnu1azw7W2J7OCAEeT1I ;
MsgType : text ;
Content : 感谢您关注珠玉私房烘焙。/呲牙我们秉承着“无添加，健康”的信念，将每一份甜美带给您。 ;

2017-10-02 21:01:45 trace :
------------
String:
<xml><ToUserName><![CDATA[gh_60e7194e99e7]]></ToUserName>
<FromUserName><![CDATA[okBFJ1lXcnu1azw7W2J7OCAEeT1I]]></FromUserName>
<CreateTime>1506949305</CreateTime>
<MsgType><![CDATA[event]]></MsgType>
<Event><![CDATA[CLICK]]></Event>
<EventKey><![CDATA[关于我们]]></EventKey>
</xml>

2017-10-02 21:01:45 params :
------------
Array:
message : Array ;
module : basic ;
rule : 22 ;
priority : 0 ;
keyword : Array ;

2017-10-02 21:01:45 response :
------------
Array:
FromUserName : gh_60e7194e99e7 ;
ToUserName : okBFJ1lXcnu1azw7W2J7OCAEeT1I ;
MsgType : text ;
Content : 感谢您关注珠玉私房烘焙。/呲牙我们秉承着“无添加，健康”的信念，将每一份甜美带给您。 ;

2017-10-02 21:01:48 trace :
------------
String:
<xml><ToUserName><![CDATA[gh_60e7194e99e7]]></ToUserName>
<FromUserName><![CDATA[okBFJ1lXcnu1azw7W2J7OCAEeT1I]]></FromUserName>
<CreateTime>1506949308</CreateTime>
<MsgType><![CDATA[event]]></MsgType>
<Event><![CDATA[VIEW]]></Event>
<EventKey><![CDATA[http://zhuyu.baimuv.com/app/index.php?i=34&c=entry&do=shop&m=ewei_shop&wxref=mp.weixin.qq.com#wechat_redirect]]></EventKey>
<MenuId>441526356</MenuId>
</xml>

2017-10-02 21:01:48 params :
------------
Array:
message : Array ;
module : basic ;
rule : 24 ;
priority : 0 ;
keyword : Array ;

2017-10-02 21:01:48 response :
------------
Array:
FromUserName : gh_60e7194e99e7 ;
ToUserName : okBFJ1lXcnu1azw7W2J7OCAEeT1I ;
MsgType : text ;
Content : 查看订购商品请点击下方立即订购/可爱 ;

2017-10-02 21:02:30 trace :
------------
String:
<xml><ToUserName><![CDATA[gh_60e7194e99e7]]></ToUserName>
<FromUserName><![CDATA[okBFJ1lXcnu1azw7W2J7OCAEeT1I]]></FromUserName>
<CreateTime>1506949350</CreateTime>
<MsgType><![CDATA[event]]></MsgType>
<Event><![CDATA[VIEW]]></Event>
<EventKey><![CDATA[http://zhuyu.baimuv.com/app/index.php?i=34&c=entry&do=shop&m=ewei_shop&wxref=mp.weixin.qq.com#wechat_redirect]]></EventKey>
<MenuId>441526356</MenuId>
</xml>

2017-10-02 21:02:30 params :
------------
Array:
message : Array ;
module : basic ;
rule : 24 ;
priority : 0 ;
keyword : Array ;

2017-10-02 21:02:30 response :
------------
Array:
FromUserName : gh_60e7194e99e7 ;
ToUserName : okBFJ1lXcnu1azw7W2J7OCAEeT1I ;
MsgType : text ;
Content : 查看订购商品请点击下方立即订购/可爱 ;

2017-10-02 21:03:20 trace :
------------
String:
<xml><ToUserName><![CDATA[gh_60e7194e99e7]]></ToUserName>
<FromUserName><![CDATA[okBFJ1lXcnu1azw7W2J7OCAEeT1I]]></FromUserName>
<CreateTime>1506949400</CreateTime>
<MsgType><![CDATA[event]]></MsgType>
<Event><![CDATA[VIEW]]></Event>
<EventKey><![CDATA[http://zhuyu.baimuv.com/app/index.php?i=34&c=entry&do=shop&m=ewei_shop&wxref=mp.weixin.qq.com#wechat_redirect]]></EventKey>
<MenuId>441526356</MenuId>
</xml>

2017-10-02 21:03:20 params :
------------
Array:
message : Array ;
module : basic ;
rule : 24 ;
priority : 0 ;
keyword : Array ;

2017-10-02 21:03:20 response :
------------
Array:
FromUserName : gh_60e7194e99e7 ;
ToUserName : okBFJ1lXcnu1azw7W2J7OCAEeT1I ;
MsgType : text ;
Content : 查看订购商品请点击下方立即订购/可爱 ;

