2017-10-11 13:05:35 trace :
------------
String:
<xml><ToUserName><![CDATA[gh_60e7194e99e7]]></ToUserName>
<FromUserName><![CDATA[okBFJ1v0Dbvb42-pe_M08nDTEkqI]]></FromUserName>
<CreateTime>1507698335</CreateTime>
<MsgType><![CDATA[event]]></MsgType>
<Event><![CDATA[VIEW]]></Event>
<EventKey><![CDATA[http://zhuyu.baimuv.com/app/index.php?i=34&c=entry&do=shop&m=ewei_shop&wxref=mp.weixin.qq.com#wechat_redirect]]></EventKey>
<MenuId>441526356</MenuId>
</xml>

2017-10-11 13:05:35 params :
------------
Array:
message : Array ;
module : basic ;
rule : 24 ;
priority : 0 ;
keyword : Array ;

2017-10-11 13:05:35 response :
------------
Array:
FromUserName : gh_60e7194e99e7 ;
ToUserName : okBFJ1v0Dbvb42-pe_M08nDTEkqI ;
MsgType : text ;
Content : 查看订购商品请点击下方立即订购/可爱 ;

2017-10-11 13:06:40 trace :
------------
String:
<xml><ToUserName><![CDATA[gh_60e7194e99e7]]></ToUserName>
<FromUserName><![CDATA[okBFJ1v0Dbvb42-pe_M08nDTEkqI]]></FromUserName>
<CreateTime>1507698399</CreateTime>
<MsgType><![CDATA[event]]></MsgType>
<Event><![CDATA[VIEW]]></Event>
<EventKey><![CDATA[http://zhuyu.baimuv.com/app/index.php?i=34&c=entry&do=shop&m=ewei_shop&wxref=mp.weixin.qq.com#wechat_redirect]]></EventKey>
<MenuId>441526356</MenuId>
</xml>

2017-10-11 13:06:40 params :
------------
Array:
message : Array ;
module : basic ;
rule : 24 ;
priority : 0 ;
keyword : Array ;

2017-10-11 13:06:40 response :
------------
Array:
FromUserName : gh_60e7194e99e7 ;
ToUserName : okBFJ1v0Dbvb42-pe_M08nDTEkqI ;
MsgType : text ;
Content : 查看订购商品请点击下方立即订购/可爱 ;

2017-10-11 13:44:35 trace :
------------
String:
<xml><ToUserName><![CDATA[gh_60e7194e99e7]]></ToUserName>
<FromUserName><![CDATA[okBFJ1rFEf5StdXOh3dGqZv68Drw]]></FromUserName>
<CreateTime>1507700675</CreateTime>
<MsgType><![CDATA[event]]></MsgType>
<Event><![CDATA[subscribe]]></Event>
<EventKey><![CDATA[]]></EventKey>
</xml>

2017-10-11 13:44:35 params :
------------
Array:
message : Array ;
module : basic ;
rule : 23 ;
priority : 0 ;
keyword : Array ;

2017-10-11 13:44:35 response :
------------
Array:
FromUserName : gh_60e7194e99e7 ;
ToUserName : okBFJ1rFEf5StdXOh3dGqZv68Drw ;
MsgType : text ;
Content : 感谢您关注珠玉私房烘焙。/呲牙我们秉承着“无添加，健康”的信念，将每一份甜美带给您。 ;

2017-10-11 14:55:08 trace :
------------
String:
<xml><ToUserName><![CDATA[gh_60e7194e99e7]]></ToUserName>
<FromUserName><![CDATA[okBFJ1mWQD9b4Gdo1NzvlWfxwXnk]]></FromUserName>
<CreateTime>1507704908</CreateTime>
<MsgType><![CDATA[event]]></MsgType>
<Event><![CDATA[subscribe]]></Event>
<EventKey><![CDATA[]]></EventKey>
</xml>

2017-10-11 14:55:08 params :
------------
Array:
message : Array ;
module : basic ;
rule : 23 ;
priority : 0 ;
keyword : Array ;

2017-10-11 14:55:08 response :
------------
Array:
FromUserName : gh_60e7194e99e7 ;
ToUserName : okBFJ1mWQD9b4Gdo1NzvlWfxwXnk ;
MsgType : text ;
Content : 感谢您关注珠玉私房烘焙。/呲牙我们秉承着“无添加，健康”的信念，将每一份甜美带给您。 ;

2017-10-11 14:56:48 trace :
------------
String:
<xml><ToUserName><![CDATA[gh_60e7194e99e7]]></ToUserName>
<FromUserName><![CDATA[okBFJ1mWQD9b4Gdo1NzvlWfxwXnk]]></FromUserName>
<CreateTime>1507705008</CreateTime>
<MsgType><![CDATA[event]]></MsgType>
<Event><![CDATA[unsubscribe]]></Event>
<EventKey><![CDATA[]]></EventKey>
</xml>

2017-10-11 18:31:32 trace :
------------
String:
<xml><ToUserName><![CDATA[gh_60e7194e99e7]]></ToUserName>
<FromUserName><![CDATA[okBFJ1uM5nqZsqLdMrSwcK0iiK5k]]></FromUserName>
<CreateTime>1507717892</CreateTime>
<MsgType><![CDATA[event]]></MsgType>
<Event><![CDATA[subscribe]]></Event>
<EventKey><![CDATA[]]></EventKey>
</xml>

2017-10-11 18:31:32 params :
------------
Array:
message : Array ;
module : basic ;
rule : 23 ;
priority : 0 ;
keyword : Array ;

2017-10-11 18:31:32 response :
------------
Array:
FromUserName : gh_60e7194e99e7 ;
ToUserName : okBFJ1uM5nqZsqLdMrSwcK0iiK5k ;
MsgType : text ;
Content : 感谢您关注珠玉私房烘焙。/呲牙我们秉承着“无添加，健康”的信念，将每一份甜美带给您。 ;

2017-10-11 18:31:41 trace :
------------
String:
<xml><ToUserName><![CDATA[gh_60e7194e99e7]]></ToUserName>
<FromUserName><![CDATA[okBFJ1uM5nqZsqLdMrSwcK0iiK5k]]></FromUserName>
<CreateTime>1507717901</CreateTime>
<MsgType><![CDATA[event]]></MsgType>
<Event><![CDATA[VIEW]]></Event>
<EventKey><![CDATA[http://zhuyu.baimuv.com/app/index.php?i=34&c=entry&do=member&m=ewei_shop]]></EventKey>
<MenuId>441526356</MenuId>
</xml>

2017-10-11 18:31:41 params :
------------
Array:
message : Array ;
module : basic ;
rule : 24 ;
priority : 0 ;
keyword : Array ;

2017-10-11 18:31:41 response :
------------
Array:
FromUserName : gh_60e7194e99e7 ;
ToUserName : okBFJ1uM5nqZsqLdMrSwcK0iiK5k ;
MsgType : text ;
Content : 查看订购商品请点击下方立即订购/可爱 ;

2017-10-11 18:31:56 trace :
------------
String:
<xml><ToUserName><![CDATA[gh_60e7194e99e7]]></ToUserName>
<FromUserName><![CDATA[okBFJ1uM5nqZsqLdMrSwcK0iiK5k]]></FromUserName>
<CreateTime>1507717916</CreateTime>
<MsgType><![CDATA[event]]></MsgType>
<Event><![CDATA[CLICK]]></Event>
<EventKey><![CDATA[关于我们]]></EventKey>
</xml>

2017-10-11 18:31:56 params :
------------
Array:
message : Array ;
module : basic ;
rule : 22 ;
priority : 0 ;
keyword : Array ;

2017-10-11 18:31:56 response :
------------
Array:
FromUserName : gh_60e7194e99e7 ;
ToUserName : okBFJ1uM5nqZsqLdMrSwcK0iiK5k ;
MsgType : text ;
Content : 感谢您关注珠玉私房烘焙。/呲牙我们秉承着“无添加，健康”的信念，将每一份甜美带给您。 ;

2017-10-11 18:32:05 trace :
------------
String:
<xml><ToUserName><![CDATA[gh_60e7194e99e7]]></ToUserName>
<FromUserName><![CDATA[okBFJ1uM5nqZsqLdMrSwcK0iiK5k]]></FromUserName>
<CreateTime>1507717925</CreateTime>
<MsgType><![CDATA[event]]></MsgType>
<Event><![CDATA[VIEW]]></Event>
<EventKey><![CDATA[http://zhuyu.baimuv.com/app/index.php?i=34&c=entry&do=shop&m=ewei_shop&wxref=mp.weixin.qq.com#wechat_redirect]]></EventKey>
<MenuId>441526356</MenuId>
</xml>

2017-10-11 18:32:05 params :
------------
Array:
message : Array ;
module : basic ;
rule : 24 ;
priority : 0 ;
keyword : Array ;

2017-10-11 18:32:05 response :
------------
Array:
FromUserName : gh_60e7194e99e7 ;
ToUserName : okBFJ1uM5nqZsqLdMrSwcK0iiK5k ;
MsgType : text ;
Content : 查看订购商品请点击下方立即订购/可爱 ;

2017-10-11 18:32:23 trace :
------------
String:
<xml><ToUserName><![CDATA[gh_60e7194e99e7]]></ToUserName>
<FromUserName><![CDATA[okBFJ1uM5nqZsqLdMrSwcK0iiK5k]]></FromUserName>
<CreateTime>1507717943</CreateTime>
<MsgType><![CDATA[event]]></MsgType>
<Event><![CDATA[VIEW]]></Event>
<EventKey><![CDATA[http://zhuyu.baimuv.com/app/index.php?i=34&c=entry&do=member&m=ewei_shop]]></EventKey>
<MenuId>441526356</MenuId>
</xml>

2017-10-11 18:32:23 params :
------------
Array:
message : Array ;
module : basic ;
rule : 24 ;
priority : 0 ;
keyword : Array ;

2017-10-11 18:32:23 response :
------------
Array:
FromUserName : gh_60e7194e99e7 ;
ToUserName : okBFJ1uM5nqZsqLdMrSwcK0iiK5k ;
MsgType : text ;
Content : 查看订购商品请点击下方立即订购/可爱 ;

2017-10-11 18:33:16 trace :
------------
String:
<xml><ToUserName><![CDATA[gh_60e7194e99e7]]></ToUserName>
<FromUserName><![CDATA[okBFJ1uM5nqZsqLdMrSwcK0iiK5k]]></FromUserName>
<CreateTime>1507717996</CreateTime>
<MsgType><![CDATA[event]]></MsgType>
<Event><![CDATA[CLICK]]></Event>
<EventKey><![CDATA[关于我们]]></EventKey>
</xml>

2017-10-11 18:33:16 params :
------------
Array:
message : Array ;
module : basic ;
rule : 22 ;
priority : 0 ;
keyword : Array ;

2017-10-11 18:33:16 response :
------------
Array:
FromUserName : gh_60e7194e99e7 ;
ToUserName : okBFJ1uM5nqZsqLdMrSwcK0iiK5k ;
MsgType : text ;
Content : 感谢您关注珠玉私房烘焙。/呲牙我们秉承着“无添加，健康”的信念，将每一份甜美带给您。 ;

2017-10-11 18:33:23 trace :
------------
String:
<xml><ToUserName><![CDATA[gh_60e7194e99e7]]></ToUserName>
<FromUserName><![CDATA[okBFJ1uM5nqZsqLdMrSwcK0iiK5k]]></FromUserName>
<CreateTime>1507718002</CreateTime>
<MsgType><![CDATA[event]]></MsgType>
<Event><![CDATA[VIEW]]></Event>
<EventKey><![CDATA[http://zhuyu.baimuv.com/app/index.php?i=34&c=entry&do=member&m=ewei_shop]]></EventKey>
<MenuId>441526356</MenuId>
</xml>

2017-10-11 18:33:23 params :
------------
Array:
message : Array ;
module : basic ;
rule : 24 ;
priority : 0 ;
keyword : Array ;

2017-10-11 18:33:23 response :
------------
Array:
FromUserName : gh_60e7194e99e7 ;
ToUserName : okBFJ1uM5nqZsqLdMrSwcK0iiK5k ;
MsgType : text ;
Content : 查看订购商品请点击下方立即订购/可爱 ;

2017-10-11 18:34:54 trace :
------------
String:
<xml><ToUserName><![CDATA[gh_60e7194e99e7]]></ToUserName>
<FromUserName><![CDATA[okBFJ1uM5nqZsqLdMrSwcK0iiK5k]]></FromUserName>
<CreateTime>1507718094</CreateTime>
<MsgType><![CDATA[event]]></MsgType>
<Event><![CDATA[CLICK]]></Event>
<EventKey><![CDATA[关于我们]]></EventKey>
</xml>

2017-10-11 18:34:54 params :
------------
Array:
message : Array ;
module : basic ;
rule : 22 ;
priority : 0 ;
keyword : Array ;

2017-10-11 18:34:54 response :
------------
Array:
FromUserName : gh_60e7194e99e7 ;
ToUserName : okBFJ1uM5nqZsqLdMrSwcK0iiK5k ;
MsgType : text ;
Content : 感谢您关注珠玉私房烘焙。/呲牙我们秉承着“无添加，健康”的信念，将每一份甜美带给您。 ;

2017-10-11 18:35:01 trace :
------------
String:
<xml><ToUserName><![CDATA[gh_60e7194e99e7]]></ToUserName>
<FromUserName><![CDATA[okBFJ1uM5nqZsqLdMrSwcK0iiK5k]]></FromUserName>
<CreateTime>1507718101</CreateTime>
<MsgType><![CDATA[event]]></MsgType>
<Event><![CDATA[VIEW]]></Event>
<EventKey><![CDATA[http://zhuyu.baimuv.com/app/index.php?i=34&c=entry&do=member&m=ewei_shop]]></EventKey>
<MenuId>441526356</MenuId>
</xml>

2017-10-11 18:35:01 params :
------------
Array:
message : Array ;
module : basic ;
rule : 24 ;
priority : 0 ;
keyword : Array ;

2017-10-11 18:35:01 response :
------------
Array:
FromUserName : gh_60e7194e99e7 ;
ToUserName : okBFJ1uM5nqZsqLdMrSwcK0iiK5k ;
MsgType : text ;
Content : 查看订购商品请点击下方立即订购/可爱 ;

2017-10-11 18:35:33 trace :
------------
String:
<xml><ToUserName><![CDATA[gh_60e7194e99e7]]></ToUserName>
<FromUserName><![CDATA[okBFJ1uM5nqZsqLdMrSwcK0iiK5k]]></FromUserName>
<CreateTime>1507718133</CreateTime>
<MsgType><![CDATA[event]]></MsgType>
<Event><![CDATA[VIEW]]></Event>
<EventKey><![CDATA[http://zhuyu.baimuv.com/app/index.php?i=34&c=entry&do=member&m=ewei_shop]]></EventKey>
<MenuId>441526356</MenuId>
</xml>

2017-10-11 18:35:33 params :
------------
Array:
message : Array ;
module : basic ;
rule : 24 ;
priority : 0 ;
keyword : Array ;

2017-10-11 18:35:33 response :
------------
Array:
FromUserName : gh_60e7194e99e7 ;
ToUserName : okBFJ1uM5nqZsqLdMrSwcK0iiK5k ;
MsgType : text ;
Content : 查看订购商品请点击下方立即订购/可爱 ;

2017-10-11 18:35:42 trace :
------------
String:
<xml><ToUserName><![CDATA[gh_60e7194e99e7]]></ToUserName>
<FromUserName><![CDATA[okBFJ1uM5nqZsqLdMrSwcK0iiK5k]]></FromUserName>
<CreateTime>1507718142</CreateTime>
<MsgType><![CDATA[event]]></MsgType>
<Event><![CDATA[VIEW]]></Event>
<EventKey><![CDATA[http://zhuyu.baimuv.com/app/index.php?i=34&c=entry&do=shop&m=ewei_shop&wxref=mp.weixin.qq.com#wechat_redirect]]></EventKey>
<MenuId>441526356</MenuId>
</xml>

2017-10-11 18:35:42 params :
------------
Array:
message : Array ;
module : basic ;
rule : 24 ;
priority : 0 ;
keyword : Array ;

2017-10-11 18:35:42 response :
------------
Array:
FromUserName : gh_60e7194e99e7 ;
ToUserName : okBFJ1uM5nqZsqLdMrSwcK0iiK5k ;
MsgType : text ;
Content : 查看订购商品请点击下方立即订购/可爱 ;

2017-10-11 18:39:39 trace :
------------
String:
<xml><ToUserName><![CDATA[gh_60e7194e99e7]]></ToUserName>
<FromUserName><![CDATA[okBFJ1uM5nqZsqLdMrSwcK0iiK5k]]></FromUserName>
<CreateTime>1507718379</CreateTime>
<MsgType><![CDATA[event]]></MsgType>
<Event><![CDATA[VIEW]]></Event>
<EventKey><![CDATA[http://zhuyu.baimuv.com/app/index.php?i=34&c=entry&do=shop&m=ewei_shop&wxref=mp.weixin.qq.com#wechat_redirect]]></EventKey>
<MenuId>441526356</MenuId>
</xml>

2017-10-11 18:39:40 params :
------------
Array:
message : Array ;
module : basic ;
rule : 24 ;
priority : 0 ;
keyword : Array ;

2017-10-11 18:39:40 response :
------------
Array:
FromUserName : gh_60e7194e99e7 ;
ToUserName : okBFJ1uM5nqZsqLdMrSwcK0iiK5k ;
MsgType : text ;
Content : 查看订购商品请点击下方立即订购/可爱 ;

2017-10-11 18:40:09 trace :
------------
String:
<xml><ToUserName><![CDATA[gh_60e7194e99e7]]></ToUserName>
<FromUserName><![CDATA[okBFJ1uM5nqZsqLdMrSwcK0iiK5k]]></FromUserName>
<CreateTime>1507718409</CreateTime>
<MsgType><![CDATA[event]]></MsgType>
<Event><![CDATA[VIEW]]></Event>
<EventKey><![CDATA[http://zhuyu.baimuv.com/app/index.php?i=34&c=entry&do=shop&m=ewei_shop&wxref=mp.weixin.qq.com#wechat_redirect]]></EventKey>
<MenuId>441526356</MenuId>
</xml>

2017-10-11 18:40:09 params :
------------
Array:
message : Array ;
module : basic ;
rule : 24 ;
priority : 0 ;
keyword : Array ;

2017-10-11 18:40:09 response :
------------
Array:
FromUserName : gh_60e7194e99e7 ;
ToUserName : okBFJ1uM5nqZsqLdMrSwcK0iiK5k ;
MsgType : text ;
Content : 查看订购商品请点击下方立即订购/可爱 ;

2017-10-11 18:40:34 trace :
------------
String:
<xml><ToUserName><![CDATA[gh_60e7194e99e7]]></ToUserName>
<FromUserName><![CDATA[okBFJ1uM5nqZsqLdMrSwcK0iiK5k]]></FromUserName>
<CreateTime>1507718434</CreateTime>
<MsgType><![CDATA[event]]></MsgType>
<Event><![CDATA[VIEW]]></Event>
<EventKey><![CDATA[http://zhuyu.baimuv.com/app/index.php?i=34&c=entry&do=shop&m=ewei_shop&wxref=mp.weixin.qq.com#wechat_redirect]]></EventKey>
<MenuId>441526356</MenuId>
</xml>

2017-10-11 18:40:34 params :
------------
Array:
message : Array ;
module : basic ;
rule : 24 ;
priority : 0 ;
keyword : Array ;

2017-10-11 18:40:34 response :
------------
Array:
FromUserName : gh_60e7194e99e7 ;
ToUserName : okBFJ1uM5nqZsqLdMrSwcK0iiK5k ;
MsgType : text ;
Content : 查看订购商品请点击下方立即订购/可爱 ;

