2017-11-09 09:51:37 trace :
------------
String:
<xml><ToUserName><![CDATA[gh_60e7194e99e7]]></ToUserName>
<FromUserName><![CDATA[okBFJ1vFQSLcfCiBtG41Vwc7bR4s]]></FromUserName>
<CreateTime>1510192296</CreateTime>
<MsgType><![CDATA[event]]></MsgType>
<Event><![CDATA[VIEW]]></Event>
<EventKey><![CDATA[http://zhuyu.baimuv.com/app/index.php?i=34&c=entry&do=shop&m=ewei_shop&wxref=mp.weixin.qq.com#wechat_redirect]]></EventKey>
<MenuId>441526356</MenuId>
</xml>

2017-11-09 09:51:37 params :
------------
Array:
message : Array ;
module : basic ;
rule : 24 ;
priority : 0 ;
keyword : Array ;

2017-11-09 09:51:37 response :
------------
Array:
FromUserName : gh_60e7194e99e7 ;
ToUserName : okBFJ1vFQSLcfCiBtG41Vwc7bR4s ;
MsgType : text ;
Content : 查看订购商品请点击下方立即订购/可爱 ;

2017-11-09 09:52:47 trace :
------------
String:
<xml><ToUserName><![CDATA[gh_60e7194e99e7]]></ToUserName>
<FromUserName><![CDATA[okBFJ1vFQSLcfCiBtG41Vwc7bR4s]]></FromUserName>
<CreateTime>1510192367</CreateTime>
<MsgType><![CDATA[event]]></MsgType>
<Event><![CDATA[VIEW]]></Event>
<EventKey><![CDATA[http://zhuyu.baimuv.com/app/index.php?i=34&c=entry&do=shop&m=ewei_shop&wxref=mp.weixin.qq.com#wechat_redirect]]></EventKey>
<MenuId>441526356</MenuId>
</xml>

2017-11-09 09:52:47 params :
------------
Array:
message : Array ;
module : basic ;
rule : 24 ;
priority : 0 ;
keyword : Array ;

2017-11-09 09:52:47 response :
------------
Array:
FromUserName : gh_60e7194e99e7 ;
ToUserName : okBFJ1vFQSLcfCiBtG41Vwc7bR4s ;
MsgType : text ;
Content : 查看订购商品请点击下方立即订购/可爱 ;

2017-11-09 09:52:58 trace :
------------
String:
<xml><ToUserName><![CDATA[gh_60e7194e99e7]]></ToUserName>
<FromUserName><![CDATA[okBFJ1vFQSLcfCiBtG41Vwc7bR4s]]></FromUserName>
<CreateTime>1510192378</CreateTime>
<MsgType><![CDATA[event]]></MsgType>
<Event><![CDATA[VIEW]]></Event>
<EventKey><![CDATA[http://zhuyu.baimuv.com/app/index.php?i=34&c=entry&do=shop&m=ewei_shop&wxref=mp.weixin.qq.com#wechat_redirect]]></EventKey>
<MenuId>441526356</MenuId>
</xml>

2017-11-09 09:52:58 params :
------------
Array:
message : Array ;
module : basic ;
rule : 24 ;
priority : 0 ;
keyword : Array ;

2017-11-09 09:52:58 response :
------------
Array:
FromUserName : gh_60e7194e99e7 ;
ToUserName : okBFJ1vFQSLcfCiBtG41Vwc7bR4s ;
MsgType : text ;
Content : 查看订购商品请点击下方立即订购/可爱 ;

